2026-06-25 13:58:40,325 [INFO] setup plugin alembic.autogenerate.schemas
2026-06-25 13:58:40,326 [INFO] setup plugin alembic.autogenerate.tables
2026-06-25 13:58:40,326 [INFO] setup plugin alembic.autogenerate.types
2026-06-25 13:58:40,326 [INFO] setup plugin alembic.autogenerate.constraints
2026-06-25 13:58:40,326 [INFO] setup plugin alembic.autogenerate.defaults
2026-06-25 13:58:40,326 [INFO] setup plugin alembic.autogenerate.comments
2026-06-25 13:58:42,002 [INFO] ============================================================
2026-06-25 13:58:42,002 [INFO] MOSAIC-FL — BEHRT Pooled Baseline (Artefato de Pesquisa)
2026-06-25 13:58:42,002 [INFO] Autora: Jacqueline Abreu | ICMC/USP
2026-06-25 13:58:42,002 [INFO] AVISO: Este script não deve ser executado em produção.
2026-06-25 13:58:42,002 [INFO] ============================================================
2026-06-25 13:58:42,002 [INFO] [1/3] Carregando dados do banco (SequencePipeline)...
2026-06-25 13:58:42,002 [INFO] [db] Iniciando carregamento via SequencePipeline...
2026-06-25 13:58:42,002 [INFO] [pipeline] conectando ao banco: postgresql://mosaicfl:senhaForte@localhost:5432/mo...
2026-06-25 13:58:42,020 [INFO] [pipeline] conexão OK
2026-06-25 13:58:42,020 [INFO] [pipeline] executando query (max_seq_len=128 — pode levar alguns minutos)...
2026-06-25 13:59:03,408 [INFO] [pipeline] query concluída em 21.4s — 4,145,906 linhas
2026-06-25 13:59:03,577 [INFO] [pipeline/per_hospital] hospitais encontrados: ['BPSP', 'HSL']
2026-06-25 13:59:03,577 [INFO] [pipeline/per_hospital] construindo vocabulário global...
2026-06-25 13:59:04,685 [INFO] vocab_built mode=FULL tokens=645 total=648
2026-06-25 13:59:04,708 [INFO] [pipeline/per_hospital] vocabulário: 648 tokens em 1.1s
2026-06-25 13:59:05,784 [INFO] [pipeline/per_hospital] BPSP: construindo tensores (28,599 atendimentos)...
2026-06-25 13:59:07,715 [INFO] [pipeline] tensores: 2,859/28,599 (10%)
2026-06-25 13:59:07,938 [INFO] [pipeline] tensores: 5,718/28,599 (20%)
2026-06-25 13:59:08,162 [INFO] [pipeline] tensores: 8,577/28,599 (30%)
2026-06-25 13:59:08,386 [INFO] [pipeline] tensores: 11,436/28,599 (40%)
2026-06-25 13:59:08,609 [INFO] [pipeline] tensores: 14,295/28,599 (50%)
2026-06-25 13:59:08,833 [INFO] [pipeline] tensores: 17,154/28,599 (60%)
2026-06-25 13:59:09,057 [INFO] [pipeline] tensores: 20,013/28,599 (70%)
2026-06-25 13:59:09,282 [INFO] [pipeline] tensores: 22,872/28,599 (80%)
2026-06-25 13:59:09,507 [INFO] [pipeline] tensores: 25,731/28,599 (90%)
2026-06-25 13:59:09,731 [INFO] [pipeline] tensores: 28,590/28,599 (100%)
2026-06-25 13:59:09,895 [INFO] [pipeline/per_hospital] BPSP: 28,599 sequências em 4.1s | dist={0: 15892, 1: 318, 2: 120, 3: 9448, 4: 2821} | age_mean=0.51 sex_M=13664
2026-06-25 13:59:10,346 [INFO] [pipeline/per_hospital] HSL: construindo tensores (5,174 atendimentos)...
2026-06-25 13:59:10,699 [INFO] [pipeline] tensores: 517/5,174 (10%)
2026-06-25 13:59:10,740 [INFO] [pipeline] tensores: 1,034/5,174 (20%)
2026-06-25 13:59:10,781 [INFO] [pipeline] tensores: 1,551/5,174 (30%)
2026-06-25 13:59:10,823 [INFO] [pipeline] tensores: 2,068/5,174 (40%)
2026-06-25 13:59:10,864 [INFO] [pipeline] tensores: 2,585/5,174 (50%)
2026-06-25 13:59:10,905 [INFO] [pipeline] tensores: 3,102/5,174 (60%)
2026-06-25 13:59:10,946 [INFO] [pipeline] tensores: 3,619/5,174 (70%)
2026-06-25 13:59:10,988 [INFO] [pipeline] tensores: 4,136/5,174 (80%)
2026-06-25 13:59:11,029 [INFO] [pipeline] tensores: 4,653/5,174 (90%)
2026-06-25 13:59:11,071 [INFO] [pipeline] tensores: 5,170/5,174 (100%)
2026-06-25 13:59:11,102 [INFO] [pipeline/per_hospital] HSL: 5,174 sequências em 0.8s | dist={0: 67, 1: 45, 2: 3182, 3: 1280, 4: 600} | age_mean=0.52 sex_M=2859
2026-06-25 13:59:11,102 [INFO] [pipeline/per_hospital] concluído em 29.1s total
2026-06-25 13:59:11,311 [INFO] [db] Hospital BPSP → cliente 0: 20019 treino | 2859 val | 2859 cal | age_mean=0.51 sex_M=9591
2026-06-25 13:59:11,312 [INFO] [db] Hospital HSL → cliente 1: 3621 treino | 517 val | 517 cal | age_mean=0.52 sex_M=1981
2026-06-25 13:59:11,312 [INFO] [db] Teste global: 3381 amostras | Cal global: 3376 amostras | 2 clientes FL
2026-06-25 13:59:11,315 [INFO] [2/3] BEHRT pooled baseline (pool BPSP+HSL)...
2026-06-25 13:59:11,317 [INFO] ============================================================
2026-06-25 13:59:11,317 [INFO] POOLED BASELINE — SimplifiedBEHRT (artefato de pesquisa)
2026-06-25 13:59:11,317 [INFO]   Este experimento NUNCA deve rodar em produção.
2026-06-25 13:59:11,317 [INFO]   Épocas: 40 (= NUM_ROUNDS × LOCAL_EPOCHS) | seed: 42
2026-06-25 13:59:11,317 [INFO]   Fonte demográficos: dados reais FAPESP
2026-06-25 13:59:11,317 [INFO] ============================================================
2026-06-25 13:59:11,456 [INFO]   Pool total: 23640 amostras (BPSP + HSL combinados)
2026-06-25 13:59:11,456 [INFO] 
[Pooled] Treinando behrt_pooled_A_sem_demo (demo_dim=0)...
2026-06-25 14:08:00,249 [INFO]     época 8/40 loss=1.0109
2026-06-25 14:15:58,006 [INFO]     época 16/40 loss=0.9998
2026-06-25 14:23:03,090 [INFO]     época 24/40 loss=0.9687
2026-06-25 14:30:14,753 [INFO]     época 32/40 loss=0.9569
2026-06-25 14:37:00,357 [INFO]     época 40/40 loss=0.9334
2026-06-25 14:37:01,493 [WARNING] evaluate() falhou para behrt_pooled_A_sem_demo: 'EvaluationReport' object has no attribute 'per_class_f1'
2026-06-25 14:37:01,493 [INFO]   behrt_pooled_A_sem_demo: Acc=n/a | F1=n/a
2026-06-25 14:37:01,493 [INFO] 
[Pooled] Treinando behrt_pooled_B_late_fusion (demo_dim=2)...
2026-06-25 14:45:27,361 [INFO]     época 8/40 loss=1.0157
