2026-06-26 19:23:02,380 [INFO] ============================================================
2026-06-26 19:23:02,381 [INFO] MOSAIC-FL — Re-calibração do melhor checkpoint
2026-06-26 19:23:02,381 [INFO] Autora: Jacqueline Abreu | ICMC/USP
2026-06-26 19:23:02,381 [INFO] ============================================================
2026-06-26 19:23:02,381 [INFO] [1/4] Carregando dados do banco...
2026-06-26 19:23:02,381 [INFO] [db] Iniciando carregamento via SequencePipeline...
2026-06-26 19:23:02,436 [INFO] [pipeline] conectando ao banco: postgresql://mosaicfl:senhaForte@localhost:5432/mo...
2026-06-26 19:23:02,465 [INFO] [pipeline] conexão OK
2026-06-26 19:23:02,466 [INFO] [pipeline] executando query (max_seq_len=128 — pode levar alguns minutos)...
2026-06-26 19:23:23,949 [INFO] [pipeline] query concluída em 21.5s — 4,145,906 linhas
2026-06-26 19:23:24,114 [INFO] [pipeline/per_hospital] hospitais encontrados: ['BPSP', 'HSL']
2026-06-26 19:23:24,114 [INFO] [pipeline/per_hospital] construindo vocabulário global...
2026-06-26 19:23:25,221 [INFO] vocab_built mode=FULL tokens=646 total=649
2026-06-26 19:23:25,243 [INFO] [pipeline/per_hospital] vocabulário: 649 tokens em 1.1s
2026-06-26 19:23:26,314 [INFO] [pipeline/per_hospital] BPSP: construindo tensores (28,599 atendimentos)...
2026-06-26 19:23:28,220 [INFO] [pipeline] tensores: 2,859/28,599 (10%)
2026-06-26 19:23:28,466 [INFO] [pipeline] tensores: 5,718/28,599 (20%)
2026-06-26 19:23:28,749 [INFO] [pipeline] tensores: 8,577/28,599 (30%)
2026-06-26 19:23:28,994 [INFO] [pipeline] tensores: 11,436/28,599 (40%)
2026-06-26 19:23:29,288 [INFO] [pipeline] tensores: 14,295/28,599 (50%)
2026-06-26 19:23:29,581 [INFO] [pipeline] tensores: 17,154/28,599 (60%)
2026-06-26 19:23:29,834 [INFO] [pipeline] tensores: 20,013/28,599 (70%)
2026-06-26 19:23:30,135 [INFO] [pipeline] tensores: 22,872/28,599 (80%)
2026-06-26 19:23:30,381 [INFO] [pipeline] tensores: 25,731/28,599 (90%)
2026-06-26 19:23:30,679 [INFO] [pipeline] tensores: 28,590/28,599 (100%)
2026-06-26 19:23:30,986 [INFO] [pipeline/per_hospital] BPSP: 28,599 sequências em 4.7s | dist={0: 15892, 1: 318, 2: 120, 3: 9448, 4: 2821} | age_mean=0.51 sex_M=13664
2026-06-26 19:23:31,436 [INFO] [pipeline/per_hospital] HSL: construindo tensores (5,174 atendimentos)...
2026-06-26 19:23:31,791 [INFO] [pipeline] tensores: 517/5,174 (10%)
2026-06-26 19:23:31,835 [INFO] [pipeline] tensores: 1,034/5,174 (20%)
2026-06-26 19:23:31,880 [INFO] [pipeline] tensores: 1,551/5,174 (30%)
2026-06-26 19:23:31,925 [INFO] [pipeline] tensores: 2,068/5,174 (40%)
2026-06-26 19:23:31,972 [INFO] [pipeline] tensores: 2,585/5,174 (50%)
2026-06-26 19:23:32,017 [INFO] [pipeline] tensores: 3,102/5,174 (60%)
2026-06-26 19:23:32,062 [INFO] [pipeline] tensores: 3,619/5,174 (70%)
2026-06-26 19:23:32,107 [INFO] [pipeline] tensores: 4,136/5,174 (80%)
2026-06-26 19:23:32,152 [INFO] [pipeline] tensores: 4,653/5,174 (90%)
2026-06-26 19:23:32,236 [INFO] [pipeline] tensores: 5,170/5,174 (100%)
2026-06-26 19:23:32,291 [INFO] [pipeline/per_hospital] HSL: 5,174 sequências em 0.9s | dist={0: 67, 1: 45, 2: 3182, 3: 1280, 4: 600} | age_mean=0.52 sex_M=2859
2026-06-26 19:23:32,291 [INFO] [pipeline/per_hospital] concluído em 29.9s total
2026-06-26 19:23:32,504 [INFO] [db] Hospital BPSP → cliente 0: 20019 treino | 2859 val | 2859 cal | age_mean=0.51 sex_M=9591
2026-06-26 19:23:32,505 [INFO] [db] Hospital HSL → cliente 1: 3621 treino | 517 val | 517 cal | age_mean=0.52 sex_M=1981
2026-06-26 19:23:32,505 [INFO] [db] Teste global: 3381 amostras | Cal global: 3376 amostras | 2 clientes FL
2026-06-26 19:23:32,511 [INFO] Dados carregados — test=3381 | cal=3376 amostras
2026-06-26 19:23:32,511 [INFO] [2/4] Carregando melhor checkpoint do banco (load_best)...
2026-06-26 19:23:32,525 [INFO] postgres_checkpoint_store_ready
2026-06-26 19:23:32,546 [INFO] checkpoint_best_loaded_postgres round=91 accuracy=0.6661
2026-06-26 19:23:32,554 [INFO] Checkpoint carregado — round=91 | model_version=b13e9e8ad4a5
2026-06-26 19:23:32,554 [INFO] [3/4] Avaliação pré-calibração...
2026-06-26 19:23:34,367 [INFO] Pré-calibração — Acc=0.6661 ECE=0.0859 AUC=0.8097 F1=0.4823
2026-06-26 19:23:34,367 [INFO] [4/4] Calibração de temperatura (código corrigido — log-space)...
2026-06-26 19:23:36,189 [INFO] temperature_scaling_fit T=1.0849
2026-06-26 19:23:36,189 [INFO] T=1.0849 (positivo garantido por parametrização em log-space)
2026-06-26 19:23:37,550 [INFO] Pós-calibração  — Acc=0.6661 ECE=0.1066 AUC=0.8091 F1=0.4823
2026-06-26 19:23:37,551 [INFO] Relatório salvo: experiments/logs/recalibrate_20260626_192337.json
2026-06-26 19:23:37,551 [INFO] RECALIBRACAO_COMPLETA T=1.0849 ECE_pre=0.0859 ECE_pos=0.1066
