2026-06-25 12:48:34,365 [INFO] setup plugin alembic.autogenerate.schemas
2026-06-25 12:48:34,365 [INFO] setup plugin alembic.autogenerate.tables
2026-06-25 12:48:34,365 [INFO] setup plugin alembic.autogenerate.types
2026-06-25 12:48:34,365 [INFO] setup plugin alembic.autogenerate.constraints
2026-06-25 12:48:34,365 [INFO] setup plugin alembic.autogenerate.defaults
2026-06-25 12:48:34,366 [INFO] setup plugin alembic.autogenerate.comments
2026-06-25 12:48:36,091 [INFO] ============================================================
2026-06-25 12:48:36,091 [INFO] MOSAIC-FL — Treinamento Federado com Dados Reais FAPESP
2026-06-25 12:48:36,091 [INFO] Autora: Jacqueline Abreu | ICMC/USP
2026-06-25 12:48:36,091 [INFO] ============================================================
2026-06-25 12:48:36,091 [INFO] Ambiente: production | Log: experiments/logs/run_complete_20260625_124833.log
2026-06-25 12:48:36,108 [INFO] postgres_metrics_store_ready
2026-06-25 12:48:36,108 [INFO] [1/5] Carregando dados do banco (SequencePipeline)...
2026-06-25 12:48:36,108 [INFO] [db] Iniciando carregamento via SequencePipeline...
2026-06-25 12:48:36,108 [INFO] [pipeline] conectando ao banco: postgresql://mosaicfl:senhaForte@localhost:5432/mo...
2026-06-25 12:48:36,117 [INFO] [pipeline] conexão OK
2026-06-25 12:48:36,117 [INFO] [pipeline] executando query (max_seq_len=128 — pode levar alguns minutos)...
2026-06-25 12:48:57,418 [INFO] [pipeline] query concluída em 21.3s — 4,145,906 linhas
2026-06-25 12:48:57,589 [INFO] [pipeline/per_hospital] hospitais encontrados: ['BPSP', 'HSL']
2026-06-25 12:48:57,589 [INFO] [pipeline/per_hospital] construindo vocabulário global...
2026-06-25 12:48:58,696 [INFO] vocab_built mode=FULL tokens=645 total=648
2026-06-25 12:48:58,722 [INFO] [pipeline/per_hospital] vocabulário: 648 tokens em 1.1s
2026-06-25 12:48:59,797 [INFO] [pipeline/per_hospital] BPSP: construindo tensores (28,599 atendimentos)...
2026-06-25 12:49:01,697 [INFO] [pipeline] tensores: 2,859/28,599 (10%)
2026-06-25 12:49:01,925 [INFO] [pipeline] tensores: 5,718/28,599 (20%)
2026-06-25 12:49:02,153 [INFO] [pipeline] tensores: 8,577/28,599 (30%)
2026-06-25 12:49:02,380 [INFO] [pipeline] tensores: 11,436/28,599 (40%)
2026-06-25 12:49:02,604 [INFO] [pipeline] tensores: 14,295/28,599 (50%)
2026-06-25 12:49:02,851 [INFO] [pipeline] tensores: 17,154/28,599 (60%)
2026-06-25 12:49:03,076 [INFO] [pipeline] tensores: 20,013/28,599 (70%)
2026-06-25 12:49:03,302 [INFO] [pipeline] tensores: 22,872/28,599 (80%)
2026-06-25 12:49:03,529 [INFO] [pipeline] tensores: 25,731/28,599 (90%)
2026-06-25 12:49:03,755 [INFO] [pipeline] tensores: 28,590/28,599 (100%)
2026-06-25 12:49:03,919 [INFO] [pipeline/per_hospital] BPSP: 28,599 sequências em 4.1s | dist={0: 15892, 1: 318, 2: 120, 3: 9448, 4: 2821} | age_mean=0.51 sex_M=13664
2026-06-25 12:49:04,369 [INFO] [pipeline/per_hospital] HSL: construindo tensores (5,174 atendimentos)...
2026-06-25 12:49:04,720 [INFO] [pipeline] tensores: 517/5,174 (10%)
2026-06-25 12:49:04,762 [INFO] [pipeline] tensores: 1,034/5,174 (20%)
2026-06-25 12:49:04,804 [INFO] [pipeline] tensores: 1,551/5,174 (30%)
2026-06-25 12:49:04,844 [INFO] [pipeline] tensores: 2,068/5,174 (40%)
2026-06-25 12:49:04,886 [INFO] [pipeline] tensores: 2,585/5,174 (50%)
2026-06-25 12:49:04,927 [INFO] [pipeline] tensores: 3,102/5,174 (60%)
2026-06-25 12:49:04,969 [INFO] [pipeline] tensores: 3,619/5,174 (70%)
2026-06-25 12:49:05,010 [INFO] [pipeline] tensores: 4,136/5,174 (80%)
2026-06-25 12:49:05,052 [INFO] [pipeline] tensores: 4,653/5,174 (90%)
2026-06-25 12:49:05,092 [INFO] [pipeline] tensores: 5,170/5,174 (100%)
2026-06-25 12:49:05,122 [INFO] [pipeline/per_hospital] HSL: 5,174 sequências em 0.8s | dist={0: 67, 1: 45, 2: 3182, 3: 1280, 4: 600} | age_mean=0.52 sex_M=2859
2026-06-25 12:49:05,123 [INFO] [pipeline/per_hospital] concluído em 29.0s total
2026-06-25 12:49:05,333 [INFO] [db] Hospital BPSP → cliente 0: 20019 treino | 2859 val | 2859 cal | age_mean=0.51 sex_M=9591
2026-06-25 12:49:05,333 [INFO] [db] Hospital HSL → cliente 1: 3621 treino | 517 val | 517 cal | age_mean=0.52 sex_M=1981
2026-06-25 12:49:05,334 [INFO] [db] Teste global: 3381 amostras | Cal global: 3376 amostras | 2 clientes FL
2026-06-25 12:49:05,337 [INFO] [2/5] Aprendizado Federado...
2026-06-25 12:49:05,337 [INFO] Modo manual ativado (USE_RAY=False). Ray NÃO é necessário.
2026-06-25 12:49:05,337 [INFO] ============================================================
2026-06-25 12:49:05,337 [INFO] APRENDIZADO FEDERADO — SIMULAÇÃO MANUAL (SEM RAY)
2026-06-25 12:49:05,337 [INFO] ============================================================
2026-06-25 12:49:05,337 [INFO] Clientes: 2 | Rodadas: até 20
2026-06-25 12:49:05,341 [INFO] 
============================================================
2026-06-25 12:49:05,341 [INFO] RODADA 1/20
2026-06-25 12:49:05,341 [INFO] ============================================================
2026-06-25 12:49:05,341 [INFO]   [Cliente 0] Treinando...
2026-06-25 12:49:05,398 [INFO] class_weights client_id=0 weights=[0.36, 17.484, 47.104, 0.607, 2.007] counts={3: 6599, 0: 11111, 4: 1995, 1: 229, 2: 85}
2026-06-25 12:51:10,195 [INFO]   [Cliente 0] Loss: 1.4490 | Amostras: 20019
2026-06-25 12:51:10,195 [INFO]   [Cliente 1] Treinando...
2026-06-25 12:51:10,212 [INFO] class_weights client_id=1 weights=[15.743, 25.864, 0.324, 0.813, 1.724] counts={2: 2236, 3: 891, 4: 420, 0: 46, 1: 28}
2026-06-25 12:51:33,338 [INFO]   [Cliente 1] Loss: 1.4110 | Amostras: 3621
2026-06-25 12:51:33,338 [INFO]   [Servidor] Agregando pesos de 2 clientes...
2026-06-25 12:51:34,563 [INFO]   [Servidor] Rodada 1 em 149.22s | Loss: 1.2557 | Acc: 0.5528
2026-06-25 12:51:34,563 [INFO] 
============================================================
2026-06-25 12:51:34,563 [INFO] RODADA 2/20
2026-06-25 12:51:34,563 [INFO] ============================================================
2026-06-25 12:51:34,563 [INFO]   [Cliente 0] Treinando...
2026-06-25 12:51:34,617 [INFO] class_weights client_id=0 weights=[0.36, 17.484, 47.104, 0.607, 2.007] counts={0: 11111, 3: 6599, 4: 1995, 1: 229, 2: 85}
2026-06-25 12:53:31,512 [INFO]   [Cliente 0] Loss: 1.3724 | Amostras: 20019
2026-06-25 12:53:31,512 [INFO]   [Cliente 1] Treinando...
2026-06-25 12:53:31,525 [INFO] class_weights client_id=1 weights=[15.743, 25.864, 0.324, 0.813, 1.724] counts={3: 891, 2: 2236, 0: 46, 4: 420, 1: 28}
2026-06-25 12:53:50,982 [INFO]   [Cliente 1] Loss: 1.3798 | Amostras: 3621
2026-06-25 12:53:50,982 [INFO]   [Servidor] Agregando pesos de 2 clientes...
2026-06-25 12:53:52,383 [INFO]   [Servidor] Rodada 2 em 137.82s | Loss: 1.2849 | Acc: 0.5191
2026-06-25 12:53:52,383 [INFO] 
============================================================
2026-06-25 12:53:52,383 [INFO] RODADA 3/20
2026-06-25 12:53:52,383 [INFO] ============================================================
2026-06-25 12:53:52,383 [INFO]   [Cliente 0] Treinando...
2026-06-25 12:53:52,440 [INFO] class_weights client_id=0 weights=[0.36, 17.484, 47.104, 0.607, 2.007] counts={4: 1995, 0: 11111, 3: 6599, 2: 85, 1: 229}
2026-06-25 12:55:38,881 [INFO]   [Cliente 0] Loss: 1.3475 | Amostras: 20019
2026-06-25 12:55:38,881 [INFO]   [Cliente 1] Treinando...
2026-06-25 12:55:38,930 [INFO] class_weights client_id=1 weights=[15.743, 25.864, 0.324, 0.813, 1.724] counts={3: 891, 2: 2236, 4: 420, 1: 28, 0: 46}
2026-06-25 12:55:57,941 [INFO]   [Cliente 1] Loss: 1.3529 | Amostras: 3621
2026-06-25 12:55:57,941 [INFO]   [Servidor] Agregando pesos de 2 clientes...
2026-06-25 12:55:59,348 [INFO]   [Servidor] Rodada 3 em 126.97s | Loss: 1.1842 | Acc: 0.5859
2026-06-25 12:55:59,348 [INFO] 
============================================================
2026-06-25 12:55:59,348 [INFO] RODADA 4/20
2026-06-25 12:55:59,348 [INFO] ============================================================
2026-06-25 12:55:59,348 [INFO]   [Cliente 0] Treinando...
2026-06-25 12:55:59,402 [INFO] class_weights client_id=0 weights=[0.36, 17.484, 47.104, 0.607, 2.007] counts={3: 6599, 0: 11111, 4: 1995, 1: 229, 2: 85}
2026-06-25 12:57:45,013 [INFO]   [Cliente 0] Loss: 1.3344 | Amostras: 20019
2026-06-25 12:57:45,013 [INFO]   [Cliente 1] Treinando...
2026-06-25 12:57:45,026 [INFO] class_weights client_id=1 weights=[15.743, 25.864, 0.324, 0.813, 1.724] counts={2: 2236, 3: 891, 4: 420, 0: 46, 1: 28}
2026-06-25 12:58:10,046 [INFO]   [Cliente 1] Loss: 1.3715 | Amostras: 3621
2026-06-25 12:58:10,046 [INFO]   [Servidor] Agregando pesos de 2 clientes...
2026-06-25 12:58:11,559 [INFO]   [Servidor] Rodada 4 em 132.21s | Loss: 1.1688 | Acc: 0.5078
2026-06-25 12:58:11,559 [INFO] 
============================================================
2026-06-25 12:58:11,559 [INFO] RODADA 5/20
2026-06-25 12:58:11,559 [INFO] ============================================================
2026-06-25 12:58:11,559 [INFO]   [Cliente 0] Treinando...
2026-06-25 12:58:11,631 [INFO] class_weights client_id=0 weights=[0.36, 17.484, 47.104, 0.607, 2.007] counts={1: 229, 0: 11111, 3: 6599, 4: 1995, 2: 85}
2026-06-25 13:00:02,549 [INFO]   [Cliente 0] Loss: 1.3214 | Amostras: 20019
2026-06-25 13:00:02,549 [INFO]   [Cliente 1] Treinando...
2026-06-25 13:00:02,561 [INFO] class_weights client_id=1 weights=[15.743, 25.864, 0.324, 0.813, 1.724] counts={3: 891, 2: 2236, 0: 46, 4: 420, 1: 28}
2026-06-25 13:00:23,169 [INFO]   [Cliente 1] Loss: 1.3579 | Amostras: 3621
2026-06-25 13:00:23,169 [INFO]   [Servidor] Agregando pesos de 2 clientes...
2026-06-25 13:00:24,552 [INFO]   [Servidor] Rodada 5 em 132.99s | Loss: 1.2472 | Acc: 0.5309
2026-06-25 13:00:24,552 [INFO] 
============================================================
2026-06-25 13:00:24,552 [INFO] RODADA 6/20
2026-06-25 13:00:24,552 [INFO] ============================================================
2026-06-25 13:00:24,552 [INFO]   [Cliente 0] Treinando...
2026-06-25 13:00:24,611 [INFO] class_weights client_id=0 weights=[0.36, 17.484, 47.104, 0.607, 2.007] counts={0: 11111, 3: 6599, 4: 1995, 1: 229, 2: 85}
2026-06-25 13:02:21,962 [INFO]   [Cliente 0] Loss: 1.3104 | Amostras: 20019
2026-06-25 13:02:21,962 [INFO]   [Cliente 1] Treinando...
2026-06-25 13:02:21,994 [INFO] class_weights client_id=1 weights=[15.743, 25.864, 0.324, 0.813, 1.724] counts={4: 420, 2: 2236, 3: 891, 0: 46, 1: 28}
2026-06-25 13:02:43,668 [INFO]   [Cliente 1] Loss: 1.3461 | Amostras: 3621
2026-06-25 13:02:43,668 [INFO]   [Servidor] Agregando pesos de 2 clientes...
2026-06-25 13:02:45,069 [INFO]   [Servidor] Rodada 6 em 140.52s | Loss: 1.1896 | Acc: 0.5694
2026-06-25 13:02:45,069 [INFO] 
============================================================
2026-06-25 13:02:45,069 [INFO] RODADA 7/20
2026-06-25 13:02:45,069 [INFO] ============================================================
2026-06-25 13:02:45,069 [INFO]   [Cliente 0] Treinando...
2026-06-25 13:02:45,122 [INFO] class_weights client_id=0 weights=[0.36, 17.484, 47.104, 0.607, 2.007] counts={3: 6599, 0: 11111, 4: 1995, 1: 229, 2: 85}
2026-06-25 13:04:52,897 [INFO]   [Cliente 0] Loss: 1.2914 | Amostras: 20019
2026-06-25 13:04:52,898 [INFO]   [Cliente 1] Treinando...
2026-06-25 13:04:52,919 [INFO] class_weights client_id=1 weights=[15.743, 25.864, 0.324, 0.813, 1.724] counts={2: 2236, 4: 420, 3: 891, 0: 46, 1: 28}
2026-06-25 13:05:11,395 [INFO]   [Cliente 1] Loss: 1.3435 | Amostras: 3621
2026-06-25 13:05:11,395 [INFO]   [Servidor] Agregando pesos de 2 clientes...
2026-06-25 13:05:12,798 [INFO]   [Servidor] Rodada 7 em 147.73s | Loss: 1.1619 | Acc: 0.5401
2026-06-25 13:05:12,798 [INFO] 
============================================================
2026-06-25 13:05:12,798 [INFO] RODADA 8/20
2026-06-25 13:05:12,798 [INFO] ============================================================
2026-06-25 13:05:12,798 [INFO]   [Cliente 0] Treinando...
2026-06-25 13:05:12,854 [INFO] class_weights client_id=0 weights=[0.36, 17.484, 47.104, 0.607, 2.007] counts={3: 6599, 0: 11111, 4: 1995, 1: 229, 2: 85}
2026-06-25 13:07:18,382 [INFO]   [Cliente 0] Loss: 1.2932 | Amostras: 20019
2026-06-25 13:07:18,382 [INFO]   [Cliente 1] Treinando...
2026-06-25 13:07:18,394 [INFO] class_weights client_id=1 weights=[15.743, 25.864, 0.324, 0.813, 1.724] counts={2: 2236, 4: 420, 3: 891, 0: 46, 1: 28}
2026-06-25 13:07:36,410 [INFO]   [Cliente 1] Loss: 1.3450 | Amostras: 3621
2026-06-25 13:07:36,410 [INFO]   [Servidor] Agregando pesos de 2 clientes...
2026-06-25 13:07:37,750 [INFO]   [Servidor] Rodada 8 em 144.95s | Loss: 1.1984 | Acc: 0.5191
2026-06-25 13:07:37,750 [INFO] 
============================================================
2026-06-25 13:07:37,750 [INFO] RODADA 9/20
2026-06-25 13:07:37,750 [INFO] ============================================================
2026-06-25 13:07:37,750 [INFO]   [Cliente 0] Treinando...
2026-06-25 13:07:37,813 [INFO] class_weights client_id=0 weights=[0.36, 17.484, 47.104, 0.607, 2.007] counts={0: 11111, 3: 6599, 4: 1995, 1: 229, 2: 85}
2026-06-25 13:09:43,434 [INFO]   [Cliente 0] Loss: 1.2818 | Amostras: 20019
2026-06-25 13:09:43,434 [INFO]   [Cliente 1] Treinando...
2026-06-25 13:09:43,456 [INFO] class_weights client_id=1 weights=[15.743, 25.864, 0.324, 0.813, 1.724] counts={2: 2236, 0: 46, 3: 891, 4: 420, 1: 28}
2026-06-25 13:10:05,622 [INFO]   [Cliente 1] Loss: 1.3536 | Amostras: 3621
2026-06-25 13:10:05,622 [INFO]   [Servidor] Agregando pesos de 2 clientes...
2026-06-25 13:10:06,982 [INFO]   [Servidor] Rodada 9 em 149.23s | Loss: 1.1601 | Acc: 0.5407
2026-06-25 13:10:06,982 [INFO] 
============================================================
2026-06-25 13:10:06,982 [INFO] RODADA 10/20
2026-06-25 13:10:06,982 [INFO] ============================================================
2026-06-25 13:10:06,982 [INFO]   [Cliente 0] Treinando...
2026-06-25 13:10:07,035 [INFO] class_weights client_id=0 weights=[0.36, 17.484, 47.104, 0.607, 2.007] counts={0: 11111, 3: 6599, 4: 1995, 1: 229, 2: 85}
2026-06-25 13:12:21,042 [INFO]   [Cliente 0] Loss: 1.2907 | Amostras: 20019
2026-06-25 13:12:21,042 [INFO]   [Cliente 1] Treinando...
2026-06-25 13:12:21,053 [INFO] class_weights client_id=1 weights=[15.743, 25.864, 0.324, 0.813, 1.724] counts={2: 2236, 3: 891, 4: 420, 0: 46, 1: 28}
2026-06-25 13:12:39,993 [INFO]   [Cliente 1] Loss: 1.3488 | Amostras: 3621
2026-06-25 13:12:39,993 [INFO]   [Servidor] Agregando pesos de 2 clientes...
2026-06-25 13:12:41,330 [INFO]   [Servidor] Rodada 10 em 154.35s | Loss: 1.1541 | Acc: 0.5306
2026-06-25 13:12:41,330 [INFO] 
============================================================
2026-06-25 13:12:41,330 [INFO] RODADA 11/20
2026-06-25 13:12:41,330 [INFO] ============================================================
2026-06-25 13:12:41,330 [INFO]   [Cliente 0] Treinando...
2026-06-25 13:12:41,385 [INFO] class_weights client_id=0 weights=[0.36, 17.484, 47.104, 0.607, 2.007] counts={0: 11111, 4: 1995, 3: 6599, 1: 229, 2: 85}
2026-06-25 13:14:53,908 [INFO]   [Cliente 0] Loss: 1.2791 | Amostras: 20019
2026-06-25 13:14:53,908 [INFO]   [Cliente 1] Treinando...
2026-06-25 13:14:53,921 [INFO] class_weights client_id=1 weights=[15.743, 25.864, 0.324, 0.813, 1.724] counts={3: 891, 2: 2236, 1: 28, 0: 46, 4: 420}
2026-06-25 13:15:13,029 [INFO]   [Cliente 1] Loss: 1.3408 | Amostras: 3621
2026-06-25 13:15:13,029 [INFO]   [Servidor] Agregando pesos de 2 clientes...
2026-06-25 13:15:14,357 [INFO]   [Servidor] Rodada 11 em 153.03s | Loss: 1.1309 | Acc: 0.5155
2026-06-25 13:15:14,357 [INFO] 
============================================================
2026-06-25 13:15:14,357 [INFO] RODADA 12/20
2026-06-25 13:15:14,357 [INFO] ============================================================
2026-06-25 13:15:14,358 [INFO]   [Cliente 0] Treinando...
2026-06-25 13:15:14,415 [INFO] class_weights client_id=0 weights=[0.36, 17.484, 47.104, 0.607, 2.007] counts={0: 11111, 3: 6599, 4: 1995, 1: 229, 2: 85}
2026-06-25 13:17:30,747 [INFO]   [Cliente 0] Loss: 1.2786 | Amostras: 20019
2026-06-25 13:17:30,747 [INFO]   [Cliente 1] Treinando...
2026-06-25 13:17:30,761 [INFO] class_weights client_id=1 weights=[15.743, 25.864, 0.324, 0.813, 1.724] counts={2: 2236, 3: 891, 4: 420, 0: 46, 1: 28}
2026-06-25 13:17:52,661 [INFO]   [Cliente 1] Loss: 1.3392 | Amostras: 3621
2026-06-25 13:17:52,661 [INFO]   [Servidor] Agregando pesos de 2 clientes...
2026-06-25 13:17:53,957 [INFO]   [Servidor] Rodada 12 em 159.60s | Loss: 1.1510 | Acc: 0.4987
2026-06-25 13:17:53,957 [INFO] 
============================================================
2026-06-25 13:17:53,957 [INFO] RODADA 13/20
2026-06-25 13:17:53,957 [INFO] ============================================================
2026-06-25 13:17:53,957 [INFO]   [Cliente 0] Treinando...
2026-06-25 13:17:54,027 [INFO] class_weights client_id=0 weights=[0.36, 17.484, 47.104, 0.607, 2.007] counts={4: 1995, 0: 11111, 3: 6599, 1: 229, 2: 85}
2026-06-25 13:20:08,853 [INFO]   [Cliente 0] Loss: 1.2835 | Amostras: 20019
2026-06-25 13:20:08,853 [INFO]   [Cliente 1] Treinando...
2026-06-25 13:20:08,874 [INFO] class_weights client_id=1 weights=[15.743, 25.864, 0.324, 0.813, 1.724] counts={2: 2236, 3: 891, 4: 420, 0: 46, 1: 28}
2026-06-25 13:20:30,165 [INFO]   [Cliente 1] Loss: 1.3637 | Amostras: 3621
2026-06-25 13:20:30,165 [INFO]   [Servidor] Agregando pesos de 2 clientes...
2026-06-25 13:20:31,467 [INFO]   [Servidor] Rodada 13 em 157.51s | Loss: 1.2048 | Acc: 0.5368
2026-06-25 13:20:31,467 [INFO] 
============================================================
2026-06-25 13:20:31,467 [INFO] RODADA 14/20
2026-06-25 13:20:31,467 [INFO] ============================================================
2026-06-25 13:20:31,467 [INFO]   [Cliente 0] Treinando...
2026-06-25 13:20:31,544 [INFO] class_weights client_id=0 weights=[0.36, 17.484, 47.104, 0.607, 2.007] counts={0: 11111, 3: 6599, 4: 1995, 1: 229, 2: 85}
2026-06-25 13:22:26,544 [INFO]   [Cliente 0] Loss: 1.2797 | Amostras: 20019
2026-06-25 13:22:26,544 [INFO]   [Cliente 1] Treinando...
2026-06-25 13:22:26,566 [INFO] class_weights client_id=1 weights=[15.743, 25.864, 0.324, 0.813, 1.724] counts={3: 891, 2: 2236, 4: 420, 1: 28, 0: 46}
2026-06-25 13:22:48,511 [INFO]   [Cliente 1] Loss: 1.3614 | Amostras: 3621
2026-06-25 13:22:48,511 [INFO]   [Servidor] Agregando pesos de 2 clientes...
2026-06-25 13:22:49,881 [INFO]   [Servidor] Rodada 14 em 138.41s | Loss: 1.1191 | Acc: 0.5268
2026-06-25 13:22:49,881 [INFO] 
============================================================
2026-06-25 13:22:49,881 [INFO] RODADA 15/20
2026-06-25 13:22:49,881 [INFO] ============================================================
2026-06-25 13:22:49,881 [INFO]   [Cliente 0] Treinando...
2026-06-25 13:22:49,957 [INFO] class_weights client_id=0 weights=[0.36, 17.484, 47.104, 0.607, 2.007] counts={3: 6599, 0: 11111, 1: 229, 4: 1995, 2: 85}
2026-06-25 13:24:32,576 [INFO]   [Cliente 0] Loss: 1.2581 | Amostras: 20019
2026-06-25 13:24:32,576 [INFO]   [Cliente 1] Treinando...
2026-06-25 13:24:32,588 [INFO] class_weights client_id=1 weights=[15.743, 25.864, 0.324, 0.813, 1.724] counts={3: 891, 2: 2236, 4: 420, 0: 46, 1: 28}
2026-06-25 13:24:51,589 [INFO]   [Cliente 1] Loss: 1.3289 | Amostras: 3621
2026-06-25 13:24:51,589 [INFO]   [Servidor] Agregando pesos de 2 clientes...
2026-06-25 13:24:52,859 [INFO]   [Servidor] Rodada 15 em 122.98s | Loss: 1.1197 | Acc: 0.5448
2026-06-25 13:24:52,859 [INFO] 
============================================================
2026-06-25 13:24:52,859 [INFO] RODADA 16/20
2026-06-25 13:24:52,859 [INFO] ============================================================
2026-06-25 13:24:52,859 [INFO]   [Cliente 0] Treinando...
2026-06-25 13:24:52,915 [INFO] class_weights client_id=0 weights=[0.36, 17.484, 47.104, 0.607, 2.007] counts={3: 6599, 0: 11111, 1: 229, 4: 1995, 2: 85}
2026-06-25 13:27:05,223 [INFO]   [Cliente 0] Loss: 1.2669 | Amostras: 20019
2026-06-25 13:27:05,223 [INFO]   [Cliente 1] Treinando...
2026-06-25 13:27:05,236 [INFO] class_weights client_id=1 weights=[15.743, 25.864, 0.324, 0.813, 1.724] counts={2: 2236, 3: 891, 4: 420, 0: 46, 1: 28}
2026-06-25 13:27:24,729 [INFO]   [Cliente 1] Loss: 1.3296 | Amostras: 3621
2026-06-25 13:27:24,729 [INFO]   [Servidor] Agregando pesos de 2 clientes...
2026-06-25 13:27:26,072 [INFO]   [Servidor] Rodada 16 em 153.21s | Loss: 1.1095 | Acc: 0.5241
2026-06-25 13:27:26,072 [INFO] 
============================================================
2026-06-25 13:27:26,072 [INFO] RODADA 17/20
2026-06-25 13:27:26,072 [INFO] ============================================================
2026-06-25 13:27:26,072 [INFO]   [Cliente 0] Treinando...
2026-06-25 13:27:26,138 [INFO] class_weights client_id=0 weights=[0.36, 17.484, 47.104, 0.607, 2.007] counts={0: 11111, 3: 6599, 4: 1995, 1: 229, 2: 85}
2026-06-25 13:29:17,509 [INFO]   [Cliente 0] Loss: 1.2562 | Amostras: 20019
2026-06-25 13:29:17,509 [INFO]   [Cliente 1] Treinando...
2026-06-25 13:29:17,521 [INFO] class_weights client_id=1 weights=[15.743, 25.864, 0.324, 0.813, 1.724] counts={2: 2236, 4: 420, 3: 891, 1: 28, 0: 46}
2026-06-25 13:29:36,959 [INFO]   [Cliente 1] Loss: 1.3432 | Amostras: 3621
2026-06-25 13:29:36,960 [INFO]   [Servidor] Agregando pesos de 2 clientes...
2026-06-25 13:29:38,214 [INFO]   [Servidor] Rodada 17 em 132.14s | Loss: 1.1791 | Acc: 0.5102
2026-06-25 13:29:38,214 [INFO] 
============================================================
2026-06-25 13:29:38,214 [INFO] RODADA 18/20
2026-06-25 13:29:38,214 [INFO] ============================================================
2026-06-25 13:29:38,214 [INFO]   [Cliente 0] Treinando...
2026-06-25 13:29:38,267 [INFO] class_weights client_id=0 weights=[0.36, 17.484, 47.104, 0.607, 2.007] counts={0: 11111, 4: 1995, 1: 229, 3: 6599, 2: 85}
2026-06-25 13:31:25,630 [INFO]   [Cliente 0] Loss: 1.2544 | Amostras: 20019
2026-06-25 13:31:25,630 [INFO]   [Cliente 1] Treinando...
2026-06-25 13:31:25,642 [INFO] class_weights client_id=1 weights=[15.743, 25.864, 0.324, 0.813, 1.724] counts={3: 891, 4: 420, 2: 2236, 1: 28, 0: 46}
2026-06-25 13:31:44,367 [INFO]   [Cliente 1] Loss: 1.3311 | Amostras: 3621
2026-06-25 13:31:44,367 [INFO]   [Servidor] Agregando pesos de 2 clientes...
2026-06-25 13:31:45,602 [INFO]   [Servidor] Rodada 18 em 127.39s | Loss: 1.1687 | Acc: 0.5099
2026-06-25 13:31:45,602 [INFO]   [Convergência] Δ=0.00030 < 0.005 (1/3)
2026-06-25 13:31:45,602 [INFO] 
============================================================
2026-06-25 13:31:45,602 [INFO] RODADA 19/20
2026-06-25 13:31:45,602 [INFO] ============================================================
2026-06-25 13:31:45,602 [INFO]   [Cliente 0] Treinando...
2026-06-25 13:31:45,658 [INFO] class_weights client_id=0 weights=[0.36, 17.484, 47.104, 0.607, 2.007] counts={4: 1995, 3: 6599, 0: 11111, 1: 229, 2: 85}
2026-06-25 13:33:37,706 [INFO]   [Cliente 0] Loss: 1.2540 | Amostras: 20019
2026-06-25 13:33:37,706 [INFO]   [Cliente 1] Treinando...
2026-06-25 13:33:37,718 [INFO] class_weights client_id=1 weights=[15.743, 25.864, 0.324, 0.813, 1.724] counts={2: 2236, 3: 891, 4: 420, 0: 46, 1: 28}
2026-06-25 13:33:56,373 [INFO]   [Cliente 1] Loss: 1.3310 | Amostras: 3621
2026-06-25 13:33:56,373 [INFO]   [Servidor] Agregando pesos de 2 clientes...
2026-06-25 13:33:57,596 [INFO]   [Servidor] Rodada 19 em 131.99s | Loss: 1.1213 | Acc: 0.5250
2026-06-25 13:33:57,596 [INFO] 
============================================================
2026-06-25 13:33:57,596 [INFO] RODADA 20/20
2026-06-25 13:33:57,596 [INFO] ============================================================
2026-06-25 13:33:57,596 [INFO]   [Cliente 0] Treinando...
2026-06-25 13:33:57,650 [INFO] class_weights client_id=0 weights=[0.36, 17.484, 47.104, 0.607, 2.007] counts={0: 11111, 3: 6599, 4: 1995, 1: 229, 2: 85}
2026-06-25 13:35:44,766 [INFO]   [Cliente 0] Loss: 1.2554 | Amostras: 20019
2026-06-25 13:35:44,766 [INFO]   [Cliente 1] Treinando...
2026-06-25 13:35:44,778 [INFO] class_weights client_id=1 weights=[15.743, 25.864, 0.324, 0.813, 1.724] counts={2: 2236, 3: 891, 4: 420, 1: 28, 0: 46}
2026-06-25 13:36:03,131 [INFO]   [Cliente 1] Loss: 1.3199 | Amostras: 3621
2026-06-25 13:36:03,132 [INFO]   [Servidor] Agregando pesos de 2 clientes...
2026-06-25 13:36:04,349 [INFO]   [Servidor] Rodada 20 em 126.75s | Loss: 1.1603 | Acc: 0.5475
2026-06-25 13:36:04,349 [INFO] 
============================================================
2026-06-25 13:36:04,349 [INFO] SIMULAÇÃO CONCLUÍDA
2026-06-25 13:36:04,349 [INFO] ============================================================
2026-06-25 13:36:04,349 [INFO]   Rodadas:      20
2026-06-25 13:36:04,349 [INFO]   Convergência: Não
2026-06-25 13:36:04,349 [INFO]   Acurácia:     0.5475
2026-06-25 13:36:04,349 [INFO]   Loss:         1.1603
2026-06-25 13:36:04,349 [INFO]   Tráfego:      217.17 MB
2026-06-25 13:36:04,349 [INFO]   Tempo total:  2819.01s (46.98 min)
2026-06-25 13:36:04,349 [INFO] ============================================================
2026-06-25 13:36:04,349 [INFO] FL_TRAINING_COMPLETE rounds=20 converged=False accuracy=0.5475 loss=1.1603 duration_s=2819.0 traffic_mb=217.17
2026-06-25 13:36:04,349 [INFO] Histórico salvo: experiments/data/history_20260625_133604.json
2026-06-25 13:36:05,590 [INFO] Avaliação pré-calibração — ECE=0.0410 AUC=0.7616 F1=0.3661
2026-06-25 13:36:06,812 [INFO] temperature_scaling_fit T=1.2523
2026-06-25 13:36:06,812 [INFO] Calibração concluída — T=1.2523 (cal_set=3376 amostras)
2026-06-25 13:36:08,047 [INFO] Avaliação pós-calibração  — ECE=0.0871 AUC=0.7611 F1=0.3661
2026-06-25 13:36:08,048 [INFO] Relatório de avaliação salvo: experiments/logs/evaluation_round_20.json
2026-06-25 13:36:08,055 [INFO] postgres_checkpoint_store_ready
2026-06-25 13:36:08,101 [INFO] checkpoint_saved_postgres round=20 accuracy=0.5475 T=1.2523 vocab_size=648 sha256=37ebe47ebc60
2026-06-25 13:36:08,101 [INFO] Checkpoint salvo no store (PostgreSQLCheckpointStore, vocab_size=648, T=1.2523)
2026-06-25 13:36:08,104 [INFO] metrics_saved round=20 acc=0.5475 auc=n/a ece=n/a rag_p@k=n/a source=fapesp
2026-06-25 13:36:08,104 [INFO] [3/5] Pipeline RAG...
2026-06-25 13:36:08,104 [INFO] ============================================================
2026-06-25 13:36:08,104 [INFO] PIPELINE RAG
2026-06-25 13:36:08,104 [INFO] ============================================================
2026-06-25 13:36:08,113 [INFO] Desfechos presentes no test_loader: [0, 1, 2, 3, 4]
2026-06-25 13:36:15,061 [INFO] Padrões extraídos: 228 perfis
2026-06-25 13:36:15,062 [INFO] No device provided, using cpu
2026-06-25 13:36:15,393 [INFO] HTTP Request: HEAD https://huggingface.co/sentence-transformers/all-MiniLM-L6-v2/resolve/main/modules.json "HTTP/1.1 307 Temporary Redirect"
2026-06-25 13:36:15,394 [WARNING] Warning: You are sending unauthenticated requests to the HF Hub. Please set a HF_TOKEN to enable higher rate limits and faster downloads.
2026-06-25 13:36:15,423 [INFO] HTTP Request: HEAD https://huggingface.co/api/resolve-cache/models/sentence-transformers/all-MiniLM-L6-v2/1110a243fdf4706b3f48f1d95db1a4f5529b4d41/modules.json "HTTP/1.1 200 OK"
2026-06-25 13:36:15,571 [INFO] HTTP Request: HEAD https://huggingface.co/sentence-transformers/all-MiniLM-L6-v2/resolve/main/config_sentence_transformers.json "HTTP/1.1 307 Temporary Redirect"
2026-06-25 13:36:15,599 [INFO] HTTP Request: HEAD https://huggingface.co/api/resolve-cache/models/sentence-transformers/all-MiniLM-L6-v2/1110a243fdf4706b3f48f1d95db1a4f5529b4d41/config_sentence_transformers.json "HTTP/1.1 200 OK"
2026-06-25 13:36:15,600 [INFO] Loading SentenceTransformer model from sentence-transformers/all-MiniLM-L6-v2.
2026-06-25 13:36:15,755 [INFO] HTTP Request: HEAD https://huggingface.co/sentence-transformers/all-MiniLM-L6-v2/resolve/main/config_sentence_transformers.json "HTTP/1.1 307 Temporary Redirect"
2026-06-25 13:36:15,780 [INFO] HTTP Request: HEAD https://huggingface.co/api/resolve-cache/models/sentence-transformers/all-MiniLM-L6-v2/1110a243fdf4706b3f48f1d95db1a4f5529b4d41/config_sentence_transformers.json "HTTP/1.1 200 OK"
2026-06-25 13:36:15,932 [INFO] HTTP Request: HEAD https://huggingface.co/sentence-transformers/all-MiniLM-L6-v2/resolve/main/README.md "HTTP/1.1 307 Temporary Redirect"
2026-06-25 13:36:15,959 [INFO] HTTP Request: HEAD https://huggingface.co/api/resolve-cache/models/sentence-transformers/all-MiniLM-L6-v2/1110a243fdf4706b3f48f1d95db1a4f5529b4d41/README.md "HTTP/1.1 200 OK"
2026-06-25 13:36:16,112 [INFO] HTTP Request: HEAD https://huggingface.co/sentence-transformers/all-MiniLM-L6-v2/resolve/main/modules.json "HTTP/1.1 307 Temporary Redirect"
2026-06-25 13:36:16,135 [INFO] HTTP Request: HEAD https://huggingface.co/api/resolve-cache/models/sentence-transformers/all-MiniLM-L6-v2/1110a243fdf4706b3f48f1d95db1a4f5529b4d41/modules.json "HTTP/1.1 200 OK"
2026-06-25 13:36:16,289 [INFO] HTTP Request: HEAD https://huggingface.co/sentence-transformers/all-MiniLM-L6-v2/resolve/main/sentence_bert_config.json "HTTP/1.1 307 Temporary Redirect"
2026-06-25 13:36:16,316 [INFO] HTTP Request: HEAD https://huggingface.co/api/resolve-cache/models/sentence-transformers/all-MiniLM-L6-v2/1110a243fdf4706b3f48f1d95db1a4f5529b4d41/sentence_bert_config.json "HTTP/1.1 200 OK"
2026-06-25 13:36:16,471 [INFO] HTTP Request: HEAD https://huggingface.co/sentence-transformers/all-MiniLM-L6-v2/resolve/main/adapter_config.json "HTTP/1.1 404 Not Found"
2026-06-25 13:36:16,737 [INFO] HTTP Request: HEAD https://huggingface.co/sentence-transformers/all-MiniLM-L6-v2/resolve/main/config.json "HTTP/1.1 307 Temporary Redirect"
2026-06-25 13:36:16,765 [INFO] HTTP Request: HEAD https://huggingface.co/api/resolve-cache/models/sentence-transformers/all-MiniLM-L6-v2/1110a243fdf4706b3f48f1d95db1a4f5529b4d41/config.json "HTTP/1.1 200 OK"
2026-06-25 13:36:17,013 [INFO] HTTP Request: HEAD https://huggingface.co/sentence-transformers/all-MiniLM-L6-v2/resolve/main/processor_config.json "HTTP/1.1 404 Not Found"
2026-06-25 13:36:17,242 [INFO] HTTP Request: HEAD https://huggingface.co/sentence-transformers/all-MiniLM-L6-v2/resolve/main/preprocessor_config.json "HTTP/1.1 404 Not Found"
2026-06-25 13:36:17,447 [INFO] HTTP Request: HEAD https://huggingface.co/sentence-transformers/all-MiniLM-L6-v2/resolve/main/video_preprocessor_config.json "HTTP/1.1 404 Not Found"
2026-06-25 13:36:17,653 [INFO] HTTP Request: HEAD https://huggingface.co/sentence-transformers/all-MiniLM-L6-v2/resolve/main/preprocessor_config.json "HTTP/1.1 404 Not Found"
2026-06-25 13:36:17,859 [INFO] HTTP Request: HEAD https://huggingface.co/sentence-transformers/all-MiniLM-L6-v2/resolve/main/tokenizer_config.json "HTTP/1.1 307 Temporary Redirect"
2026-06-25 13:36:17,887 [INFO] HTTP Request: HEAD https://huggingface.co/api/resolve-cache/models/sentence-transformers/all-MiniLM-L6-v2/1110a243fdf4706b3f48f1d95db1a4f5529b4d41/tokenizer_config.json "HTTP/1.1 200 OK"
2026-06-25 13:36:18,040 [INFO] HTTP Request: HEAD https://huggingface.co/sentence-transformers/all-MiniLM-L6-v2/resolve/main/config.json "HTTP/1.1 307 Temporary Redirect"
2026-06-25 13:36:18,065 [INFO] HTTP Request: HEAD https://huggingface.co/api/resolve-cache/models/sentence-transformers/all-MiniLM-L6-v2/1110a243fdf4706b3f48f1d95db1a4f5529b4d41/config.json "HTTP/1.1 200 OK"
2026-06-25 13:36:18,222 [INFO] HTTP Request: HEAD https://huggingface.co/sentence-transformers/all-MiniLM-L6-v2/resolve/main/config.json "HTTP/1.1 307 Temporary Redirect"
2026-06-25 13:36:18,249 [INFO] HTTP Request: HEAD https://huggingface.co/api/resolve-cache/models/sentence-transformers/all-MiniLM-L6-v2/1110a243fdf4706b3f48f1d95db1a4f5529b4d41/config.json "HTTP/1.1 200 OK"
2026-06-25 13:36:18,411 [INFO] HTTP Request: HEAD https://huggingface.co/sentence-transformers/all-MiniLM-L6-v2/resolve/main/tokenizer_config.json "HTTP/1.1 307 Temporary Redirect"
2026-06-25 13:36:18,437 [INFO] HTTP Request: HEAD https://huggingface.co/api/resolve-cache/models/sentence-transformers/all-MiniLM-L6-v2/1110a243fdf4706b3f48f1d95db1a4f5529b4d41/tokenizer_config.json "HTTP/1.1 200 OK"
2026-06-25 13:36:18,600 [INFO] HTTP Request: GET https://huggingface.co/api/models/sentence-transformers/all-MiniLM-L6-v2/tree/main/additional_chat_templates?recursive=false&expand=false "HTTP/1.1 404 Not Found"
2026-06-25 13:36:18,781 [INFO] HTTP Request: GET https://huggingface.co/api/models/sentence-transformers/all-MiniLM-L6-v2/tree/main?recursive=true&expand=false "HTTP/1.1 200 OK"
2026-06-25 13:36:19,097 [INFO] HTTP Request: HEAD https://huggingface.co/sentence-transformers/all-MiniLM-L6-v2/resolve/main/1_Pooling/config.json "HTTP/1.1 307 Temporary Redirect"
2026-06-25 13:36:19,124 [INFO] HTTP Request: HEAD https://huggingface.co/api/resolve-cache/models/sentence-transformers/all-MiniLM-L6-v2/1110a243fdf4706b3f48f1d95db1a4f5529b4d41/1_Pooling%2Fconfig.json "HTTP/1.1 200 OK"
2026-06-25 13:36:19,280 [INFO] HTTP Request: GET https://huggingface.co/api/models/sentence-transformers/all-MiniLM-L6-v2 "HTTP/1.1 200 OK"
2026-06-25 13:36:19,495 [INFO] HTTP Request: HEAD https://huggingface.co/distilgpt2/resolve/main/config.json "HTTP/1.1 200 OK"
2026-06-25 13:36:19,702 [INFO] HTTP Request: HEAD https://huggingface.co/distilgpt2/resolve/main/tokenizer_config.json "HTTP/1.1 200 OK"
2026-06-25 13:36:19,906 [INFO] HTTP Request: GET https://huggingface.co/api/models/distilgpt2/tree/main/additional_chat_templates?recursive=false&expand=false "HTTP/1.1 307 Temporary Redirect"
2026-06-25 13:36:20,110 [INFO] HTTP Request: GET https://huggingface.co/api/models/distilbert/distilgpt2/tree/main/additional_chat_templates?recursive=false&expand=false "HTTP/1.1 404 Not Found"
2026-06-25 13:36:20,314 [INFO] HTTP Request: GET https://huggingface.co/api/models/distilgpt2/tree/main?recursive=true&expand=false "HTTP/1.1 307 Temporary Redirect"
2026-06-25 13:36:20,520 [INFO] HTTP Request: GET https://huggingface.co/api/models/distilbert/distilgpt2/tree/main?recursive=true&expand=false "HTTP/1.1 200 OK"
2026-06-25 13:36:20,829 [INFO] HTTP Request: HEAD https://huggingface.co/distilgpt2/resolve/main/config.json "HTTP/1.1 200 OK"
2026-06-25 13:36:21,137 [INFO] HTTP Request: HEAD https://huggingface.co/distilgpt2/resolve/main/generation_config.json "HTTP/1.1 200 OK"
2026-06-25 13:36:23,145 [INFO] Avaliando Precision@k da recuperação...
2026-06-25 13:37:01,949 [INFO] RAG Precision@3 (recuperação): 0.1329
2026-06-25 13:37:01,949 [INFO]   curado_pronto: 0.0210
2026-06-25 13:37:01,949 [INFO]   curado_internado: 0.0119
2026-06-25 13:37:01,949 [INFO]   melhora_pronto: 0.5556
2026-06-25 13:37:01,949 [INFO]   melhora_internado_breve: 0.0900
2026-06-25 13:37:01,949 [INFO]   melhora_internado_grave: 0.4142
2026-06-25 13:37:02,782 [INFO] Justificativa — confiável: True | alucinação: False
2026-06-25 13:37:02,825 [INFO] metrics_saved round=20 acc=0.0000 auc=n/a ece=n/a rag_p@k=0.1329 source=fapesp
2026-06-25 13:37:02,826 [INFO] [4/5] Baseline Random Forest...
2026-06-25 13:37:02,874 [INFO] ============================================================
2026-06-25 13:37:02,874 [INFO] BASELINE — Random Forest (Bag-of-Tokens)
2026-06-25 13:37:02,874 [INFO] ============================================================
2026-06-25 13:37:02,874 [INFO]   vocab_size: 10000 | classes: ['curado_pronto', 'curado_internado', 'melhora_pronto', 'melhora_internado_breve', 'melhora_internado_grave']
2026-06-25 13:37:02,970 [INFO]   Teste: 3381 amostras | distribuição: {'curado_pronto': 1620, 'curado_internado': 28, 'melhora_pronto': 321, 'melhora_internado_breve': 1074, 'melhora_internado_grave': 338}
2026-06-25 13:37:02,970 [INFO] 
[Opção A] RF Centralizado — pool de todos os clientes
2026-06-25 13:37:03,558 [INFO]   Cliente 0: 20019 amostras
2026-06-25 13:37:03,659 [INFO]   Cliente 1: 3621 amostras
2026-06-25 13:37:03,820 [INFO]   Pool total: 23640 amostras
2026-06-25 13:37:14,663 [INFO]   Resultado → Acc=0.6779  AUC=0.7909  F1=0.5031  ECE=0.0571
2026-06-25 13:37:14,663 [INFO] 
[Opção B] RF por Hospital — modelo independente por cliente
2026-06-25 13:37:22,964 [INFO]   Hospital 0: Acc=0.5909  AUC=0.7396  F1=0.3304  (treino=20019, classes_locais=5)
2026-06-25 13:37:23,947 [INFO]   Hospital 1: Acc=0.2467  AUC=0.6728  F1=0.1868  (treino=3621, classes_locais=5)
2026-06-25 13:37:23,947 [INFO] 
============================================================
2026-06-25 13:37:23,947 [INFO] TABELA COMPARATIVA — Baseline vs. BEHRT (FL)
2026-06-25 13:37:23,947 [INFO] ============================================================
2026-06-25 13:37:23,947 [INFO] Modelo                                     Accuracy  AUC-ROC F1 Macro     ECE
2026-06-25 13:37:23,947 [INFO] ----------------------------------------------------------------------------
2026-06-25 13:37:23,947 [INFO] RF Centralizado (BoT)                        0.6779   0.7909   0.5031   0.0571
2026-06-25 13:37:23,947 [INFO]   RF Hospital 0 (BoT)                        0.5909   0.7396   0.3304   0.0584
2026-06-25 13:37:23,947 [INFO]   RF Hospital 1 (BoT)                        0.2467   0.6728   0.1868   0.2416
2026-06-25 13:37:23,947 [INFO] ----------------------------------------------------------------------------
2026-06-25 13:37:23,947 [INFO] SimplifiedBEHRT (FL) — ver evaluation_round_*.json
2026-06-25 13:37:23,947 [INFO] ============================================================
2026-06-25 13:37:23,953 [INFO] Baseline salvo: experiments/data/baseline_rf_20260625_133723.json
2026-06-25 13:37:23,984 [INFO] metrics_saved round=0 acc=0.6779 auc=0.7909 ece=0.0571 rag_p@k=n/a source=fapesp_baseline_rf
2026-06-25 13:37:23,984 [INFO] [5/5] Ablation study — late fusion demográfica...
2026-06-25 13:37:23,984 [INFO] ============================================================
2026-06-25 13:37:23,984 [INFO] ABLATION — Late Fusion Demográfica
2026-06-25 13:37:23,984 [INFO]   Fonte dos demográficos: dados reais (FAPESP)
2026-06-25 13:37:23,984 [INFO]   ablation_A_sem_demo:    SimplifiedBEHRT sem demográficos (demo_dim=0)
2026-06-25 13:37:23,984 [INFO]   ablation_B_late_fusion: SimplifiedBEHRT + late fusion (demo_dim=2)
2026-06-25 13:37:23,984 [INFO]   Épocas locais: 10 | seed: 42
2026-06-25 13:37:23,984 [INFO] ============================================================
2026-06-25 13:37:23,984 [INFO] 
[Ablação] Treinando ablation_A_sem_demo (demo_dim=0, épocas=10)...
2026-06-25 13:48:05,169 [INFO]   ablation_A_sem_demo: Acc=0.6276 | F1=0.4554
2026-06-25 13:48:05,170 [INFO] 
[Ablação] Treinando ablation_B_late_fusion (demo_dim=2, épocas=10)...
2026-06-25 13:58:38,743 [INFO]   ablation_B_late_fusion: Acc=0.6957 | F1=0.4638
2026-06-25 13:58:38,743 [INFO] 
[Ablação] Δ (B − A): Acc=+0.0681 | F1=+0.0084
2026-06-25 13:58:38,743 [INFO] 
======================================================================
2026-06-25 13:58:38,743 [INFO] RESULTADO ABLAÇÃO — Late Fusion Demográfica
2026-06-25 13:58:38,743 [INFO] ======================================================================
2026-06-25 13:58:38,743 [INFO] Config                              Accuracy F1 Macro
2026-06-25 13:58:38,743 [INFO] -------------------------------------------------------
2026-06-25 13:58:38,743 [INFO] ablation_A_sem_demo                   0.6276   0.4554
2026-06-25 13:58:38,743 [INFO] ablation_B_late_fusion                0.6957   0.4638
2026-06-25 13:58:38,743 [INFO] Δ (B − A)                            +0.0681  +0.0084
2026-06-25 13:58:38,743 [INFO] ======================================================================
2026-06-25 13:58:38,744 [INFO] Ablation salvo: experiments/data/ablation_demo_20260625_135838.json
2026-06-25 13:58:38,744 [INFO] ============================================================
2026-06-25 13:58:38,744 [INFO] CONCLUÍDO
2026-06-25 13:58:38,744 [INFO]   Modo dados:     fapesp
2026-06-25 13:58:38,744 [INFO]   Clientes FL:    2
2026-06-25 13:58:38,744 [INFO]   RAG confiável:  True
2026-06-25 13:58:38,744 [INFO]   RF centralizado: Acc=0.6779  AUC=0.7909  F1=0.5031
2026-06-25 13:58:38,744 [INFO]   Ablation Δ Acc: +0.0681
2026-06-25 13:58:38,744 [INFO]   Logs em:        experiments/logs/run_complete_20260625_124833.log
2026-06-25 13:58:38,744 [INFO] ============================================================
2026-06-25 13:58:38,744 [INFO] TREINAMENTO_COMPLETO status=ok fl_rounds=20 rag_ok=True baseline_rf_ok=True ablation_ok=True log=experiments/logs/run_complete_20260625_124833.log
