.venv/bin/python experiments/run_experiments_simulation.py
2026-06-25 06:18:17,130 - INFO - ============================================================
2026-06-25 06:18:17,130 - INFO - MOSAIC-FL v2 — Integração com Dados Reais
2026-06-25 06:18:17,130 - INFO - Autora: Jacqueline Abreu | ICMC/USP
2026-06-25 06:18:17,130 - INFO - ============================================================
2026-06-25 06:18:17,130 - INFO - Modo FL:    Manual sequencial (sem Ray)
2026-06-25 06:18:17,130 - INFO - Ambiente:   production
2026-06-25 06:18:17,130 - INFO - Banco:      configurado
2026-06-25 06:18:17,130 - INFO - [1/4] Carregando dados do banco (SequencePipeline)...
2026-06-25 06:18:17,130 - INFO - [db] Iniciando carregamento via SequencePipeline...
2026-06-25 06:18:17,130 - INFO - [pipeline] conectando ao banco: postgresql://mosaicfl:senhaForte@localhost:5432/mo...
[pipeline] conectando ao banco: postgresql://mosaicfl:senhaForte@localhost:5432/mo...
2026-06-25 06:18:17,147 - INFO - [pipeline] conexão OK
[pipeline] conexão OK
2026-06-25 06:18:17,147 - INFO - [pipeline] executando query (max_seq_len=128 — pode levar alguns minutos)...
[pipeline] executando query (max_seq_len=128 — pode levar alguns minutos)...
2026-06-25 06:18:38,340 - INFO - [pipeline] query concluída em 21.2s — 4,145,906 linhas
[pipeline] query concluída em 21.2s — 4,145,906 linhas
2026-06-25 06:18:38,507 - INFO - [pipeline/per_hospital] hospitais encontrados: ['BPSP', 'HSL']
[pipeline/per_hospital] hospitais encontrados: ['BPSP', 'HSL']
2026-06-25 06:18:38,507 - INFO - [pipeline/per_hospital] construindo vocabulário global...
[pipeline/per_hospital] construindo vocabulário global...
2026-06-25 06:18:39,608 - INFO - vocab_built mode=FULL tokens=646 total=649
2026-06-25 06:18:39,631 - INFO - [pipeline/per_hospital] vocabulário: 649 tokens em 1.1s
[pipeline/per_hospital] vocabulário: 649 tokens em 1.1s
2026-06-25 06:18:40,697 - INFO - [pipeline/per_hospital] BPSP: construindo tensores (28,599 atendimentos)...
[pipeline/per_hospital] BPSP: construindo tensores (28,599 atendimentos)...
2026-06-25 06:18:42,600 - INFO - [pipeline] tensores: 2,859/28,599 (10%)
[pipeline] tensores: 2,859/28,599 (10%)
2026-06-25 06:18:42,827 - INFO - [pipeline] tensores: 5,718/28,599 (20%)
[pipeline] tensores: 5,718/28,599 (20%)
2026-06-25 06:18:43,049 - INFO - [pipeline] tensores: 8,577/28,599 (30%)
[pipeline] tensores: 8,577/28,599 (30%)
2026-06-25 06:18:43,272 - INFO - [pipeline] tensores: 11,436/28,599 (40%)
[pipeline] tensores: 11,436/28,599 (40%)
2026-06-25 06:18:43,494 - INFO - [pipeline] tensores: 14,295/28,599 (50%)
[pipeline] tensores: 14,295/28,599 (50%)
2026-06-25 06:18:43,718 - INFO - [pipeline] tensores: 17,154/28,599 (60%)
[pipeline] tensores: 17,154/28,599 (60%)
2026-06-25 06:18:43,941 - INFO - [pipeline] tensores: 20,013/28,599 (70%)
[pipeline] tensores: 20,013/28,599 (70%)
2026-06-25 06:18:44,164 - INFO - [pipeline] tensores: 22,872/28,599 (80%)
[pipeline] tensores: 22,872/28,599 (80%)
2026-06-25 06:18:44,387 - INFO - [pipeline] tensores: 25,731/28,599 (90%)
[pipeline] tensores: 25,731/28,599 (90%)
2026-06-25 06:18:44,610 - INFO - [pipeline] tensores: 28,590/28,599 (100%)
[pipeline] tensores: 28,590/28,599 (100%)
2026-06-25 06:18:44,773 - INFO - [pipeline/per_hospital] BPSP: 28,599 sequências em 4.1s | dist={0: 15892, 1: 318, 2: 120, 3: 9448, 4: 2821} | age_mean=0.51 sex_M=13664
[pipeline/per_hospital] BPSP: 28,599 sequências em 4.1s | dist={0: 15892, 1: 318, 2: 120, 3: 9448, 4: 2821} | age_mean=0.51 sex_M=13664
2026-06-25 06:18:45,220 - INFO - [pipeline/per_hospital] HSL: construindo tensores (5,174 atendimentos)...
[pipeline/per_hospital] HSL: construindo tensores (5,174 atendimentos)...
2026-06-25 06:18:45,573 - INFO - [pipeline] tensores: 517/5,174 (10%)
[pipeline] tensores: 517/5,174 (10%)
2026-06-25 06:18:45,614 - INFO - [pipeline] tensores: 1,034/5,174 (20%)
[pipeline] tensores: 1,034/5,174 (20%)
2026-06-25 06:18:45,654 - INFO - [pipeline] tensores: 1,551/5,174 (30%)
[pipeline] tensores: 1,551/5,174 (30%)
2026-06-25 06:18:45,694 - INFO - [pipeline] tensores: 2,068/5,174 (40%)
[pipeline] tensores: 2,068/5,174 (40%)
2026-06-25 06:18:45,735 - INFO - [pipeline] tensores: 2,585/5,174 (50%)
[pipeline] tensores: 2,585/5,174 (50%)
2026-06-25 06:18:45,775 - INFO - [pipeline] tensores: 3,102/5,174 (60%)
[pipeline] tensores: 3,102/5,174 (60%)
2026-06-25 06:18:45,816 - INFO - [pipeline] tensores: 3,619/5,174 (70%)
[pipeline] tensores: 3,619/5,174 (70%)
2026-06-25 06:18:45,857 - INFO - [pipeline] tensores: 4,136/5,174 (80%)
[pipeline] tensores: 4,136/5,174 (80%)
2026-06-25 06:18:45,898 - INFO - [pipeline] tensores: 4,653/5,174 (90%)
[pipeline] tensores: 4,653/5,174 (90%)
2026-06-25 06:18:45,938 - INFO - [pipeline] tensores: 5,170/5,174 (100%)
[pipeline] tensores: 5,170/5,174 (100%)
2026-06-25 06:18:45,968 - INFO - [pipeline/per_hospital] HSL: 5,174 sequências em 0.7s | dist={0: 67, 1: 45, 2: 3182, 3: 1280, 4: 600} | age_mean=0.52 sex_M=2859
[pipeline/per_hospital] HSL: 5,174 sequências em 0.7s | dist={0: 67, 1: 45, 2: 3182, 3: 1280, 4: 600} | age_mean=0.52 sex_M=2859
2026-06-25 06:18:45,968 - INFO - [pipeline/per_hospital] concluído em 28.8s total
[pipeline/per_hospital] concluído em 28.8s total
2026-06-25 06:18:46,177 - INFO - [db] Hospital BPSP → cliente 0: 22879 treino | 2859 val | age_mean=0.51 sex_M=10940
2026-06-25 06:18:46,178 - INFO - [db] Hospital HSL → cliente 1: 4139 treino | 517 val | age_mean=0.52 sex_M=2266
2026-06-25 06:18:46,178 - INFO - [db] Teste global: 3379 amostras | 2 clientes FL
2026-06-25 06:18:46,181 - INFO - [2/4] Pré-processamento integrado ao SequencePipeline — etapa ignorada.
2026-06-25 06:18:46,181 - INFO -       2 clientes | 27018 amostras de treino
2026-06-25 06:18:46,190 - INFO - postgres_metrics_store_ready
2026-06-25 06:18:46,190 - INFO - [3/5] Aprendizado Federado...
2026-06-25 06:18:46,190 - INFO - Modo manual ativado (USE_RAY=False). Ray NÃO é necessário.
2026-06-25 06:18:46,190 - INFO - ============================================================
2026-06-25 06:18:46,190 - INFO - APRENDIZADO FEDERADO — SIMULAÇÃO MANUAL (SEM RAY)
2026-06-25 06:18:46,190 - INFO - ============================================================
2026-06-25 06:18:46,190 - INFO - Clientes: 2 | Rodadas: até 20
2026-06-25 06:18:46,190 - INFO - Mu: 0.01 | Batch: 16 | Local Epochs: 2
2026-06-25 06:18:46,196 - INFO - 
============================================================
2026-06-25 06:18:46,196 - INFO - RODADA 1/20
2026-06-25 06:18:46,196 - INFO - ============================================================
2026-06-25 06:18:46,196 - INFO -   [Cliente 0] Treinando...
2026-06-25 06:18:46,271 - INFO - class_weights client_id=0 weights=[0.361, 17.398, 47.173, 0.605, 2.018] counts={0: 12686, 4: 2268, 3: 7565, 1: 263, 2: 97}
2026-06-25 06:21:18,133 - INFO -   [Cliente 0] Loss: 1.4360 | Amostras: 22879
2026-06-25 06:21:18,133 - INFO -   [Cliente 1] Treinando...
2026-06-25 06:21:18,160 - INFO - class_weights client_id=1 weights=[15.051, 24.347, 0.324, 0.817, 1.725] counts={3: 1013, 2: 2557, 4: 480, 0: 55, 1: 34}
2026-06-25 06:21:49,606 - INFO -   [Cliente 1] Loss: 1.4100 | Amostras: 4139
2026-06-25 06:21:49,606 - INFO -   [Servidor] Agregando pesos de 2 clientes...
2026-06-25 06:21:50,905 - INFO -   [Servidor] Rodada 1 em 184.71s | Loss: 1.2326 | Acc: 0.5129
2026-06-25 06:21:50,905 - INFO - 
============================================================
2026-06-25 06:21:50,905 - INFO - RODADA 2/20
2026-06-25 06:21:50,905 - INFO - ============================================================
2026-06-25 06:21:50,905 - INFO -   [Cliente 0] Treinando...
2026-06-25 06:21:50,972 - INFO - class_weights client_id=0 weights=[0.361, 17.398, 47.173, 0.605, 2.018] counts={3: 7565, 0: 12686, 4: 2268, 1: 263, 2: 97}
2026-06-25 06:24:04,541 - INFO -   [Cliente 0] Loss: 1.3686 | Amostras: 22879
2026-06-25 06:24:04,541 - INFO -   [Cliente 1] Treinando...
2026-06-25 06:24:04,554 - INFO - class_weights client_id=1 weights=[15.051, 24.347, 0.324, 0.817, 1.725] counts={2: 2557, 0: 55, 3: 1013, 4: 480, 1: 34}
2026-06-25 06:24:26,544 - INFO -   [Cliente 1] Loss: 1.3813 | Amostras: 4139
2026-06-25 06:24:26,544 - INFO -   [Servidor] Agregando pesos de 2 clientes...
2026-06-25 06:24:27,958 - INFO -   [Servidor] Rodada 2 em 157.05s | Loss: 1.2647 | Acc: 0.5102
2026-06-25 06:24:27,958 - INFO -   [Convergência] Δ=0.00266 < 0.005 (1/3)
2026-06-25 06:24:27,958 - INFO - 
============================================================
2026-06-25 06:24:27,958 - INFO - RODADA 3/20
2026-06-25 06:24:27,958 - INFO - ============================================================
2026-06-25 06:24:27,958 - INFO -   [Cliente 0] Treinando...
2026-06-25 06:24:28,021 - INFO - class_weights client_id=0 weights=[0.361, 17.398, 47.173, 0.605, 2.018] counts={0: 12686, 1: 263, 3: 7565, 4: 2268, 2: 97}
2026-06-25 06:26:40,805 - INFO -   [Cliente 0] Loss: 1.3570 | Amostras: 22879
2026-06-25 06:26:40,805 - INFO -   [Cliente 1] Treinando...
2026-06-25 06:26:40,819 - INFO - class_weights client_id=1 weights=[15.051, 24.347, 0.324, 0.817, 1.725] counts={3: 1013, 2: 2557, 4: 480, 0: 55, 1: 34}
2026-06-25 06:27:02,477 - INFO -   [Cliente 1] Loss: 1.3638 | Amostras: 4139
2026-06-25 06:27:02,477 - INFO -   [Servidor] Agregando pesos de 2 clientes...
2026-06-25 06:27:03,880 - INFO -   [Servidor] Rodada 3 em 155.92s | Loss: 1.2860 | Acc: 0.5327
2026-06-25 06:27:03,880 - INFO -   [Convergência] Δ=0.02249 > 0.005 (reset)
2026-06-25 06:27:03,880 - INFO - 
============================================================
2026-06-25 06:27:03,880 - INFO - RODADA 4/20
2026-06-25 06:27:03,880 - INFO - ============================================================
2026-06-25 06:27:03,880 - INFO -   [Cliente 0] Treinando...
2026-06-25 06:27:03,944 - INFO - class_weights client_id=0 weights=[0.361, 17.398, 47.173, 0.605, 2.018] counts={0: 12686, 3: 7565, 4: 2268, 2: 97, 1: 263}
2026-06-25 06:29:16,854 - INFO -   [Cliente 0] Loss: 1.3506 | Amostras: 22879
2026-06-25 06:29:16,855 - INFO -   [Cliente 1] Treinando...
2026-06-25 06:29:16,879 - INFO - class_weights client_id=1 weights=[15.051, 24.347, 0.324, 0.817, 1.725] counts={4: 480, 2: 2557, 3: 1013, 0: 55, 1: 34}
2026-06-25 06:29:45,302 - INFO -   [Cliente 1] Loss: 1.3670 | Amostras: 4139
2026-06-25 06:29:45,302 - INFO -   [Servidor] Agregando pesos de 2 clientes...
2026-06-25 06:29:46,817 - INFO -   [Servidor] Rodada 4 em 162.94s | Loss: 1.1518 | Acc: 0.5383
2026-06-25 06:29:46,817 - INFO -   [Convergência] Δ=0.00562 > 0.005 (reset)
2026-06-25 06:29:46,817 - INFO - 
============================================================
2026-06-25 06:29:46,817 - INFO - RODADA 5/20
2026-06-25 06:29:46,817 - INFO - ============================================================
2026-06-25 06:29:46,817 - INFO -   [Cliente 0] Treinando...
2026-06-25 06:29:46,891 - INFO - class_weights client_id=0 weights=[0.361, 17.398, 47.173, 0.605, 2.018] counts={4: 2268, 3: 7565, 0: 12686, 1: 263, 2: 97}
2026-06-25 06:32:19,602 - INFO -   [Cliente 0] Loss: 1.3467 | Amostras: 22879
2026-06-25 06:32:19,602 - INFO -   [Cliente 1] Treinando...
2026-06-25 06:32:19,615 - INFO - class_weights client_id=1 weights=[15.051, 24.347, 0.324, 0.817, 1.725] counts={3: 1013, 2: 2557, 4: 480, 1: 34, 0: 55}
2026-06-25 06:32:39,904 - INFO -   [Cliente 1] Loss: 1.3634 | Amostras: 4139
2026-06-25 06:32:39,904 - INFO -   [Servidor] Agregando pesos de 2 clientes...
2026-06-25 06:32:41,291 - INFO -   [Servidor] Rodada 5 em 174.47s | Loss: 1.1538 | Acc: 0.5404
2026-06-25 06:32:41,291 - INFO -   [Convergência] Δ=0.00207 < 0.005 (1/3)
2026-06-25 06:32:41,291 - INFO - 
============================================================
2026-06-25 06:32:41,291 - INFO - RODADA 6/20
2026-06-25 06:32:41,291 - INFO - ============================================================
2026-06-25 06:32:41,291 - INFO -   [Cliente 0] Treinando...
2026-06-25 06:32:41,354 - INFO - class_weights client_id=0 weights=[0.361, 17.398, 47.173, 0.605, 2.018] counts={0: 12686, 3: 7565, 4: 2268, 1: 263, 2: 97}
2026-06-25 06:35:06,043 - INFO -   [Cliente 0] Loss: 1.3324 | Amostras: 22879
2026-06-25 06:35:06,043 - INFO -   [Cliente 1] Treinando...
2026-06-25 06:35:06,066 - INFO - class_weights client_id=1 weights=[15.051, 24.347, 0.324, 0.817, 1.725] counts={2: 2557, 4: 480, 3: 1013, 0: 55, 1: 34}
2026-06-25 06:35:31,504 - INFO -   [Cliente 1] Loss: 1.3615 | Amostras: 4139
2026-06-25 06:35:31,504 - INFO -   [Servidor] Agregando pesos de 2 clientes...
2026-06-25 06:35:32,961 - INFO -   [Servidor] Rodada 6 em 171.67s | Loss: 1.2160 | Acc: 0.4993
2026-06-25 06:35:32,961 - INFO -   [Convergência] Δ=0.04114 > 0.005 (reset)
2026-06-25 06:35:32,961 - INFO - 
============================================================
2026-06-25 06:35:32,961 - INFO - RODADA 7/20
2026-06-25 06:35:32,961 - INFO - ============================================================
2026-06-25 06:35:32,961 - INFO -   [Cliente 0] Treinando...
2026-06-25 06:35:33,033 - INFO - class_weights client_id=0 weights=[0.361, 17.398, 47.173, 0.605, 2.018] counts={3: 7565, 0: 12686, 4: 2268, 1: 263, 2: 97}
2026-06-25 06:37:54,020 - INFO -   [Cliente 0] Loss: 1.3187 | Amostras: 22879
2026-06-25 06:37:54,020 - INFO -   [Cliente 1] Treinando...
2026-06-25 06:37:54,034 - INFO - class_weights client_id=1 weights=[15.051, 24.347, 0.324, 0.817, 1.725] counts={2: 2557, 3: 1013, 4: 480, 1: 34, 0: 55}
2026-06-25 06:38:13,926 - INFO -   [Cliente 1] Loss: 1.3527 | Amostras: 4139
2026-06-25 06:38:13,926 - INFO -   [Servidor] Agregando pesos de 2 clientes...
2026-06-25 06:38:15,255 - INFO -   [Servidor] Rodada 7 em 162.29s | Loss: 1.2071 | Acc: 0.5271
2026-06-25 06:38:15,255 - INFO -   [Convergência] Δ=0.02782 > 0.005 (reset)
2026-06-25 06:38:15,255 - INFO - 
============================================================
2026-06-25 06:38:15,255 - INFO - RODADA 8/20
2026-06-25 06:38:15,255 - INFO - ============================================================
2026-06-25 06:38:15,255 - INFO -   [Cliente 0] Treinando...
2026-06-25 06:38:15,318 - INFO - class_weights client_id=0 weights=[0.361, 17.398, 47.173, 0.605, 2.018] counts={0: 12686, 3: 7565, 4: 2268, 2: 97, 1: 263}
2026-06-25 06:40:39,879 - INFO -   [Cliente 0] Loss: 1.3252 | Amostras: 22879
2026-06-25 06:40:39,879 - INFO -   [Cliente 1] Treinando...
2026-06-25 06:40:39,894 - INFO - class_weights client_id=1 weights=[15.051, 24.347, 0.324, 0.817, 1.725] counts={2: 2557, 3: 1013, 4: 480, 0: 55, 1: 34}
2026-06-25 06:41:06,925 - INFO -   [Cliente 1] Loss: 1.3510 | Amostras: 4139
2026-06-25 06:41:06,925 - INFO -   [Servidor] Agregando pesos de 2 clientes...
2026-06-25 06:41:08,336 - INFO -   [Servidor] Rodada 8 em 173.08s | Loss: 1.1190 | Acc: 0.5806
2026-06-25 06:41:08,336 - INFO -   [Convergência] Δ=0.05357 > 0.005 (reset)
2026-06-25 06:41:08,336 - INFO - 
============================================================
2026-06-25 06:41:08,336 - INFO - RODADA 9/20
2026-06-25 06:41:08,336 - INFO - ============================================================
2026-06-25 06:41:08,336 - INFO -   [Cliente 0] Treinando...
2026-06-25 06:41:08,420 - INFO - class_weights client_id=0 weights=[0.361, 17.398, 47.173, 0.605, 2.018] counts={3: 7565, 0: 12686, 4: 2268, 1: 263, 2: 97}
2026-06-25 06:43:40,986 - INFO -   [Cliente 0] Loss: 1.3061 | Amostras: 22879
2026-06-25 06:43:40,986 - INFO -   [Cliente 1] Treinando...
2026-06-25 06:43:41,008 - INFO - class_weights client_id=1 weights=[15.051, 24.347, 0.324, 0.817, 1.725] counts={2: 2557, 4: 480, 3: 1013, 0: 55, 1: 34}
2026-06-25 06:44:12,177 - INFO -   [Cliente 1] Loss: 1.3429 | Amostras: 4139
2026-06-25 06:44:12,177 - INFO -   [Servidor] Agregando pesos de 2 clientes...
2026-06-25 06:44:13,508 - INFO -   [Servidor] Rodada 9 em 185.17s | Loss: 1.1466 | Acc: 0.5777
2026-06-25 06:44:13,508 - INFO -   [Convergência] Δ=0.00296 < 0.005 (1/3)
2026-06-25 06:44:13,508 - INFO - 
============================================================
2026-06-25 06:44:13,508 - INFO - RODADA 10/20
2026-06-25 06:44:13,508 - INFO - ============================================================
2026-06-25 06:44:13,508 - INFO -   [Cliente 0] Treinando...
2026-06-25 06:44:13,575 - INFO - class_weights client_id=0 weights=[0.361, 17.398, 47.173, 0.605, 2.018] counts={3: 7565, 0: 12686, 4: 2268, 2: 97, 1: 263}
2026-06-25 06:46:48,479 - INFO -   [Cliente 0] Loss: 1.2918 | Amostras: 22879
2026-06-25 06:46:48,480 - INFO -   [Cliente 1] Treinando...
2026-06-25 06:46:48,494 - INFO - class_weights client_id=1 weights=[15.051, 24.347, 0.324, 0.817, 1.725] counts={3: 1013, 4: 480, 2: 2557, 0: 55, 1: 34}
2026-06-25 06:47:12,644 - INFO -   [Cliente 1] Loss: 1.3560 | Amostras: 4139
2026-06-25 06:47:12,644 - INFO -   [Servidor] Agregando pesos de 2 clientes...
2026-06-25 06:47:13,932 - INFO -   [Servidor] Rodada 10 em 180.42s | Loss: 1.1227 | Acc: 0.5191
2026-06-25 06:47:13,932 - INFO -   [Convergência] Δ=0.05860 > 0.005 (reset)
2026-06-25 06:47:13,932 - INFO - 
============================================================
2026-06-25 06:47:13,932 - INFO - RODADA 11/20
2026-06-25 06:47:13,932 - INFO - ============================================================
2026-06-25 06:47:13,932 - INFO -   [Cliente 0] Treinando...
2026-06-25 06:47:13,997 - INFO - class_weights client_id=0 weights=[0.361, 17.398, 47.173, 0.605, 2.018] counts={0: 12686, 3: 7565, 4: 2268, 1: 263, 2: 97}
2026-06-25 06:49:48,591 - INFO -   [Cliente 0] Loss: 1.2971 | Amostras: 22879
2026-06-25 06:49:48,591 - INFO -   [Cliente 1] Treinando...
2026-06-25 06:49:48,605 - INFO - class_weights client_id=1 weights=[15.051, 24.347, 0.324, 0.817, 1.725] counts={2: 2557, 3: 1013, 4: 480, 1: 34, 0: 55}
2026-06-25 06:50:17,584 - INFO -   [Cliente 1] Loss: 1.3520 | Amostras: 4139
2026-06-25 06:50:17,584 - INFO -   [Servidor] Agregando pesos de 2 clientes...
2026-06-25 06:50:18,919 - INFO -   [Servidor] Rodada 11 em 184.99s | Loss: 1.2157 | Acc: 0.5395
2026-06-25 06:50:18,919 - INFO -   [Convergência] Δ=0.02042 > 0.005 (reset)
2026-06-25 06:50:18,919 - INFO - 
============================================================
2026-06-25 06:50:18,919 - INFO - RODADA 12/20
2026-06-25 06:50:18,919 - INFO - ============================================================
2026-06-25 06:50:18,919 - INFO -   [Cliente 0] Treinando...
2026-06-25 06:50:18,992 - INFO - class_weights client_id=0 weights=[0.361, 17.398, 47.173, 0.605, 2.018] counts={0: 12686, 1: 263, 3: 7565, 4: 2268, 2: 97}
2026-06-25 06:52:44,524 - INFO -   [Cliente 0] Loss: 1.2928 | Amostras: 22879
2026-06-25 06:52:44,525 - INFO -   [Cliente 1] Treinando...
2026-06-25 06:52:44,546 - INFO - class_weights client_id=1 weights=[15.051, 24.347, 0.324, 0.817, 1.725] counts={2: 2557, 3: 1013, 4: 480, 0: 55, 1: 34}
2026-06-25 06:53:15,677 - INFO -   [Cliente 1] Loss: 1.3390 | Amostras: 4139
2026-06-25 06:53:15,677 - INFO -   [Servidor] Agregando pesos de 2 clientes...
2026-06-25 06:53:17,044 - INFO -   [Servidor] Rodada 12 em 178.12s | Loss: 1.1271 | Acc: 0.5691
2026-06-25 06:53:17,044 - INFO -   [Convergência] Δ=0.02959 > 0.005 (reset)
2026-06-25 06:53:17,044 - INFO - 
============================================================
2026-06-25 06:53:17,044 - INFO - RODADA 13/20
2026-06-25 06:53:17,044 - INFO - ============================================================
2026-06-25 06:53:17,044 - INFO -   [Cliente 0] Treinando...
2026-06-25 06:53:17,115 - INFO - class_weights client_id=0 weights=[0.361, 17.398, 47.173, 0.605, 2.018] counts={3: 7565, 0: 12686, 4: 2268, 1: 263, 2: 97}
2026-06-25 06:55:46,466 - INFO -   [Cliente 0] Loss: 1.2851 | Amostras: 22879
2026-06-25 06:55:46,466 - INFO -   [Cliente 1] Treinando...
2026-06-25 06:55:46,488 - INFO - class_weights client_id=1 weights=[15.051, 24.347, 0.324, 0.817, 1.725] counts={2: 2557, 3: 1013, 4: 480, 0: 55, 1: 34}
2026-06-25 06:56:15,085 - INFO -   [Cliente 1] Loss: 1.3285 | Amostras: 4139
2026-06-25 06:56:15,085 - INFO -   [Servidor] Agregando pesos de 2 clientes...
2026-06-25 06:56:16,437 - INFO -   [Servidor] Rodada 13 em 179.39s | Loss: 1.1552 | Acc: 0.5292
2026-06-25 06:56:16,437 - INFO -   [Convergência] Δ=0.03995 > 0.005 (reset)
2026-06-25 06:56:16,437 - INFO - 
============================================================
2026-06-25 06:56:16,437 - INFO - RODADA 14/20
2026-06-25 06:56:16,437 - INFO - ============================================================
2026-06-25 06:56:16,438 - INFO -   [Cliente 0] Treinando...
2026-06-25 06:56:16,510 - INFO - class_weights client_id=0 weights=[0.361, 17.398, 47.173, 0.605, 2.018] counts={3: 7565, 4: 2268, 0: 12686, 2: 97, 1: 263}
2026-06-25 06:58:33,084 - INFO -   [Cliente 0] Loss: 1.2867 | Amostras: 22879
2026-06-25 06:58:33,084 - INFO -   [Cliente 1] Treinando...
2026-06-25 06:58:33,105 - INFO - class_weights client_id=1 weights=[15.051, 24.347, 0.324, 0.817, 1.725] counts={2: 2557, 4: 480, 3: 1013, 0: 55, 1: 34}
2026-06-25 06:59:04,777 - INFO -   [Cliente 1] Loss: 1.3298 | Amostras: 4139
2026-06-25 06:59:04,777 - INFO -   [Servidor] Agregando pesos de 2 clientes...
2026-06-25 06:59:06,158 - INFO -   [Servidor] Rodada 14 em 169.72s | Loss: 1.1005 | Acc: 0.5605
2026-06-25 06:59:06,158 - INFO -   [Convergência] Δ=0.03137 > 0.005 (reset)
2026-06-25 06:59:06,158 - INFO - 
============================================================
2026-06-25 06:59:06,158 - INFO - RODADA 15/20
2026-06-25 06:59:06,158 - INFO - ============================================================
2026-06-25 06:59:06,158 - INFO -   [Cliente 0] Treinando...
2026-06-25 06:59:06,233 - INFO - class_weights client_id=0 weights=[0.361, 17.398, 47.173, 0.605, 2.018] counts={3: 7565, 0: 12686, 4: 2268, 2: 97, 1: 263}
2026-06-25 07:01:38,583 - INFO -   [Cliente 0] Loss: 1.2701 | Amostras: 22879
2026-06-25 07:01:38,583 - INFO -   [Cliente 1] Treinando...
2026-06-25 07:01:38,607 - INFO - class_weights client_id=1 weights=[15.051, 24.347, 0.324, 0.817, 1.725] counts={2: 2557, 4: 480, 3: 1013, 0: 55, 1: 34}
2026-06-25 07:02:09,140 - INFO -   [Cliente 1] Loss: 1.3260 | Amostras: 4139
2026-06-25 07:02:09,140 - INFO -   [Servidor] Agregando pesos de 2 clientes...
2026-06-25 07:02:10,406 - INFO -   [Servidor] Rodada 15 em 184.25s | Loss: 1.0780 | Acc: 0.5653
2026-06-25 07:02:10,406 - INFO -   [Convergência] Δ=0.00474 < 0.005 (1/3)
2026-06-25 07:02:10,406 - INFO - 
============================================================
2026-06-25 07:02:10,406 - INFO - RODADA 16/20
2026-06-25 07:02:10,406 - INFO - ============================================================
2026-06-25 07:02:10,406 - INFO -   [Cliente 0] Treinando...
2026-06-25 07:02:10,470 - INFO - class_weights client_id=0 weights=[0.361, 17.398, 47.173, 0.605, 2.018] counts={0: 12686, 3: 7565, 4: 2268, 2: 97, 1: 263}
2026-06-25 07:04:40,334 - INFO -   [Cliente 0] Loss: 1.2806 | Amostras: 22879
2026-06-25 07:04:40,334 - INFO -   [Cliente 1] Treinando...
2026-06-25 07:04:40,348 - INFO - class_weights client_id=1 weights=[15.051, 24.347, 0.324, 0.817, 1.725] counts={2: 2557, 4: 480, 3: 1013, 0: 55, 1: 34}
2026-06-25 07:05:07,842 - INFO -   [Cliente 1] Loss: 1.3311 | Amostras: 4139
2026-06-25 07:05:07,842 - INFO -   [Servidor] Agregando pesos de 2 clientes...
2026-06-25 07:05:09,083 - INFO -   [Servidor] Rodada 16 em 178.68s | Loss: 1.1002 | Acc: 0.5783
2026-06-25 07:05:09,083 - INFO -   [Convergência] Δ=0.01302 > 0.005 (reset)
2026-06-25 07:05:09,083 - INFO - 
============================================================
2026-06-25 07:05:09,083 - INFO - RODADA 17/20
2026-06-25 07:05:09,083 - INFO - ============================================================
2026-06-25 07:05:09,083 - INFO -   [Cliente 0] Treinando...
2026-06-25 07:05:09,148 - INFO - class_weights client_id=0 weights=[0.361, 17.398, 47.173, 0.605, 2.018] counts={0: 12686, 3: 7565, 4: 2268, 1: 263, 2: 97}
2026-06-25 07:07:30,785 - INFO -   [Cliente 0] Loss: 1.2888 | Amostras: 22879
2026-06-25 07:07:30,785 - INFO -   [Cliente 1] Treinando...
2026-06-25 07:07:30,810 - INFO - class_weights client_id=1 weights=[15.051, 24.347, 0.324, 0.817, 1.725] counts={3: 1013, 2: 2557, 4: 480, 0: 55, 1: 34}
2026-06-25 07:07:59,757 - INFO -   [Cliente 1] Loss: 1.3257 | Amostras: 4139
2026-06-25 07:07:59,757 - INFO -   [Servidor] Agregando pesos de 2 clientes...
2026-06-25 07:08:00,958 - INFO -   [Servidor] Rodada 17 em 171.88s | Loss: 1.1614 | Acc: 0.5395
2026-06-25 07:08:00,958 - INFO -   [Convergência] Δ=0.03877 > 0.005 (reset)
2026-06-25 07:08:00,958 - INFO - 
============================================================
2026-06-25 07:08:00,959 - INFO - RODADA 18/20
2026-06-25 07:08:00,959 - INFO - ============================================================
2026-06-25 07:08:00,959 - INFO -   [Cliente 0] Treinando...
2026-06-25 07:08:01,030 - INFO - class_weights client_id=0 weights=[0.361, 17.398, 47.173, 0.605, 2.018] counts={0: 12686, 3: 7565, 4: 2268, 2: 97, 1: 263}
2026-06-25 07:10:14,692 - INFO -   [Cliente 0] Loss: 1.2689 | Amostras: 22879
2026-06-25 07:10:14,692 - INFO -   [Cliente 1] Treinando...
2026-06-25 07:10:14,709 - INFO - class_weights client_id=1 weights=[15.051, 24.347, 0.324, 0.817, 1.725] counts={2: 2557, 4: 480, 3: 1013, 1: 34, 0: 55}
2026-06-25 07:10:43,716 - INFO -   [Cliente 1] Loss: 1.3383 | Amostras: 4139
2026-06-25 07:10:43,716 - INFO -   [Servidor] Agregando pesos de 2 clientes...
2026-06-25 07:10:45,008 - INFO -   [Servidor] Rodada 18 em 164.05s | Loss: 1.1279 | Acc: 0.5593
2026-06-25 07:10:45,009 - INFO -   [Convergência] Δ=0.01983 > 0.005 (reset)
2026-06-25 07:10:45,009 - INFO - 
============================================================
2026-06-25 07:10:45,009 - INFO - RODADA 19/20
2026-06-25 07:10:45,009 - INFO - ============================================================
2026-06-25 07:10:45,009 - INFO -   [Cliente 0] Treinando...
2026-06-25 07:10:45,086 - INFO - class_weights client_id=0 weights=[0.361, 17.398, 47.173, 0.605, 2.018] counts={3: 7565, 0: 12686, 4: 2268, 1: 263, 2: 97}
2026-06-25 07:13:05,721 - INFO -   [Cliente 0] Loss: 1.2607 | Amostras: 22879
2026-06-25 07:13:05,721 - INFO -   [Cliente 1] Treinando...
2026-06-25 07:13:05,735 - INFO - class_weights client_id=1 weights=[15.051, 24.347, 0.324, 0.817, 1.725] counts={2: 2557, 3: 1013, 0: 55, 4: 480, 1: 34}
2026-06-25 07:13:34,879 - INFO -   [Cliente 1] Loss: 1.2975 | Amostras: 4139
2026-06-25 07:13:34,879 - INFO -   [Servidor] Agregando pesos de 2 clientes...
2026-06-25 07:13:36,191 - INFO -   [Servidor] Rodada 19 em 171.18s | Loss: 1.1158 | Acc: 0.5872
2026-06-25 07:13:36,191 - INFO -   [Convergência] Δ=0.02782 > 0.005 (reset)
2026-06-25 07:13:36,191 - INFO - 
============================================================
2026-06-25 07:13:36,192 - INFO - RODADA 20/20
2026-06-25 07:13:36,192 - INFO - ============================================================
2026-06-25 07:13:36,192 - INFO -   [Cliente 0] Treinando...
2026-06-25 07:13:36,263 - INFO - class_weights client_id=0 weights=[0.361, 17.398, 47.173, 0.605, 2.018] counts={3: 7565, 0: 12686, 4: 2268, 1: 263, 2: 97}
2026-06-25 07:15:42,514 - INFO -   [Cliente 0] Loss: 1.2561 | Amostras: 22879
2026-06-25 07:15:42,514 - INFO -   [Cliente 1] Treinando...
2026-06-25 07:15:42,539 - INFO - class_weights client_id=1 weights=[15.051, 24.347, 0.324, 0.817, 1.725] counts={2: 2557, 3: 1013, 4: 480, 0: 55, 1: 34}
2026-06-25 07:16:08,951 - INFO -   [Cliente 1] Loss: 1.3219 | Amostras: 4139
2026-06-25 07:16:08,951 - INFO -   [Servidor] Agregando pesos de 2 clientes...
2026-06-25 07:16:10,127 - INFO -   [Servidor] Rodada 20 em 153.94s | Loss: 1.1485 | Acc: 0.5801
2026-06-25 07:16:10,127 - INFO -   [Convergência] Δ=0.00710 > 0.005 (reset)
2026-06-25 07:16:10,127 - INFO - 
============================================================
2026-06-25 07:16:10,127 - INFO - SIMULAÇÃO CONCLUÍDA
2026-06-25 07:16:10,127 - INFO - ============================================================
2026-06-25 07:16:10,127 - INFO -   Rodadas:      20
2026-06-25 07:16:10,127 - INFO -   Convergência: Não
2026-06-25 07:16:10,127 - INFO -   Acurácia:     0.5801
2026-06-25 07:16:10,127 - INFO -   Loss:         1.1485
2026-06-25 07:16:10,127 - INFO -   Tráfego:      217.17 MB
2026-06-25 07:16:10,127 - INFO -   Tempo total:  3443.93s (57.40 min)
2026-06-25 07:16:10,127 - INFO - ============================================================
2026-06-25 07:16:10,127 - INFO - Histórico salvo: experiments/data/history_20260625_071610.json
2026-06-25 07:16:11,325 - INFO - Avaliação pré-calibração — ECE=0.0590 AUC=0.7398 F1=0.3589
2026-06-25 07:16:12,509 - INFO - temperature_scaling_fit T=1.1769
2026-06-25 07:16:12,510 - INFO - Calibração concluída — T=1.1769
2026-06-25 07:16:13,703 - INFO - Avaliação pós-calibração  — ECE=0.0978 AUC=0.7404 F1=0.3589
2026-06-25 07:16:13,704 - INFO - Relatório de avaliação salvo: experiments/logs/evaluation_round_20.json
2026-06-25 07:16:13,710 - INFO - postgres_checkpoint_store_ready
2026-06-25 07:16:13,750 - INFO - checkpoint_saved_postgres round=20 accuracy=0.5801 T=1.1769 vocab_size=649 sha256=4efd52ad5238
2026-06-25 07:16:13,751 - INFO - Checkpoint salvo no store (PostgreSQLCheckpointStore, vocab_size=649, T=1.1769)

============================================================
  RELATÓRIO DE AVALIAÇÃO CLÍNICA  (T=1.0000)
============================================================
  Amostras:    3379
  Accuracy:    0.5801  (58.0%)
  Macro F1:    0.3589
  Macro AUC:   0.7398

  Calibração
  ├─ ECE:  0.0590  ⚠ moderado (<0.10)
  └─ MCE:  0.6107  (pior bin)

  Por classe:
  Classe                    AUC     F1   Recall   Prec      N
  --------------------------------------------------------
  curado_pronto          0.8525 0.7644   0.7840 0.7457   1620
  curado_internado       0.6667 0.0833   0.0741 0.0952     27
  melhora_pronto         0.6629 0.0829   0.0530 0.1910    321
  melhora_internado_breve 0.7146 0.4789   0.4651 0.4936   1073
  melhora_internado_grave 0.8025 0.3852   0.5089 0.3099    338

  Matriz de confusão (linhas=real, colunas=predito):
               curado_p  curado_i  melhora_  melhora_  melhora_
  curado_p        1270         3        50       202        95
  curado_i           6         2         0        11         8
  melhora_          90         5        17       200         9
  melhora_         276        10        17       499       271
  melhora_          61         1         5        99       172

  Diagrama de confiabilidade (12 bins preenchidos):
      Conf      Acc      Gap      N  Barra
  --------------------------------------------------
     0.262    0.000    0.262      1   ←OVERCONF
     0.314    0.350    0.035    143  
     0.370    0.412    0.042    454  
     0.434    0.465    0.030    637  
     0.499    0.543    0.044    733  
     0.562    0.653    0.091    522   ←UNDERCONF
     0.630    0.723    0.093    336   ←UNDERCONF
     0.699    0.759    0.060    270   ←UNDERCONF
     0.760    0.867    0.107    143   ←UNDERCONF
     0.821    0.859    0.038     85  
     0.896    0.286    0.611      7   ←OVERCONF
     0.972    0.854    0.118     48   ←OVERCONF


============================================================
  RELATÓRIO DE AVALIAÇÃO CLÍNICA  (T=1.1769)
============================================================
  Amostras:    3379
  Accuracy:    0.5801  (58.0%)
  Macro F1:    0.3589
  Macro AUC:   0.7404

  Calibração
  ├─ ECE:  0.0978  ⚠ moderado (<0.10)
  └─ MCE:  0.4050  (pior bin)

  Por classe:
  Classe                    AUC     F1   Recall   Prec      N
  --------------------------------------------------------
  curado_pronto          0.8535 0.7644   0.7840 0.7457   1620
  curado_internado       0.6688 0.0833   0.0741 0.0952     27
  melhora_pronto         0.6615 0.0829   0.0530 0.1910    321
  melhora_internado_breve 0.7160 0.4789   0.4651 0.4936   1073
  melhora_internado_grave 0.8021 0.3852   0.5089 0.3099    338

  Matriz de confusão (linhas=real, colunas=predito):
               curado_p  curado_i  melhora_  melhora_  melhora_
  curado_p        1270         3        50       202        95
  curado_i           6         2         0        11         8
  melhora_          90         5        17       200         9
  melhora_         276        10        17       499       271
  melhora_          61         1         5        99       172

  Diagrama de confiabilidade (12 bins preenchidos):
      Conf      Acc      Gap      N  Barra
  --------------------------------------------------
     0.259    0.400    0.141      5   ←UNDERCONF
     0.312    0.365    0.053    255   ←UNDERCONF
     0.369    0.425    0.056    586   ←UNDERCONF
     0.434    0.482    0.048    802  
     0.496    0.644    0.148    744   ←UNDERCONF
     0.563    0.707    0.144    410   ←UNDERCONF
     0.632    0.750    0.118    300   ←UNDERCONF
     0.694    0.861    0.167    137   ←UNDERCONF
     0.756    0.869    0.113     84   ←UNDERCONF
     0.834    0.429    0.405      7   ←OVERCONF
     0.913    0.769    0.144     13   ←OVERCONF
     0.960    0.861    0.099     36   ←OVERCONF

Traceback (most recent call last):
  File "/home/jacabreu/studies/usp/mba-bigdata-art-int/tcc/mosaic-fl/experiments/run_experiments_simulation.py", line 1838, in <module>
    main()
  File "/home/jacabreu/studies/usp/mba-bigdata-art-int/tcc/mosaic-fl/experiments/run_experiments_simulation.py", line 1739, in main
    "accuracy": last_metrics.get("accuracy"),
                ^^^^^^^^^^^^^^^^
AttributeError: 'list' object has no attribute 'get'
make: *** [Makefile:64: experiment] Error 1
