=== 1/4 training-bpsp-only ===
2026-06-30 21:03:34,009 [INFO] setup plugin alembic.autogenerate.schemas
2026-06-30 21:03:34,010 [INFO] setup plugin alembic.autogenerate.tables
2026-06-30 21:03:34,010 [INFO] setup plugin alembic.autogenerate.types
2026-06-30 21:03:34,010 [INFO] setup plugin alembic.autogenerate.constraints
2026-06-30 21:03:34,010 [INFO] setup plugin alembic.autogenerate.defaults
2026-06-30 21:03:34,010 [INFO] setup plugin alembic.autogenerate.comments
2026-06-30 21:03:35,748 [INFO] ============================================================
2026-06-30 21:03:35,748 [INFO] MOSAIC-FL — Treinamento Federado com Dados Reais FAPESP
2026-06-30 21:03:35,748 [INFO] Autora: Jacqueline Abreu | ICMC/USP
2026-06-30 21:03:35,748 [INFO] ============================================================
2026-06-30 21:03:35,748 [INFO] Ambiente: production | Log: experiments/logs/run_complete_20260630_210331.log
2026-06-30 21:03:35,811 [INFO] postgres_metrics_store_ready
2026-06-30 21:03:35,811 [INFO] [1/5] Carregando dados do banco (SequencePipeline)...
2026-06-30 21:03:35,811 [INFO] [db] FL_INCLUDE_HOSPITALS=['BPSP'] — leave-one-client-out mode
2026-06-30 21:03:35,812 [INFO] [db] Iniciando carregamento via SequencePipeline...
2026-06-30 21:03:35,812 [INFO] [pipeline] conectando ao banco: postgresql://mosaicfl:senhaForte@localhost:5432/mo...
2026-06-30 21:03:35,837 [INFO] [pipeline] conexão OK
2026-06-30 21:03:35,837 [INFO] [pipeline] executando query (max_seq_len=128 — pode levar alguns minutos)...
2026-06-30 21:03:59,462 [INFO] [pipeline] query concluída em 23.6s — 4,145,906 linhas
2026-06-30 21:03:59,627 [INFO] [pipeline/per_hospital] hospitais encontrados: ['BPSP', 'HSL']
2026-06-30 21:03:59,627 [INFO] [pipeline/per_hospital] construindo vocabulário global...
2026-06-30 21:04:00,701 [INFO] vocab_built mode=FULL tokens=645 total=648
2026-06-30 21:04:00,724 [INFO] [pipeline/per_hospital] vocabulário: 648 tokens em 1.1s
2026-06-30 21:04:01,779 [INFO] [pipeline/per_hospital] BPSP: construindo tensores (28,599 atendimentos)...
2026-06-30 21:04:03,672 [INFO] [pipeline] tensores: 2,859/28,599 (10%)
2026-06-30 21:04:03,902 [INFO] [pipeline] tensores: 5,718/28,599 (20%)
2026-06-30 21:04:04,130 [INFO] [pipeline] tensores: 8,577/28,599 (30%)
2026-06-30 21:04:04,356 [INFO] [pipeline] tensores: 11,436/28,599 (40%)
2026-06-30 21:04:04,583 [INFO] [pipeline] tensores: 14,295/28,599 (50%)
2026-06-30 21:04:04,812 [INFO] [pipeline] tensores: 17,154/28,599 (60%)
2026-06-30 21:04:05,041 [INFO] [pipeline] tensores: 20,013/28,599 (70%)
2026-06-30 21:04:05,267 [INFO] [pipeline] tensores: 22,872/28,599 (80%)
2026-06-30 21:04:05,498 [INFO] [pipeline] tensores: 25,731/28,599 (90%)
2026-06-30 21:04:05,724 [INFO] [pipeline] tensores: 28,590/28,599 (100%)
2026-06-30 21:04:06,038 [INFO] [pipeline/per_hospital] BPSP: 28,599 sequências em 4.3s | dist={0: 15892, 1: 318, 2: 120, 3: 9448, 4: 2821} | age_mean=0.51 sex_M=13664
2026-06-30 21:04:06,472 [INFO] [pipeline/per_hospital] HSL: construindo tensores (5,174 atendimentos)...
2026-06-30 21:04:06,812 [INFO] [pipeline] tensores: 517/5,174 (10%)
2026-06-30 21:04:06,855 [INFO] [pipeline] tensores: 1,034/5,174 (20%)
2026-06-30 21:04:06,898 [INFO] [pipeline] tensores: 1,551/5,174 (30%)
2026-06-30 21:04:06,940 [INFO] [pipeline] tensores: 2,068/5,174 (40%)
2026-06-30 21:04:06,982 [INFO] [pipeline] tensores: 2,585/5,174 (50%)
2026-06-30 21:04:07,025 [INFO] [pipeline] tensores: 3,102/5,174 (60%)
2026-06-30 21:04:07,067 [INFO] [pipeline] tensores: 3,619/5,174 (70%)
2026-06-30 21:04:07,109 [INFO] [pipeline] tensores: 4,136/5,174 (80%)
2026-06-30 21:04:07,152 [INFO] [pipeline] tensores: 4,653/5,174 (90%)
2026-06-30 21:04:07,194 [INFO] [pipeline] tensores: 5,170/5,174 (100%)
2026-06-30 21:04:07,246 [INFO] [pipeline/per_hospital] HSL: 5,174 sequências em 0.8s | dist={0: 67, 1: 45, 2: 3182, 3: 1280, 4: 600} | age_mean=0.52 sex_M=2859
2026-06-30 21:04:07,246 [INFO] [pipeline/per_hospital] concluído em 31.4s total
2026-06-30 21:04:07,453 [INFO] [db] Hospital BPSP → cliente 0: 20019 treino | 2859 val | 2859 cal | age_mean=0.51 sex_M=9540
2026-06-30 21:04:07,454 [INFO] [db] Hospital HSL → excluído do treino (FL_INCLUDE_HOSPITALS); test/cal mantidos globais
2026-06-30 21:04:07,456 [INFO] [db] Teste global: 3381 amostras | Cal global: 3376 amostras | 1 clientes FL
2026-06-30 21:04:07,460 [INFO] [2/5] Aprendizado Federado...
2026-06-30 21:04:07,460 [INFO] Modo manual ativado (USE_RAY=False). Ray NÃO é necessário.
2026-06-30 21:04:07,462 [INFO] ============================================================
2026-06-30 21:04:07,462 [INFO] APRENDIZADO FEDERADO — SIMULAÇÃO MANUAL (SEM RAY)
2026-06-30 21:04:07,462 [INFO] ============================================================
2026-06-30 21:04:07,462 [INFO] Clientes: 1 | Rodadas: até 120 | Agregação: FedNova | seed=42
2026-06-30 21:04:07,475 [INFO] postgres_checkpoint_store_ready
2026-06-30 21:04:07,485 [INFO] training_registered_postgres id=12 algorithm=FedNova criterion=f1_macro
2026-06-30 21:04:07,485 [INFO] training_registered id=12 algorithm=FedNova criterion=f1_macro n_rounds_max=120
2026-06-30 21:04:07,485 [INFO] 
============================================================
2026-06-30 21:04:07,485 [INFO] RODADA 1/120
2026-06-30 21:04:07,485 [INFO] ============================================================
2026-06-30 21:04:07,485 [INFO]   [Cliente 0] Treinando...
2026-06-30 21:04:07,559 [INFO] class_weights client_id=0 weights=[0.361, 15.0, 15.0, 0.604, 2.015] counts={0: 11098, 3: 6625, 4: 1987, 1: 219, 2: 90}
2026-06-30 21:05:04,431 [INFO] client_fit client_id=0 loss=1.4558 grad_norm=3.8950 tau=1252 dp_update_norm=0.0000
2026-06-30 21:05:04,431 [INFO]   [Cliente 0] Loss: 1.4558 | Amostras: 20019 | τ=1252 | grad_norm=3.8950
2026-06-30 21:05:04,432 [INFO]   [Servidor] Agregando pesos de 1 clientes...
2026-06-30 21:05:04,432 [INFO]   [FedNova] τ=[1252] | τ_eff=1252.0
2026-06-30 21:05:05,743 [INFO]   [Servidor] Rodada 1 em 58.26s | Loss: 1.1062 | Acc: 0.5945 | F1-macro: 0.2897
2026-06-30 21:05:05,743 [INFO]   [Recursos] RAM=2282MB (pico=2282MB) CPU=2369.1% Rodada=58.26s
2026-06-30 21:05:05,792 [INFO] checkpoint_saved_postgres round=1 accuracy=0.5945 training_id=12 sha256=e353367ede7e evaluation_json=null
2026-06-30 21:05:05,793 [INFO]   [Best] Novo melhor checkpoint — rodada 1 F1-macro=0.2897 Acc=0.5945 (training_id=12)
2026-06-30 21:05:05,793 [INFO] 
============================================================
2026-06-30 21:05:05,793 [INFO] RODADA 2/120
2026-06-30 21:05:05,793 [INFO] ============================================================
2026-06-30 21:05:05,793 [INFO]   [Cliente 0] Treinando...
2026-06-30 21:05:05,869 [INFO] class_weights client_id=0 weights=[0.361, 15.0, 15.0, 0.604, 2.015] counts={0: 11098, 3: 6625, 4: 1987, 1: 219, 2: 90}
