2026-06-25 20:10:13,476 [INFO] setup plugin alembic.autogenerate.schemas
2026-06-25 20:10:13,476 [INFO] setup plugin alembic.autogenerate.tables
2026-06-25 20:10:13,476 [INFO] setup plugin alembic.autogenerate.types
2026-06-25 20:10:13,476 [INFO] setup plugin alembic.autogenerate.constraints
2026-06-25 20:10:13,476 [INFO] setup plugin alembic.autogenerate.defaults
2026-06-25 20:10:13,476 [INFO] setup plugin alembic.autogenerate.comments
2026-06-25 20:10:15,158 [INFO] ============================================================
2026-06-25 20:10:15,158 [INFO] MOSAIC-FL — Treinamento Federado com Dados Reais FAPESP
2026-06-25 20:10:15,158 [INFO] Autora: Jacqueline Abreu | ICMC/USP
2026-06-25 20:10:15,158 [INFO] ============================================================
2026-06-25 20:10:15,158 [INFO] Ambiente: production | Log: experiments/logs/run_complete_20260625_201012.log
2026-06-25 20:10:15,173 [INFO] postgres_metrics_store_ready
2026-06-25 20:10:15,173 [INFO] [1/5] Carregando dados do banco (SequencePipeline)...
2026-06-25 20:10:15,173 [INFO] [db] Iniciando carregamento via SequencePipeline...
2026-06-25 20:10:15,173 [INFO] [pipeline] conectando ao banco: postgresql://mosaicfl:senhaForte@localhost:5432/mo...
2026-06-25 20:10:15,179 [INFO] [pipeline] conexão OK
2026-06-25 20:10:15,179 [INFO] [pipeline] executando query (max_seq_len=128 — pode levar alguns minutos)...
2026-06-25 20:10:36,899 [INFO] [pipeline] query concluída em 21.7s — 4,145,906 linhas
2026-06-25 20:10:37,066 [INFO] [pipeline/per_hospital] hospitais encontrados: ['BPSP', 'HSL']
2026-06-25 20:10:37,066 [INFO] [pipeline/per_hospital] construindo vocabulário global...
2026-06-25 20:10:38,223 [INFO] vocab_built mode=FULL tokens=645 total=648
2026-06-25 20:10:38,249 [INFO] [pipeline/per_hospital] vocabulário: 648 tokens em 1.2s
2026-06-25 20:10:39,316 [INFO] [pipeline/per_hospital] BPSP: construindo tensores (28,599 atendimentos)...
2026-06-25 20:10:41,281 [INFO] [pipeline] tensores: 2,859/28,599 (10%)
2026-06-25 20:10:41,523 [INFO] [pipeline] tensores: 5,718/28,599 (20%)
2026-06-25 20:10:41,766 [INFO] [pipeline] tensores: 8,577/28,599 (30%)
2026-06-25 20:10:42,009 [INFO] [pipeline] tensores: 11,436/28,599 (40%)
2026-06-25 20:10:42,253 [INFO] [pipeline] tensores: 14,295/28,599 (50%)
2026-06-25 20:10:42,497 [INFO] [pipeline] tensores: 17,154/28,599 (60%)
2026-06-25 20:10:42,740 [INFO] [pipeline] tensores: 20,013/28,599 (70%)
2026-06-25 20:10:42,995 [INFO] [pipeline] tensores: 22,872/28,599 (80%)
2026-06-25 20:10:43,247 [INFO] [pipeline] tensores: 25,731/28,599 (90%)
2026-06-25 20:10:43,494 [INFO] [pipeline] tensores: 28,590/28,599 (100%)
2026-06-25 20:10:43,818 [INFO] [pipeline/per_hospital] BPSP: 28,599 sequências em 4.5s | dist={0: 15892, 1: 318, 2: 120, 3: 9448, 4: 2821} | age_mean=0.51 sex_M=13664
2026-06-25 20:10:44,267 [INFO] [pipeline/per_hospital] HSL: construindo tensores (5,174 atendimentos)...
2026-06-25 20:10:44,621 [INFO] [pipeline] tensores: 517/5,174 (10%)
2026-06-25 20:10:44,667 [INFO] [pipeline] tensores: 1,034/5,174 (20%)
2026-06-25 20:10:44,712 [INFO] [pipeline] tensores: 1,551/5,174 (30%)
2026-06-25 20:10:44,757 [INFO] [pipeline] tensores: 2,068/5,174 (40%)
2026-06-25 20:10:44,801 [INFO] [pipeline] tensores: 2,585/5,174 (50%)
2026-06-25 20:10:44,847 [INFO] [pipeline] tensores: 3,102/5,174 (60%)
2026-06-25 20:10:44,892 [INFO] [pipeline] tensores: 3,619/5,174 (70%)
2026-06-25 20:10:44,937 [INFO] [pipeline] tensores: 4,136/5,174 (80%)
2026-06-25 20:10:44,982 [INFO] [pipeline] tensores: 4,653/5,174 (90%)
2026-06-25 20:10:45,026 [INFO] [pipeline] tensores: 5,170/5,174 (100%)
2026-06-25 20:10:45,082 [INFO] [pipeline/per_hospital] HSL: 5,174 sequências em 0.8s | dist={0: 67, 1: 45, 2: 3182, 3: 1280, 4: 600} | age_mean=0.52 sex_M=2859
2026-06-25 20:10:45,082 [INFO] [pipeline/per_hospital] concluído em 29.9s total
2026-06-25 20:10:45,301 [INFO] [db] Hospital BPSP → cliente 0: 20019 treino | 2859 val | 2859 cal | age_mean=0.51 sex_M=9591
2026-06-25 20:10:45,303 [INFO] [db] Hospital HSL → cliente 1: 3621 treino | 517 val | 517 cal | age_mean=0.52 sex_M=1981
2026-06-25 20:10:45,303 [INFO] [db] Teste global: 3381 amostras | Cal global: 3376 amostras | 2 clientes FL
2026-06-25 20:10:45,304 [INFO] [2/5] Aprendizado Federado...
2026-06-25 20:10:45,304 [INFO] Modo manual ativado (USE_RAY=False). Ray NÃO é necessário.
2026-06-25 20:10:45,304 [INFO] ============================================================
2026-06-25 20:10:45,304 [INFO] APRENDIZADO FEDERADO — SIMULAÇÃO MANUAL (SEM RAY)
2026-06-25 20:10:45,304 [INFO] ============================================================
2026-06-25 20:10:45,304 [INFO] Clientes: 2 | Rodadas: até 20
2026-06-25 20:10:45,307 [INFO] 
============================================================
2026-06-25 20:10:45,307 [INFO] RODADA 1/20
2026-06-25 20:10:45,308 [INFO] ============================================================
2026-06-25 20:10:45,308 [INFO]   [Cliente 0] Treinando...
2026-06-25 20:10:45,384 [INFO] class_weights client_id=0 weights=[0.36, 17.484, 47.104, 0.607, 2.007] counts={3: 6599, 0: 11111, 4: 1995, 1: 229, 2: 85}
2026-06-25 20:12:40,536 [INFO]   [Cliente 0] Loss: 1.3740 | Amostras: 20019
2026-06-25 20:12:40,536 [INFO]   [Cliente 1] Treinando...
2026-06-25 20:12:40,551 [INFO] class_weights client_id=1 weights=[15.743, 25.864, 0.324, 0.813, 1.724] counts={2: 2236, 3: 891, 4: 420, 1: 28, 0: 46}
2026-06-25 20:13:00,545 [INFO]   [Cliente 1] Loss: 1.4390 | Amostras: 3621
2026-06-25 20:13:00,545 [INFO]   [Servidor] Agregando pesos de 2 clientes...
2026-06-25 20:13:02,031 [INFO]   [Servidor] Rodada 1 em 136.72s | Loss: 1.1420 | Acc: 0.6217
2026-06-25 20:13:02,031 [INFO] 
============================================================
2026-06-25 20:13:02,031 [INFO] RODADA 2/20
2026-06-25 20:13:02,031 [INFO] ============================================================
2026-06-25 20:13:02,031 [INFO]   [Cliente 0] Treinando...
2026-06-25 20:13:02,102 [INFO] class_weights client_id=0 weights=[0.36, 17.484, 47.104, 0.607, 2.007] counts={4: 1995, 0: 11111, 3: 6599, 2: 85, 1: 229}
2026-06-25 20:14:49,773 [INFO]   [Cliente 0] Loss: 1.3299 | Amostras: 20019
2026-06-25 20:14:49,774 [INFO]   [Cliente 1] Treinando...
2026-06-25 20:14:49,792 [INFO] class_weights client_id=1 weights=[15.743, 25.864, 0.324, 0.813, 1.724] counts={2: 2236, 3: 891, 4: 420, 0: 46, 1: 28}
2026-06-25 20:15:08,073 [INFO]   [Cliente 1] Loss: 1.3839 | Amostras: 3621
2026-06-25 20:15:08,073 [INFO]   [Servidor] Agregando pesos de 2 clientes...
2026-06-25 20:15:09,513 [INFO]   [Servidor] Rodada 2 em 127.48s | Loss: 1.1901 | Acc: 0.5770
2026-06-25 20:15:09,513 [INFO] 
============================================================
2026-06-25 20:15:09,513 [INFO] RODADA 3/20
2026-06-25 20:15:09,513 [INFO] ============================================================
2026-06-25 20:15:09,513 [INFO]   [Cliente 0] Treinando...
2026-06-25 20:15:09,596 [INFO] class_weights client_id=0 weights=[0.36, 17.484, 47.104, 0.607, 2.007] counts={3: 6599, 0: 11111, 4: 1995, 1: 229, 2: 85}
2026-06-25 20:17:26,567 [INFO]   [Cliente 0] Loss: 1.3057 | Amostras: 20019
2026-06-25 20:17:26,567 [INFO]   [Cliente 1] Treinando...
2026-06-25 20:17:26,581 [INFO] class_weights client_id=1 weights=[15.743, 25.864, 0.324, 0.813, 1.724] counts={2: 2236, 3: 891, 4: 420, 0: 46, 1: 28}
2026-06-25 20:17:44,110 [INFO]   [Cliente 1] Loss: 1.3890 | Amostras: 3621
2026-06-25 20:17:44,110 [INFO]   [Servidor] Agregando pesos de 2 clientes...
2026-06-25 20:17:45,569 [INFO]   [Servidor] Rodada 3 em 156.06s | Loss: 1.1844 | Acc: 0.5543
2026-06-25 20:17:45,569 [INFO] 
============================================================
2026-06-25 20:17:45,569 [INFO] RODADA 4/20
2026-06-25 20:17:45,569 [INFO] ============================================================
2026-06-25 20:17:45,569 [INFO]   [Cliente 0] Treinando...
2026-06-25 20:17:45,644 [INFO] class_weights client_id=0 weights=[0.36, 17.484, 47.104, 0.607, 2.007] counts={0: 11111, 3: 6599, 4: 1995, 2: 85, 1: 229}
2026-06-25 20:20:01,540 [INFO]   [Cliente 0] Loss: 1.2848 | Amostras: 20019
2026-06-25 20:20:01,540 [INFO]   [Cliente 1] Treinando...
2026-06-25 20:20:01,555 [INFO] class_weights client_id=1 weights=[15.743, 25.864, 0.324, 0.813, 1.724] counts={2: 2236, 4: 420, 3: 891, 1: 28, 0: 46}
2026-06-25 20:20:20,790 [INFO]   [Cliente 1] Loss: 1.3653 | Amostras: 3621
2026-06-25 20:20:20,790 [INFO]   [Servidor] Agregando pesos de 2 clientes...
2026-06-25 20:20:22,192 [INFO]   [Servidor] Rodada 4 em 156.62s | Loss: 1.2447 | Acc: 0.5507
2026-06-25 20:20:22,192 [INFO]   [Convergência] Δ=0.00355 < 0.005 (1/3)
2026-06-25 20:20:22,192 [INFO] 
============================================================
2026-06-25 20:20:22,192 [INFO] RODADA 5/20
2026-06-25 20:20:22,192 [INFO] ============================================================
2026-06-25 20:20:22,192 [INFO]   [Cliente 0] Treinando...
2026-06-25 20:20:22,263 [INFO] class_weights client_id=0 weights=[0.36, 17.484, 47.104, 0.607, 2.007] counts={0: 11111, 3: 6599, 4: 1995, 1: 229, 2: 85}
2026-06-25 20:22:48,367 [INFO]   [Cliente 0] Loss: 1.2646 | Amostras: 20019
2026-06-25 20:22:48,367 [INFO]   [Cliente 1] Treinando...
2026-06-25 20:22:48,399 [INFO] class_weights client_id=1 weights=[15.743, 25.864, 0.324, 0.813, 1.724] counts={3: 891, 2: 2236, 4: 420, 0: 46, 1: 28}
2026-06-25 20:23:11,820 [INFO]   [Cliente 1] Loss: 1.3731 | Amostras: 3621
2026-06-25 20:23:11,820 [INFO]   [Servidor] Agregando pesos de 2 clientes...
2026-06-25 20:23:13,180 [INFO]   [Servidor] Rodada 5 em 170.99s | Loss: 1.1378 | Acc: 0.6125
2026-06-25 20:23:13,180 [INFO] 
============================================================
2026-06-25 20:23:13,180 [INFO] RODADA 6/20
2026-06-25 20:23:13,180 [INFO] ============================================================
2026-06-25 20:23:13,180 [INFO]   [Cliente 0] Treinando...
2026-06-25 20:23:13,252 [INFO] class_weights client_id=0 weights=[0.36, 17.484, 47.104, 0.607, 2.007] counts={3: 6599, 0: 11111, 4: 1995, 2: 85, 1: 229}
2026-06-25 20:25:26,583 [INFO]   [Cliente 0] Loss: 1.2533 | Amostras: 20019
2026-06-25 20:25:26,583 [INFO]   [Cliente 1] Treinando...
2026-06-25 20:25:26,598 [INFO] class_weights client_id=1 weights=[15.743, 25.864, 0.324, 0.813, 1.724] counts={4: 420, 2: 2236, 3: 891, 0: 46, 1: 28}
2026-06-25 20:25:53,229 [INFO]   [Cliente 1] Loss: 1.3490 | Amostras: 3621
2026-06-25 20:25:53,230 [INFO]   [Servidor] Agregando pesos de 2 clientes...
2026-06-25 20:25:54,668 [INFO]   [Servidor] Rodada 6 em 161.49s | Loss: 1.0781 | Acc: 0.6270
2026-06-25 20:25:54,669 [INFO] 
============================================================
2026-06-25 20:25:54,669 [INFO] RODADA 7/20
2026-06-25 20:25:54,669 [INFO] ============================================================
2026-06-25 20:25:54,669 [INFO]   [Cliente 0] Treinando...
2026-06-25 20:25:54,752 [INFO] class_weights client_id=0 weights=[0.36, 17.484, 47.104, 0.607, 2.007] counts={3: 6599, 0: 11111, 4: 1995, 1: 229, 2: 85}
2026-06-25 20:27:50,672 [INFO]   [Cliente 0] Loss: 1.2489 | Amostras: 20019
2026-06-25 20:27:50,673 [INFO]   [Cliente 1] Treinando...
2026-06-25 20:27:50,687 [INFO] class_weights client_id=1 weights=[15.743, 25.864, 0.324, 0.813, 1.724] counts={3: 891, 4: 420, 2: 2236, 0: 46, 1: 28}
2026-06-25 20:28:10,971 [INFO]   [Cliente 1] Loss: 1.3404 | Amostras: 3621
2026-06-25 20:28:10,972 [INFO]   [Servidor] Agregando pesos de 2 clientes...
2026-06-25 20:28:12,293 [INFO]   [Servidor] Rodada 7 em 137.62s | Loss: 1.1908 | Acc: 0.5167
2026-06-25 20:28:12,293 [INFO] 
============================================================
2026-06-25 20:28:12,294 [INFO] RODADA 8/20
2026-06-25 20:28:12,294 [INFO] ============================================================
2026-06-25 20:28:12,294 [INFO]   [Cliente 0] Treinando...
2026-06-25 20:28:12,365 [INFO] class_weights client_id=0 weights=[0.36, 17.484, 47.104, 0.607, 2.007] counts={3: 6599, 4: 1995, 0: 11111, 1: 229, 2: 85}
2026-06-25 20:30:21,361 [INFO]   [Cliente 0] Loss: 1.2445 | Amostras: 20019
2026-06-25 20:30:21,361 [INFO]   [Cliente 1] Treinando...
2026-06-25 20:30:21,377 [INFO] class_weights client_id=1 weights=[15.743, 25.864, 0.324, 0.813, 1.724] counts={2: 2236, 3: 891, 4: 420, 1: 28, 0: 46}
2026-06-25 20:30:42,757 [INFO]   [Cliente 1] Loss: 1.3427 | Amostras: 3621
2026-06-25 20:30:42,757 [INFO]   [Servidor] Agregando pesos de 2 clientes...
2026-06-25 20:30:44,170 [INFO]   [Servidor] Rodada 8 em 151.88s | Loss: 1.0718 | Acc: 0.6143
2026-06-25 20:30:44,170 [INFO] 
============================================================
2026-06-25 20:30:44,170 [INFO] RODADA 9/20
2026-06-25 20:30:44,170 [INFO] ============================================================
2026-06-25 20:30:44,171 [INFO]   [Cliente 0] Treinando...
2026-06-25 20:30:44,252 [INFO] class_weights client_id=0 weights=[0.36, 17.484, 47.104, 0.607, 2.007] counts={0: 11111, 4: 1995, 3: 6599, 1: 229, 2: 85}
2026-06-25 20:32:51,412 [INFO]   [Cliente 0] Loss: 1.2316 | Amostras: 20019
2026-06-25 20:32:51,412 [INFO]   [Cliente 1] Treinando...
2026-06-25 20:32:51,442 [INFO] class_weights client_id=1 weights=[15.743, 25.864, 0.324, 0.813, 1.724] counts={2: 2236, 3: 891, 4: 420, 0: 46, 1: 28}
2026-06-25 20:33:18,435 [INFO]   [Cliente 1] Loss: 1.3507 | Amostras: 3621
2026-06-25 20:33:18,435 [INFO]   [Servidor] Agregando pesos de 2 clientes...
2026-06-25 20:33:19,822 [INFO]   [Servidor] Rodada 9 em 155.65s | Loss: 1.1646 | Acc: 0.5960
2026-06-25 20:33:19,822 [INFO] 
============================================================
2026-06-25 20:33:19,822 [INFO] RODADA 10/20
2026-06-25 20:33:19,822 [INFO] ============================================================
2026-06-25 20:33:19,822 [INFO]   [Cliente 0] Treinando...
2026-06-25 20:33:19,902 [INFO] class_weights client_id=0 weights=[0.36, 17.484, 47.104, 0.607, 2.007] counts={4: 1995, 0: 11111, 3: 6599, 1: 229, 2: 85}
2026-06-25 20:35:42,054 [INFO]   [Cliente 0] Loss: 1.2328 | Amostras: 20019
2026-06-25 20:35:42,054 [INFO]   [Cliente 1] Treinando...
2026-06-25 20:35:42,090 [INFO] class_weights client_id=1 weights=[15.743, 25.864, 0.324, 0.813, 1.724] counts={2: 2236, 3: 891, 4: 420, 0: 46, 1: 28}
2026-06-25 20:36:04,021 [INFO]   [Cliente 1] Loss: 1.3670 | Amostras: 3621
2026-06-25 20:36:04,021 [INFO]   [Servidor] Agregando pesos de 2 clientes...
2026-06-25 20:36:05,403 [INFO]   [Servidor] Rodada 10 em 165.58s | Loss: 1.1475 | Acc: 0.5726
2026-06-25 20:36:05,403 [INFO] 
============================================================
2026-06-25 20:36:05,403 [INFO] RODADA 11/20
2026-06-25 20:36:05,403 [INFO] ============================================================
2026-06-25 20:36:05,403 [INFO]   [Cliente 0] Treinando...
2026-06-25 20:36:05,486 [INFO] class_weights client_id=0 weights=[0.36, 17.484, 47.104, 0.607, 2.007] counts={0: 11111, 3: 6599, 4: 1995, 1: 229, 2: 85}
2026-06-25 20:38:09,989 [INFO]   [Cliente 0] Loss: 1.2402 | Amostras: 20019
2026-06-25 20:38:09,989 [INFO]   [Cliente 1] Treinando...
2026-06-25 20:38:10,004 [INFO] class_weights client_id=1 weights=[15.743, 25.864, 0.324, 0.813, 1.724] counts={2: 2236, 3: 891, 4: 420, 1: 28, 0: 46}
2026-06-25 20:38:36,346 [INFO]   [Cliente 1] Loss: 1.3447 | Amostras: 3621
2026-06-25 20:38:36,346 [INFO]   [Servidor] Agregando pesos de 2 clientes...
2026-06-25 20:38:37,741 [INFO]   [Servidor] Rodada 11 em 152.34s | Loss: 1.1467 | Acc: 0.5998
2026-06-25 20:38:37,741 [INFO] 
============================================================
2026-06-25 20:38:37,741 [INFO] RODADA 12/20
2026-06-25 20:38:37,741 [INFO] ============================================================
2026-06-25 20:38:37,741 [INFO]   [Cliente 0] Treinando...
2026-06-25 20:38:37,823 [INFO] class_weights client_id=0 weights=[0.36, 17.484, 47.104, 0.607, 2.007] counts={0: 11111, 3: 6599, 1: 229, 4: 1995, 2: 85}
2026-06-25 20:40:47,928 [INFO]   [Cliente 0] Loss: 1.2350 | Amostras: 20019
2026-06-25 20:40:47,928 [INFO]   [Cliente 1] Treinando...
2026-06-25 20:40:47,943 [INFO] class_weights client_id=1 weights=[15.743, 25.864, 0.324, 0.813, 1.724] counts={3: 891, 2: 2236, 0: 46, 4: 420, 1: 28}
2026-06-25 20:41:08,300 [INFO]   [Cliente 1] Loss: 1.3796 | Amostras: 3621
2026-06-25 20:41:08,300 [INFO]   [Servidor] Agregando pesos de 2 clientes...
2026-06-25 20:41:09,567 [INFO]   [Servidor] Rodada 12 em 151.83s | Loss: 1.1498 | Acc: 0.5084
2026-06-25 20:41:09,567 [INFO] 
============================================================
2026-06-25 20:41:09,567 [INFO] RODADA 13/20
2026-06-25 20:41:09,567 [INFO] ============================================================
2026-06-25 20:41:09,567 [INFO]   [Cliente 0] Treinando...
2026-06-25 20:41:09,638 [INFO] class_weights client_id=0 weights=[0.36, 17.484, 47.104, 0.607, 2.007] counts={3: 6599, 0: 11111, 4: 1995, 2: 85, 1: 229}
2026-06-25 20:43:20,887 [INFO]   [Cliente 0] Loss: 1.2229 | Amostras: 20019
2026-06-25 20:43:20,887 [INFO]   [Cliente 1] Treinando...
2026-06-25 20:43:20,902 [INFO] class_weights client_id=1 weights=[15.743, 25.864, 0.324, 0.813, 1.724] counts={2: 2236, 3: 891, 1: 28, 4: 420, 0: 46}
2026-06-25 20:43:40,212 [INFO]   [Cliente 1] Loss: 1.3600 | Amostras: 3621
2026-06-25 20:43:40,212 [INFO]   [Servidor] Agregando pesos de 2 clientes...
2026-06-25 20:43:41,528 [INFO]   [Servidor] Rodada 13 em 151.96s | Loss: 1.1237 | Acc: 0.6205
2026-06-25 20:43:41,529 [INFO] 
============================================================
2026-06-25 20:43:41,529 [INFO] RODADA 14/20
2026-06-25 20:43:41,529 [INFO] ============================================================
2026-06-25 20:43:41,529 [INFO]   [Cliente 0] Treinando...
2026-06-25 20:43:41,601 [INFO] class_weights client_id=0 weights=[0.36, 17.484, 47.104, 0.607, 2.007] counts={3: 6599, 0: 11111, 4: 1995, 1: 229, 2: 85}
2026-06-25 20:45:45,795 [INFO]   [Cliente 0] Loss: 1.2276 | Amostras: 20019
2026-06-25 20:45:45,795 [INFO]   [Cliente 1] Treinando...
2026-06-25 20:45:45,810 [INFO] class_weights client_id=1 weights=[15.743, 25.864, 0.324, 0.813, 1.724] counts={2: 2236, 4: 420, 3: 891, 0: 46, 1: 28}
2026-06-25 20:46:08,048 [INFO]   [Cliente 1] Loss: 1.3624 | Amostras: 3621
2026-06-25 20:46:08,048 [INFO]   [Servidor] Agregando pesos de 2 clientes...
2026-06-25 20:46:09,395 [INFO]   [Servidor] Rodada 14 em 147.87s | Loss: 1.1297 | Acc: 0.5729
2026-06-25 20:46:09,395 [INFO] 
============================================================
2026-06-25 20:46:09,395 [INFO] RODADA 15/20
2026-06-25 20:46:09,395 [INFO] ============================================================
2026-06-25 20:46:09,395 [INFO]   [Cliente 0] Treinando...
2026-06-25 20:46:09,479 [INFO] class_weights client_id=0 weights=[0.36, 17.484, 47.104, 0.607, 2.007] counts={3: 6599, 4: 1995, 0: 11111, 2: 85, 1: 229}
2026-06-25 20:48:09,261 [INFO]   [Cliente 0] Loss: 1.2191 | Amostras: 20019
2026-06-25 20:48:09,261 [INFO]   [Cliente 1] Treinando...
2026-06-25 20:48:09,291 [INFO] class_weights client_id=1 weights=[15.743, 25.864, 0.324, 0.813, 1.724] counts={2: 2236, 3: 891, 4: 420, 0: 46, 1: 28}
2026-06-25 20:48:28,621 [INFO]   [Cliente 1] Loss: 1.3657 | Amostras: 3621
2026-06-25 20:48:28,621 [INFO]   [Servidor] Agregando pesos de 2 clientes...
2026-06-25 20:48:29,964 [INFO]   [Servidor] Rodada 15 em 140.57s | Loss: 1.1639 | Acc: 0.5037
2026-06-25 20:48:29,964 [INFO] 
============================================================
2026-06-25 20:48:29,964 [INFO] RODADA 16/20
2026-06-25 20:48:29,964 [INFO] ============================================================
2026-06-25 20:48:29,964 [INFO]   [Cliente 0] Treinando...
2026-06-25 20:48:30,045 [INFO] class_weights client_id=0 weights=[0.36, 17.484, 47.104, 0.607, 2.007] counts={3: 6599, 0: 11111, 4: 1995, 2: 85, 1: 229}
2026-06-25 20:50:29,832 [INFO]   [Cliente 0] Loss: 1.2147 | Amostras: 20019
2026-06-25 20:50:29,832 [INFO]   [Cliente 1] Treinando...
2026-06-25 20:50:29,846 [INFO] class_weights client_id=1 weights=[15.743, 25.864, 0.324, 0.813, 1.724] counts={3: 891, 4: 420, 2: 2236, 0: 46, 1: 28}
2026-06-25 20:50:47,200 [INFO]   [Cliente 1] Loss: 1.3553 | Amostras: 3621
2026-06-25 20:50:47,200 [INFO]   [Servidor] Agregando pesos de 2 clientes...
2026-06-25 20:50:48,403 [INFO]   [Servidor] Rodada 16 em 138.44s | Loss: 1.2091 | Acc: 0.5818
2026-06-25 20:50:48,403 [INFO] 
============================================================
2026-06-25 20:50:48,403 [INFO] RODADA 17/20
2026-06-25 20:50:48,403 [INFO] ============================================================
2026-06-25 20:50:48,403 [INFO]   [Cliente 0] Treinando...
2026-06-25 20:50:48,473 [INFO] class_weights client_id=0 weights=[0.36, 17.484, 47.104, 0.607, 2.007] counts={0: 11111, 3: 6599, 4: 1995, 1: 229, 2: 85}
2026-06-25 20:52:35,303 [INFO]   [Cliente 0] Loss: 1.2208 | Amostras: 20019
2026-06-25 20:52:35,303 [INFO]   [Cliente 1] Treinando...
2026-06-25 20:52:35,318 [INFO] class_weights client_id=1 weights=[15.743, 25.864, 0.324, 0.813, 1.724] counts={4: 420, 2: 2236, 3: 891, 0: 46, 1: 28}
2026-06-25 20:52:57,611 [INFO]   [Cliente 1] Loss: 1.3713 | Amostras: 3621
2026-06-25 20:52:57,611 [INFO]   [Servidor] Agregando pesos de 2 clientes...
2026-06-25 20:52:58,813 [INFO]   [Servidor] Rodada 17 em 130.41s | Loss: 1.1218 | Acc: 0.5948
2026-06-25 20:52:58,813 [INFO] 
============================================================
2026-06-25 20:52:58,813 [INFO] RODADA 18/20
2026-06-25 20:52:58,813 [INFO] ============================================================
2026-06-25 20:52:58,813 [INFO]   [Cliente 0] Treinando...
2026-06-25 20:52:58,883 [INFO] class_weights client_id=0 weights=[0.36, 17.484, 47.104, 0.607, 2.007] counts={4: 1995, 0: 11111, 1: 229, 3: 6599, 2: 85}
2026-06-25 20:54:37,190 [INFO]   [Cliente 0] Loss: 1.2235 | Amostras: 20019
2026-06-25 20:54:37,190 [INFO]   [Cliente 1] Treinando...
2026-06-25 20:54:37,219 [INFO] class_weights client_id=1 weights=[15.743, 25.864, 0.324, 0.813, 1.724] counts={2: 2236, 3: 891, 4: 420, 0: 46, 1: 28}
2026-06-25 20:54:53,755 [INFO]   [Cliente 1] Loss: 1.3657 | Amostras: 3621
2026-06-25 20:54:53,755 [INFO]   [Servidor] Agregando pesos de 2 clientes...
2026-06-25 20:54:54,953 [INFO]   [Servidor] Rodada 18 em 116.14s | Loss: 1.1879 | Acc: 0.6114
2026-06-25 20:54:54,953 [INFO] 
============================================================
2026-06-25 20:54:54,953 [INFO] RODADA 19/20
2026-06-25 20:54:54,953 [INFO] ============================================================
2026-06-25 20:54:54,953 [INFO]   [Cliente 0] Treinando...
2026-06-25 20:54:55,025 [INFO] class_weights client_id=0 weights=[0.36, 17.484, 47.104, 0.607, 2.007] counts={0: 11111, 3: 6599, 4: 1995, 1: 229, 2: 85}
2026-06-25 20:56:32,065 [INFO]   [Cliente 0] Loss: 1.2062 | Amostras: 20019
2026-06-25 20:56:32,065 [INFO]   [Cliente 1] Treinando...
2026-06-25 20:56:32,089 [INFO] class_weights client_id=1 weights=[15.743, 25.864, 0.324, 0.813, 1.724] counts={2: 2236, 3: 891, 4: 420, 0: 46, 1: 28}
2026-06-25 20:56:49,445 [INFO]   [Cliente 1] Loss: 1.3488 | Amostras: 3621
2026-06-25 20:56:49,445 [INFO]   [Servidor] Agregando pesos de 2 clientes...
2026-06-25 20:56:50,646 [INFO]   [Servidor] Rodada 19 em 115.69s | Loss: 1.1208 | Acc: 0.5930
2026-06-25 20:56:50,646 [INFO] 
============================================================
2026-06-25 20:56:50,646 [INFO] RODADA 20/20
2026-06-25 20:56:50,646 [INFO] ============================================================
2026-06-25 20:56:50,646 [INFO]   [Cliente 0] Treinando...
2026-06-25 20:56:50,722 [INFO] class_weights client_id=0 weights=[0.36, 17.484, 47.104, 0.607, 2.007] counts={0: 11111, 3: 6599, 1: 229, 4: 1995, 2: 85}
2026-06-25 20:58:46,130 [INFO]   [Cliente 0] Loss: 1.2068 | Amostras: 20019
2026-06-25 20:58:46,130 [INFO]   [Cliente 1] Treinando...
2026-06-25 20:58:46,160 [INFO] class_weights client_id=1 weights=[15.743, 25.864, 0.324, 0.813, 1.724] counts={2: 2236, 3: 891, 4: 420, 0: 46, 1: 28}
2026-06-25 20:59:03,825 [INFO]   [Cliente 1] Loss: 1.3663 | Amostras: 3621
2026-06-25 20:59:03,826 [INFO]   [Servidor] Agregando pesos de 2 clientes...
2026-06-25 20:59:05,017 [INFO]   [Servidor] Rodada 20 em 134.37s | Loss: 1.1197 | Acc: 0.5963
2026-06-25 20:59:05,017 [INFO]   [Convergência] Δ=0.00325 < 0.005 (1/3)
2026-06-25 20:59:05,017 [INFO] 
============================================================
2026-06-25 20:59:05,017 [INFO] SIMULAÇÃO CONCLUÍDA
2026-06-25 20:59:05,017 [INFO] ============================================================
2026-06-25 20:59:05,017 [INFO]   Rodadas:      20
2026-06-25 20:59:05,017 [INFO]   Convergência: Não
2026-06-25 20:59:05,017 [INFO]   Acurácia:     0.5963
2026-06-25 20:59:05,017 [INFO]   Loss:         1.1197
2026-06-25 20:59:05,017 [INFO]   Tráfego:      218.38 MB
2026-06-25 20:59:05,017 [INFO]   Tempo total:  2899.71s (48.33 min)
2026-06-25 20:59:05,017 [INFO] ============================================================
2026-06-25 20:59:05,017 [INFO] FL_TRAINING_COMPLETE rounds=20 converged=False accuracy=0.5963 loss=1.1197 duration_s=2899.7 traffic_mb=218.38
2026-06-25 20:59:05,018 [INFO] Histórico salvo: experiments/data/history_20260625_205905.json
2026-06-25 20:59:06,224 [INFO] Avaliação pré-calibração — ECE=0.1046 AUC=0.7456 F1=0.3515
2026-06-25 20:59:07,412 [INFO] temperature_scaling_fit T=1.4418
2026-06-25 20:59:07,413 [INFO] Calibração concluída — T=1.4418 (cal_set=3376 amostras)
2026-06-25 20:59:08,614 [INFO] Avaliação pós-calibração  — ECE=0.1796 AUC=0.7423 F1=0.3515
2026-06-25 20:59:08,614 [INFO] Relatório de avaliação salvo: experiments/logs/evaluation_round_20.json
2026-06-25 20:59:08,623 [INFO] postgres_checkpoint_store_ready
2026-06-25 20:59:08,670 [INFO] checkpoint_saved_postgres round=20 accuracy=0.5963 T=1.4418 vocab_size=648 sha256=d908d51eee87
2026-06-25 20:59:08,670 [INFO] Checkpoint salvo no store (PostgreSQLCheckpointStore, vocab_size=648, T=1.4418)
2026-06-25 20:59:08,674 [INFO] metrics_saved round=20 acc=0.5963 auc=n/a ece=n/a rag_p@k=n/a source=fapesp
2026-06-25 20:59:08,674 [INFO] [3/5] Pipeline RAG...
2026-06-25 20:59:08,674 [INFO] ============================================================
2026-06-25 20:59:08,674 [INFO] PIPELINE RAG
2026-06-25 20:59:08,674 [INFO] ============================================================
2026-06-25 20:59:08,674 [ERROR] Erro no RAG: too many values to unpack (expected 2)
2026-06-25 20:59:08,674 [INFO] [4/5] Baseline Random Forest...
2026-06-25 20:59:08,712 [INFO] ============================================================
2026-06-25 20:59:08,712 [INFO] BASELINE — Random Forest (Bag-of-Tokens)
2026-06-25 20:59:08,712 [INFO] ============================================================
2026-06-25 20:59:08,712 [INFO]   vocab_size: 10000 | classes: ['curado_pronto', 'curado_internado', 'melhora_pronto', 'melhora_internado_breve', 'melhora_internado_grave']
2026-06-25 20:59:08,811 [INFO]   Teste: 3381 amostras | distribuição: {'curado_pronto': 1620, 'curado_internado': 28, 'melhora_pronto': 321, 'melhora_internado_breve': 1074, 'melhora_internado_grave': 338}
2026-06-25 20:59:08,811 [INFO] 
[Opção A] RF Centralizado — pool de todos os clientes
2026-06-25 20:59:09,417 [INFO]   Cliente 0: 20019 amostras
2026-06-25 20:59:09,531 [INFO]   Cliente 1: 3621 amostras
2026-06-25 20:59:09,683 [INFO]   Pool total: 23640 amostras
2026-06-25 20:59:20,449 [INFO]   Resultado → Acc=0.6871  AUC=0.7936  F1=0.5103  ECE=0.0666
2026-06-25 20:59:20,449 [INFO] 
[Opção B] RF por Hospital — modelo independente por cliente
2026-06-25 20:59:28,735 [INFO]   Hospital 0: Acc=0.5963  AUC=0.7295  F1=0.3371  (treino=20019, classes_locais=5)
2026-06-25 20:59:29,687 [INFO]   Hospital 1: Acc=0.2408  AUC=0.6840  F1=0.1847  (treino=3621, classes_locais=5)
2026-06-25 20:59:29,688 [INFO] 
============================================================
2026-06-25 20:59:29,688 [INFO] TABELA COMPARATIVA — Baseline vs. BEHRT (FL)
2026-06-25 20:59:29,688 [INFO] ============================================================
2026-06-25 20:59:29,688 [INFO] Modelo                                     Accuracy  AUC-ROC F1 Macro     ECE
2026-06-25 20:59:29,688 [INFO] ----------------------------------------------------------------------------
2026-06-25 20:59:29,688 [INFO] RF Centralizado (BoT)                        0.6871   0.7936   0.5103   0.0666
2026-06-25 20:59:29,688 [INFO]   RF Hospital 0 (BoT)                        0.5963   0.7295   0.3371   0.0485
2026-06-25 20:59:29,688 [INFO]   RF Hospital 1 (BoT)                        0.2408   0.6840   0.1847   0.2575
2026-06-25 20:59:29,688 [INFO] ----------------------------------------------------------------------------
2026-06-25 20:59:29,688 [INFO] SimplifiedBEHRT (FL) — ver evaluation_round_*.json
2026-06-25 20:59:29,688 [INFO] ============================================================
2026-06-25 20:59:29,692 [INFO] Baseline salvo: experiments/data/baseline_rf_20260625_205929.json
2026-06-25 20:59:29,723 [INFO] metrics_saved round=0 acc=0.6871 auc=0.7936 ece=0.0666 rag_p@k=n/a source=fapesp_baseline_rf
2026-06-25 20:59:29,723 [INFO] [5/5] Ablation study — late fusion demográfica...
2026-06-25 20:59:29,723 [INFO] ============================================================
2026-06-25 20:59:29,723 [INFO] ABLATION — Late Fusion Demográfica
2026-06-25 20:59:29,723 [INFO]   Fonte dos demográficos: dados reais (FAPESP)
2026-06-25 20:59:29,724 [INFO]   ablation_A_sem_demo:    SimplifiedBEHRT sem demográficos (demo_dim=0)
2026-06-25 20:59:29,724 [INFO]   ablation_B_late_fusion: SimplifiedBEHRT + late fusion (demo_dim=2)
2026-06-25 20:59:29,724 [INFO]   Épocas locais: 10 | seed: 42
2026-06-25 20:59:29,724 [INFO] ============================================================
2026-06-25 20:59:29,724 [INFO] 
[Ablação] Treinando ablation_A_sem_demo (demo_dim=0, épocas=10)...
2026-06-25 21:10:10,274 [INFO]   ablation_A_sem_demo: Acc=0.6022 | F1=0.4031
2026-06-25 21:10:10,274 [INFO] 
[Ablação] Treinando ablation_B_late_fusion (demo_dim=2, épocas=10)...
2026-06-25 21:20:58,547 [INFO]   ablation_B_late_fusion: Acc=0.5924 | F1=0.3707
2026-06-25 21:20:58,547 [INFO] 
[Ablação] Δ (B − A): Acc=-0.0098 | F1=-0.0324
2026-06-25 21:20:58,547 [INFO] 
======================================================================
2026-06-25 21:20:58,547 [INFO] RESULTADO ABLAÇÃO — Late Fusion Demográfica
2026-06-25 21:20:58,547 [INFO] ======================================================================
2026-06-25 21:20:58,547 [INFO] Config                              Accuracy F1 Macro
2026-06-25 21:20:58,547 [INFO] -------------------------------------------------------
2026-06-25 21:20:58,547 [INFO] ablation_A_sem_demo                   0.6022   0.4031
2026-06-25 21:20:58,547 [INFO] ablation_B_late_fusion                0.5924   0.3707
2026-06-25 21:20:58,547 [INFO] Δ (B − A)                            -0.0098  -0.0324
2026-06-25 21:20:58,547 [INFO] ======================================================================
2026-06-25 21:20:58,547 [INFO] Ablation salvo: experiments/data/ablation_demo_20260625_212058.json
2026-06-25 21:20:58,547 [INFO] ============================================================
2026-06-25 21:20:58,547 [INFO] CONCLUÍDO
2026-06-25 21:20:58,547 [INFO]   Modo dados:     fapesp
2026-06-25 21:20:58,547 [INFO]   Clientes FL:    2
2026-06-25 21:20:58,547 [INFO]   RAG confiável:  False
2026-06-25 21:20:58,547 [INFO]   RF centralizado: Acc=0.6871  AUC=0.7936  F1=0.5103
2026-06-25 21:20:58,547 [INFO]   Ablation Δ Acc: -0.0098
2026-06-25 21:20:58,547 [INFO]   Logs em:        experiments/logs/run_complete_20260625_201012.log
2026-06-25 21:20:58,547 [INFO] ============================================================
2026-06-25 21:20:58,547 [INFO] TREINAMENTO_COMPLETO status=ok fl_rounds=20 rag_ok=False baseline_rf_ok=True ablation_ok=True log=experiments/logs/run_complete_20260625_201012.log
