=== 1/4 training-bpsp-only ===
2026-06-30 09:14:36,782 [INFO] setup plugin alembic.autogenerate.schemas
2026-06-30 09:14:36,783 [INFO] setup plugin alembic.autogenerate.tables
2026-06-30 09:14:36,783 [INFO] setup plugin alembic.autogenerate.types
2026-06-30 09:14:36,783 [INFO] setup plugin alembic.autogenerate.constraints
2026-06-30 09:14:36,783 [INFO] setup plugin alembic.autogenerate.defaults
2026-06-30 09:14:36,783 [INFO] setup plugin alembic.autogenerate.comments
2026-06-30 09:14:38,036 [INFO] ============================================================
2026-06-30 09:14:38,036 [INFO] MOSAIC-FL — Treinamento Federado com Dados Reais FAPESP
2026-06-30 09:14:38,036 [INFO] Autora: Jacqueline Abreu | ICMC/USP
2026-06-30 09:14:38,036 [INFO] ============================================================
2026-06-30 09:14:38,036 [INFO] Ambiente: production | Log: experiments/logs/run_complete_20260630_091435.log
2026-06-30 09:14:38,051 [INFO] postgres_metrics_store_ready
2026-06-30 09:14:38,051 [INFO] [1/5] Carregando dados do banco (SequencePipeline)...
2026-06-30 09:14:38,051 [INFO] [db] FL_INCLUDE_HOSPITALS=['BPSP'] — leave-one-client-out mode
2026-06-30 09:14:38,051 [INFO] [db] Iniciando carregamento via SequencePipeline...
2026-06-30 09:14:38,051 [INFO] [pipeline] conectando ao banco: postgresql://mosaicfl:senhaForte@localhost:5432/mo...
2026-06-30 09:14:38,061 [INFO] [pipeline] conexão OK
2026-06-30 09:14:38,061 [INFO] [pipeline] executando query (max_seq_len=128 — pode levar alguns minutos)...
2026-06-30 09:14:58,366 [INFO] [pipeline] query concluída em 20.3s — 4,145,906 linhas
2026-06-30 09:14:58,579 [INFO] [pipeline/per_hospital] hospitais encontrados: ['BPSP', 'HSL']
2026-06-30 09:14:58,579 [INFO] [pipeline/per_hospital] construindo vocabulário global...
2026-06-30 09:14:59,634 [INFO] vocab_built mode=FULL tokens=646 total=649
2026-06-30 09:14:59,658 [INFO] [pipeline/per_hospital] vocabulário: 649 tokens em 1.1s
2026-06-30 09:15:00,691 [INFO] [pipeline/per_hospital] BPSP: construindo tensores (28,599 atendimentos)...
2026-06-30 09:15:02,522 [INFO] [pipeline] tensores: 2,859/28,599 (10%)
2026-06-30 09:15:02,760 [INFO] [pipeline] tensores: 5,718/28,599 (20%)
2026-06-30 09:15:02,985 [INFO] [pipeline] tensores: 8,577/28,599 (30%)
2026-06-30 09:15:03,208 [INFO] [pipeline] tensores: 11,436/28,599 (40%)
2026-06-30 09:15:03,435 [INFO] [pipeline] tensores: 14,295/28,599 (50%)
2026-06-30 09:15:03,660 [INFO] [pipeline] tensores: 17,154/28,599 (60%)
2026-06-30 09:15:03,883 [INFO] [pipeline] tensores: 20,013/28,599 (70%)
2026-06-30 09:15:04,109 [INFO] [pipeline] tensores: 22,872/28,599 (80%)
2026-06-30 09:15:04,335 [INFO] [pipeline] tensores: 25,731/28,599 (90%)
2026-06-30 09:15:04,565 [INFO] [pipeline] tensores: 28,590/28,599 (100%)
2026-06-30 09:15:04,847 [INFO] [pipeline/per_hospital] BPSP: 28,599 sequências em 4.2s | dist={0: 15892, 1: 318, 2: 120, 3: 9448, 4: 2821} | age_mean=0.51 sex_M=13664
2026-06-30 09:15:05,279 [INFO] [pipeline/per_hospital] HSL: construindo tensores (5,174 atendimentos)...
2026-06-30 09:15:05,613 [INFO] [pipeline] tensores: 517/5,174 (10%)
2026-06-30 09:15:05,657 [INFO] [pipeline] tensores: 1,034/5,174 (20%)
2026-06-30 09:15:05,700 [INFO] [pipeline] tensores: 1,551/5,174 (30%)
2026-06-30 09:15:05,742 [INFO] [pipeline] tensores: 2,068/5,174 (40%)
2026-06-30 09:15:05,786 [INFO] [pipeline] tensores: 2,585/5,174 (50%)
2026-06-30 09:15:05,828 [INFO] [pipeline] tensores: 3,102/5,174 (60%)
2026-06-30 09:15:05,871 [INFO] [pipeline] tensores: 3,619/5,174 (70%)
2026-06-30 09:15:05,913 [INFO] [pipeline] tensores: 4,136/5,174 (80%)
2026-06-30 09:15:05,956 [INFO] [pipeline] tensores: 4,653/5,174 (90%)
2026-06-30 09:15:05,999 [INFO] [pipeline] tensores: 5,170/5,174 (100%)
2026-06-30 09:15:06,049 [INFO] [pipeline/per_hospital] HSL: 5,174 sequências em 0.8s | dist={0: 67, 1: 45, 2: 3182, 3: 1280, 4: 600} | age_mean=0.52 sex_M=2859
2026-06-30 09:15:06,049 [INFO] [pipeline/per_hospital] concluído em 28.0s total
2026-06-30 09:15:06,253 [INFO] [db] Hospital BPSP → cliente 0: 20019 treino | 2859 val | 2859 cal | age_mean=0.51 sex_M=9540
2026-06-30 09:15:06,254 [INFO] [db] Hospital HSL → excluído do treino (FL_INCLUDE_HOSPITALS); test/cal mantidos globais
2026-06-30 09:15:06,255 [INFO] [db] Teste global: 3381 amostras | Cal global: 3376 amostras | 1 clientes FL
2026-06-30 09:15:06,255 [INFO] [2/5] Aprendizado Federado...
2026-06-30 09:15:06,255 [INFO] Modo manual ativado (USE_RAY=False). Ray NÃO é necessário.
2026-06-30 09:15:06,255 [INFO] ============================================================
2026-06-30 09:15:06,255 [INFO] APRENDIZADO FEDERADO — SIMULAÇÃO MANUAL (SEM RAY)
2026-06-30 09:15:06,256 [INFO] ============================================================
2026-06-30 09:15:06,256 [INFO] Clientes: 1 | Rodadas: até 120 | Agregação: FedNova | seed=42
2026-06-30 09:15:06,259 [INFO] postgres_checkpoint_store_ready
2026-06-30 09:15:06,272 [INFO] training_registered_postgres id=9 algorithm=FedNova criterion=f1_macro
2026-06-30 09:15:06,272 [INFO] training_registered id=9 algorithm=FedNova criterion=f1_macro n_rounds_max=120
2026-06-30 09:15:06,272 [INFO] 
============================================================
2026-06-30 09:15:06,272 [INFO] RODADA 1/120
2026-06-30 09:15:06,272 [INFO] ============================================================
2026-06-30 09:15:06,272 [INFO]   [Cliente 0] Treinando...
2026-06-30 09:15:06,346 [INFO] class_weights client_id=0 weights=[0.361, 15.0, 15.0, 0.604, 2.015] counts={0: 11098, 3: 6625, 4: 1987, 1: 219, 2: 90}
