[92mINFO [0m:      Starting Flower SuperNode
[92mINFO [0m:      Flower Deployment Runtime: Starting ClientAppIo API on 0.0.0.0:9094
[92mINFO [0m:      SuperNode ID: 8218414855266846804
[92mINFO [0m:      Starting Flower SuperExec
[92mINFO [0m:      
[92mINFO [0m:      [RUN 1635595228009760261]
[92mINFO [0m:      Receiving: get_parameters message (ID: 116078ecbc4bbface0bd982520845c9519d335e53b97410dac69304acf5654d5)
[92mINFO [0m:      Received successfully
[92mINFO [0m:      Start `flwr-clientapp` process
Successfully installed mosaicfl to /home/jacabreu/.flwr/apps/mosaic-fl.mosaicfl.0.2.0.087022cd.
[FACTORY] ValidaĂ§ĂŁo falhou: Erro de conexĂŁo: Can't load plugin: sqlalchemy.dialects:postgres
[91mERROR [0m:     ClientApp raised an exception
Traceback (most recent call last):
  File "/home/jacabreu/studies/usp/tcc/mosaic-fl/.venv/lib/python3.12/site-packages/flwr/supernode/runtime/run_clientapp.py", line 173, in run_clientapp
    reply_message = client_app(message=message, context=context)
                    ^^^^^^^^^^^^^^^^^^^^^^^^^^^^^^^^^^^^^^^^^^^^
  File "/home/jacabreu/studies/usp/tcc/mosaic-fl/.venv/lib/python3.12/site-packages/flwr/clientapp/client_app.py", line 144, in __call__
    return self._call(message, context)
           ^^^^^^^^^^^^^^^^^^^^^^^^^^^^
  File "/home/jacabreu/studies/usp/tcc/mosaic-fl/.venv/lib/python3.12/site-packages/flwr/clientapp/client_app.py", line 128, in ffn
    out_message = handle_legacy_message_from_msgtype(
                  ^^^^^^^^^^^^^^^^^^^^^^^^^^^^^^^^^^^
  File "/home/jacabreu/studies/usp/tcc/mosaic-fl/.venv/lib/python3.12/site-packages/flwr/client/message_handler/message_handler.py", line 97, in handle_legacy_message_from_msgtype
    client = client_fn(context)
             ^^^^^^^^^^^^^^^^^^
  File "/home/jacabreu/.flwr/apps/mosaic-fl.mosaicfl.0.2.0.087022cd/infrastructure/mosaicfl_client/runner/supernode.py", line 44, in _client_fn
    source = DataSourceFactory.create(data_source_type, hospital_id=hospital_id)
             ^^^^^^^^^^^^^^^^^^^^^^^^^^^^^^^^^^^^^^^^^^^^^^^^^^^^^^^^^^^^^^^^^^^
  File "/home/jacabreu/.flwr/apps/mosaic-fl.mosaicfl.0.2.0.087022cd/infrastructure/mosaicfl_client/datasource/factory.py", line 53, in create
    raise RuntimeError(f"Fonte de dados invĂˇlida: {msg}")
RuntimeError: Fonte de dados invĂˇlida: Erro de conexĂŁo: Can't load plugin: sqlalchemy.dialects:postgres
[92mINFO [0m:      
[92mINFO [0m:      
[92mINFO [0m:      [RUN 1635595228009760261]
[92mINFO [0m:      Sending: get_parameters message (ID: 035f451198df8e68c95c18f9085d5e9ce756a3dec290d1b9dd1569f8f7acd424)
[92mINFO [0m:      Sent successfully
