[92mINFO [0m:      Starting Flower SuperNode
[92mINFO [0m:      Flower Deployment Runtime: Starting ClientAppIo API on 0.0.0.0:9094
[92mINFO [0m:      SuperNode ID: 16293171586091089982
[92mINFO [0m:      Starting Flower SuperExec
[92mINFO [0m:      
[92mINFO [0m:      [RUN 10608780756700919043]
[92mINFO [0m:      Receiving: get_parameters message (ID: d3ebd5fd88bfc7a8dd7035094c32a7edc0ca388bd9327d1617deeb0adc673fe8)
[92mINFO [0m:      Received successfully
[92mINFO [0m:      Start `flwr-clientapp` process
Successfully installed mosaicfl to /home/jacabreu/.flwr/apps/mosaic-fl.mosaicfl.0.2.0.21ac8b57.
[FACTORY] ValidaĂ§ĂŁo falhou: Connection string nĂŁo configurada. Defina FL_DB_URL.
[91mERROR [0m:     ClientApp raised an exception
Traceback (most recent call last):
  File "/home/jacabreu/studies/usp/tcc/mosaic-fl/.venv/lib/python3.12/site-packages/flwr/supernode/runtime/run_clientapp.py", line 173, in run_clientapp
    reply_message = client_app(message=message, context=context)
                    ^^^^^^^^^^^^^^^^^^^^^^^^^^^^^^^^^^^^^^^^^^^^
  File "/home/jacabreu/studies/usp/tcc/mosaic-fl/.venv/lib/python3.12/site-packages/flwr/clientapp/client_app.py", line 144, in __call__
    return self._call(message, context)
           ^^^^^^^^^^^^^^^^^^^^^^^^^^^^
  File "/home/jacabreu/studies/usp/tcc/mosaic-fl/.venv/lib/python3.12/site-packages/flwr/clientapp/client_app.py", line 128, in ffn
    out_message = handle_legacy_message_from_msgtype(
                  ^^^^^^^^^^^^^^^^^^^^^^^^^^^^^^^^^^^
  File "/home/jacabreu/studies/usp/tcc/mosaic-fl/.venv/lib/python3.12/site-packages/flwr/client/message_handler/message_handler.py", line 97, in handle_legacy_message_from_msgtype
    client = client_fn(context)
             ^^^^^^^^^^^^^^^^^^
  File "/home/jacabreu/.flwr/apps/mosaic-fl.mosaicfl.0.2.0.21ac8b57/infrastructure/mosaicfl_client/runner/supernode.py", line 44, in _client_fn
    source = DataSourceFactory.create(data_source_type, hospital_id=hospital_id)
             ^^^^^^^^^^^^^^^^^^^^^^^^^^^^^^^^^^^^^^^^^^^^^^^^^^^^^^^^^^^^^^^^^^^
  File "/home/jacabreu/.flwr/apps/mosaic-fl.mosaicfl.0.2.0.21ac8b57/infrastructure/mosaicfl_client/datasource/factory.py", line 53, in create
    raise RuntimeError(f"Fonte de dados invĂˇlida: {msg}")
RuntimeError: Fonte de dados invĂˇlida: Connection string nĂŁo configurada. Defina FL_DB_URL.
[92mINFO [0m:      
[92mINFO [0m:      
[92mINFO [0m:      [RUN 10608780756700919043]
[92mINFO [0m:      Sending: get_parameters message (ID: a85fb7c3b3f965302d422e728d40a0681797d9990c2d028151eed126f7e207cf)
[92mINFO [0m:      Sent successfully
