[92mINFO [0m:      Starting Flower SuperNode
[92mINFO [0m:      Flower Deployment Runtime: Starting ClientAppIo API on 0.0.0.0:9094
[92mINFO [0m:      SuperNode ID: 16833742515724431393
[92mINFO [0m:      Starting Flower SuperExec
[92mINFO [0m:      
[92mINFO [0m:      [RUN 12945400730222074568]
[92mINFO [0m:      Receiving: get_parameters message (ID: ea3bc7d0425f0b5b3c5921926a9e2a72449e62ba2d25e108bb95c537c2eeae6f)
[92mINFO [0m:      Received successfully
[92mINFO [0m:      Start `flwr-clientapp` process
Successfully installed mosaicfl to /home/jacabreu/.flwr/apps/mosaic-fl.mosaicfl.0.2.0.3eab8d66.
[SGBD] standard_vocab.json não encontrado — vocab será construído localmente. Execute scripts/build_standard_vocab.py antes do treinamento federado em produção.
[pipeline] conectando ao banco: postgresql://mosaicfl:senhaForte@localhost:5432/mo...
[pipeline] conexão OK
[pipeline] executando query (max_seq_len=128 — pode levar alguns minutos)...
[pipeline] query concluída em 3.2s — 300,433 linhas
[pipeline] filtrado para hospital_id='HSL' — 300,433 linhas
[pipeline] 5,174 atendimentos únicos encontrados
[pipeline] construindo vocabulário local (simulação)...
[pipeline] vocabulário pronto em 0.2s — 467 tokens
[pipeline] construindo tensores para 5,174 sequências...
[pipeline] tensores: 517/5,174 (10%)
[pipeline] tensores: 1,034/5,174 (20%)
[pipeline] tensores: 1,551/5,174 (30%)
[pipeline] tensores: 2,068/5,174 (40%)
[pipeline] tensores: 2,585/5,174 (50%)
[pipeline] tensores: 3,102/5,174 (60%)
[pipeline] tensores: 3,619/5,174 (70%)
[pipeline] tensores: 4,136/5,174 (80%)
[pipeline] tensores: 4,653/5,174 (90%)
[pipeline] tensores: 5,170/5,174 (100%)
[pipeline] tensores prontos em 1.4s
[pipeline] concluído em 5.0s total — 5,174 pacientes | dist={0: 67, 1: 45, 2: 3182, 3: 1280, 4: 600} | demográficos: age_mean=0.52 sex_M=2859/5174
[92mINFO [0m:      
[92mINFO [0m:      [RUN 12945400730222074568]
[92mINFO [0m:      Sending: get_parameters message (ID: 546cd82bff392fdf7af780cd858434960b894c4a29ab67b149157dfe88fc4cbb)
[92mINFO [0m:      
[92mINFO [0m:      Sent successfully
[92mINFO [0m:      
[92mINFO [0m:      [RUN 12945400730222074568, ROUND 1]
[92mINFO [0m:      Receiving: train message (ID: fc2a9ecfb0f91c10faa088799a539aebe2e770972dc34eb69766c7e31cc106e7)
[92mINFO [0m:      Received successfully
[92mINFO [0m:      Start `flwr-clientapp` process
[SGBD] standard_vocab.json não encontrado — vocab será construído localmente. Execute scripts/build_standard_vocab.py antes do treinamento federado em produção.
[pipeline] conectando ao banco: postgresql://mosaicfl:senhaForte@localhost:5432/mo...
[pipeline] conexão OK
[pipeline] executando query (max_seq_len=128 — pode levar alguns minutos)...
[pipeline] query concluída em 3.3s — 300,433 linhas
[pipeline] filtrado para hospital_id='HSL' — 300,433 linhas
[pipeline] 5,174 atendimentos únicos encontrados
[pipeline] construindo vocabulário local (simulação)...
[pipeline] vocabulário pronto em 0.2s — 467 tokens
[pipeline] construindo tensores para 5,174 sequências...
[pipeline] tensores: 517/5,174 (10%)
[pipeline] tensores: 1,034/5,174 (20%)
[pipeline] tensores: 1,551/5,174 (30%)
[pipeline] tensores: 2,068/5,174 (40%)
[pipeline] tensores: 2,585/5,174 (50%)
[pipeline] tensores: 3,102/5,174 (60%)
[pipeline] tensores: 3,619/5,174 (70%)
[pipeline] tensores: 4,136/5,174 (80%)
[pipeline] tensores: 4,653/5,174 (90%)
[pipeline] tensores: 5,170/5,174 (100%)
[pipeline] tensores prontos em 1.4s
[pipeline] concluído em 5.0s total — 5,174 pacientes | dist={0: 67, 1: 45, 2: 3182, 3: 1280, 4: 600} | demográficos: age_mean=0.52 sex_M=2859/5174
[91mERROR [0m:     ClientApp raised an exception
Traceback (most recent call last):
  File "/home/jacabreu/studies/usp/tcc/mosaic-fl/.venv/lib/python3.12/site-packages/flwr/supernode/runtime/run_clientapp.py", line 173, in run_clientapp
    reply_message = client_app(message=message, context=context)
                    ^^^^^^^^^^^^^^^^^^^^^^^^^^^^^^^^^^^^^^^^^^^^
  File "/home/jacabreu/studies/usp/tcc/mosaic-fl/.venv/lib/python3.12/site-packages/flwr/clientapp/client_app.py", line 144, in __call__
    return self._call(message, context)
           ^^^^^^^^^^^^^^^^^^^^^^^^^^^^
  File "/home/jacabreu/studies/usp/tcc/mosaic-fl/.venv/lib/python3.12/site-packages/flwr/clientapp/client_app.py", line 128, in ffn
    out_message = handle_legacy_message_from_msgtype(
                  ^^^^^^^^^^^^^^^^^^^^^^^^^^^^^^^^^^^
  File "/home/jacabreu/studies/usp/tcc/mosaic-fl/.venv/lib/python3.12/site-packages/flwr/client/message_handler/message_handler.py", line 129, in handle_legacy_message_from_msgtype
    fit_res = maybe_call_fit(
              ^^^^^^^^^^^^^^^
  File "/home/jacabreu/studies/usp/tcc/mosaic-fl/.venv/lib/python3.12/site-packages/flwr/client/client.py", line 224, in maybe_call_fit
    return client.fit(fit_ins)
           ^^^^^^^^^^^^^^^^^^^
  File "/home/jacabreu/studies/usp/tcc/mosaic-fl/.venv/lib/python3.12/site-packages/flwr/client/numpy_client.py", line 227, in _fit
    results = self.numpy_client.fit(parameters, ins.config)  # type: ignore
              ^^^^^^^^^^^^^^^^^^^^^^^^^^^^^^^^^^^^^^^^^^^^^
  File "/home/jacabreu/studies/usp/tcc/mosaic-fl/src/mosaicfl/core/client.py", line 120, in fit
    for batch_x, batch_y, batch_dia in self.train_loader:
        ^^^^^^^^^^^^^^^^^^^^^^^^^^^
ValueError: not enough values to unpack (expected 3, got 2)
[92mINFO [0m:      
[92mINFO [0m:      
[92mINFO [0m:      [RUN 12945400730222074568, ROUND 1]
[92mINFO [0m:      Sending: train message (ID: 73f0251375350b7b49db59448e2fc8fb9ce513ab2c3e42beb570d1301ecdc7c1)
[92mINFO [0m:      Sent successfully
[92mINFO [0m:      
[92mINFO [0m:      [RUN 12945400730222074568, ROUND 1]
[92mINFO [0m:      Receiving: evaluate message (ID: 9b136a374250c0bcf9a549f52ea190e88db304423db3a7a934f3dd204b8d3e7a)
[92mINFO [0m:      Received successfully
[92mINFO [0m:      Start `flwr-clientapp` process
[SGBD] standard_vocab.json não encontrado — vocab será construído localmente. Execute scripts/build_standard_vocab.py antes do treinamento federado em produção.
[pipeline] conectando ao banco: postgresql://mosaicfl:senhaForte@localhost:5432/mo...
[pipeline] conexão OK
[pipeline] executando query (max_seq_len=128 — pode levar alguns minutos)...
[pipeline] query concluída em 3.2s — 300,433 linhas
[pipeline] filtrado para hospital_id='HSL' — 300,433 linhas
[pipeline] 5,174 atendimentos únicos encontrados
[pipeline] construindo vocabulário local (simulação)...
[pipeline] vocabulário pronto em 0.2s — 467 tokens
[pipeline] construindo tensores para 5,174 sequências...
[pipeline] tensores: 517/5,174 (10%)
[pipeline] tensores: 1,034/5,174 (20%)
[pipeline] tensores: 1,551/5,174 (30%)
[pipeline] tensores: 2,068/5,174 (40%)
[pipeline] tensores: 2,585/5,174 (50%)
[pipeline] tensores: 3,102/5,174 (60%)
[pipeline] tensores: 3,619/5,174 (70%)
[pipeline] tensores: 4,136/5,174 (80%)
[pipeline] tensores: 4,653/5,174 (90%)
[pipeline] tensores: 5,170/5,174 (100%)
[pipeline] tensores prontos em 1.4s
[pipeline] concluído em 4.9s total — 5,174 pacientes | dist={0: 67, 1: 45, 2: 3182, 3: 1280, 4: 600} | demográficos: age_mean=0.52 sex_M=2859/5174
[91mERROR [0m:     ClientApp raised an exception
Traceback (most recent call last):
  File "/home/jacabreu/studies/usp/tcc/mosaic-fl/.venv/lib/python3.12/site-packages/flwr/supernode/runtime/run_clientapp.py", line 173, in run_clientapp
    reply_message = client_app(message=message, context=context)
                    ^^^^^^^^^^^^^^^^^^^^^^^^^^^^^^^^^^^^^^^^^^^^
  File "/home/jacabreu/studies/usp/tcc/mosaic-fl/.venv/lib/python3.12/site-packages/flwr/clientapp/client_app.py", line 144, in __call__
    return self._call(message, context)
           ^^^^^^^^^^^^^^^^^^^^^^^^^^^^
  File "/home/jacabreu/studies/usp/tcc/mosaic-fl/.venv/lib/python3.12/site-packages/flwr/clientapp/client_app.py", line 128, in ffn
    out_message = handle_legacy_message_from_msgtype(
                  ^^^^^^^^^^^^^^^^^^^^^^^^^^^^^^^^^^^
  File "/home/jacabreu/studies/usp/tcc/mosaic-fl/.venv/lib/python3.12/site-packages/flwr/client/message_handler/message_handler.py", line 136, in handle_legacy_message_from_msgtype
    evaluate_res = maybe_call_evaluate(
                   ^^^^^^^^^^^^^^^^^^^^
  File "/home/jacabreu/studies/usp/tcc/mosaic-fl/.venv/lib/python3.12/site-packages/flwr/client/client.py", line 244, in maybe_call_evaluate
    return client.evaluate(evaluate_ins)
           ^^^^^^^^^^^^^^^^^^^^^^^^^^^^^
  File "/home/jacabreu/studies/usp/tcc/mosaic-fl/.venv/lib/python3.12/site-packages/flwr/client/numpy_client.py", line 251, in _evaluate
    results = self.numpy_client.evaluate(parameters, ins.config)  # type: ignore
              ^^^^^^^^^^^^^^^^^^^^^^^^^^^^^^^^^^^^^^^^^^^^^^^^^^
  File "/home/jacabreu/studies/usp/tcc/mosaic-fl/src/mosaicfl/core/client.py", line 176, in evaluate
    for batch_x, batch_y, batch_dia in self.val_loader:
        ^^^^^^^^^^^^^^^^^^^^^^^^^^^
ValueError: not enough values to unpack (expected 3, got 2)
[92mINFO [0m:      
[92mINFO [0m:      
[92mINFO [0m:      [RUN 12945400730222074568, ROUND 1]
[92mINFO [0m:      Sending: evaluate message (ID: a208670cdb1d12b6c9b832244f605abd62391606fbc7764c310fd7f98eab8ccb)
[92mINFO [0m:      Sent successfully
[92mINFO [0m:      
[92mINFO [0m:      [RUN 12945400730222074568, ROUND 2]
[92mINFO [0m:      Receiving: train message (ID: cb194c4038a6d31c2738f9d948e66e6eec06f53a6484d6e8565940f8573fb82c)
[92mINFO [0m:      Received successfully
[92mINFO [0m:      Start `flwr-clientapp` process
[SGBD] standard_vocab.json não encontrado — vocab será construído localmente. Execute scripts/build_standard_vocab.py antes do treinamento federado em produção.
[pipeline] conectando ao banco: postgresql://mosaicfl:senhaForte@localhost:5432/mo...
[pipeline] conexão OK
[pipeline] executando query (max_seq_len=128 — pode levar alguns minutos)...
[pipeline] query concluída em 3.2s — 300,433 linhas
[pipeline] filtrado para hospital_id='HSL' — 300,433 linhas
[pipeline] 5,174 atendimentos únicos encontrados
[pipeline] construindo vocabulário local (simulação)...
[pipeline] vocabulário pronto em 0.1s — 467 tokens
[pipeline] construindo tensores para 5,174 sequências...
[pipeline] tensores: 517/5,174 (10%)
[pipeline] tensores: 1,034/5,174 (20%)
[pipeline] tensores: 1,551/5,174 (30%)
[pipeline] tensores: 2,068/5,174 (40%)
[pipeline] tensores: 2,585/5,174 (50%)
[pipeline] tensores: 3,102/5,174 (60%)
[pipeline] tensores: 3,619/5,174 (70%)
[pipeline] tensores: 4,136/5,174 (80%)
[pipeline] tensores: 4,653/5,174 (90%)
[pipeline] tensores: 5,170/5,174 (100%)
[pipeline] tensores prontos em 1.4s
[pipeline] concluído em 5.0s total — 5,174 pacientes | dist={0: 67, 1: 45, 2: 3182, 3: 1280, 4: 600} | demográficos: age_mean=0.52 sex_M=2859/5174
[91mERROR [0m:     ClientApp raised an exception
Traceback (most recent call last):
  File "/home/jacabreu/studies/usp/tcc/mosaic-fl/.venv/lib/python3.12/site-packages/flwr/supernode/runtime/run_clientapp.py", line 173, in run_clientapp
    reply_message = client_app(message=message, context=context)
                    ^^^^^^^^^^^^^^^^^^^^^^^^^^^^^^^^^^^^^^^^^^^^
  File "/home/jacabreu/studies/usp/tcc/mosaic-fl/.venv/lib/python3.12/site-packages/flwr/clientapp/client_app.py", line 144, in __call__
    return self._call(message, context)
           ^^^^^^^^^^^^^^^^^^^^^^^^^^^^
  File "/home/jacabreu/studies/usp/tcc/mosaic-fl/.venv/lib/python3.12/site-packages/flwr/clientapp/client_app.py", line 128, in ffn
    out_message = handle_legacy_message_from_msgtype(
                  ^^^^^^^^^^^^^^^^^^^^^^^^^^^^^^^^^^^
  File "/home/jacabreu/studies/usp/tcc/mosaic-fl/.venv/lib/python3.12/site-packages/flwr/client/message_handler/message_handler.py", line 129, in handle_legacy_message_from_msgtype
    fit_res = maybe_call_fit(
              ^^^^^^^^^^^^^^^
  File "/home/jacabreu/studies/usp/tcc/mosaic-fl/.venv/lib/python3.12/site-packages/flwr/client/client.py", line 224, in maybe_call_fit
    return client.fit(fit_ins)
           ^^^^^^^^^^^^^^^^^^^
  File "/home/jacabreu/studies/usp/tcc/mosaic-fl/.venv/lib/python3.12/site-packages/flwr/client/numpy_client.py", line 227, in _fit
    results = self.numpy_client.fit(parameters, ins.config)  # type: ignore
              ^^^^^^^^^^^^^^^^^^^^^^^^^^^^^^^^^^^^^^^^^^^^^
  File "/home/jacabreu/studies/usp/tcc/mosaic-fl/src/mosaicfl/core/client.py", line 120, in fit
    for batch_x, batch_y, batch_dia in self.train_loader:
        ^^^^^^^^^^^^^^^^^^^^^^^^^^^
ValueError: not enough values to unpack (expected 3, got 2)
[92mINFO [0m:      
[92mINFO [0m:      
[92mINFO [0m:      [RUN 12945400730222074568, ROUND 2]
[92mINFO [0m:      Sending: train message (ID: 3bfde624c470bf8b69e154f7b415df25a00df928ebcd9888f67bc748b3f6e954)
[92mINFO [0m:      Sent successfully
[92mINFO [0m:      
[92mINFO [0m:      [RUN 12945400730222074568, ROUND 2]
[92mINFO [0m:      Receiving: evaluate message (ID: 1676b9b183cb5fc996066ca4c95ef2785b655ccec322b282075be445751983eb)
[92mINFO [0m:      Received successfully
[92mINFO [0m:      Start `flwr-clientapp` process
[SGBD] standard_vocab.json não encontrado — vocab será construído localmente. Execute scripts/build_standard_vocab.py antes do treinamento federado em produção.
[pipeline] conectando ao banco: postgresql://mosaicfl:senhaForte@localhost:5432/mo...
[pipeline] conexão OK
[pipeline] executando query (max_seq_len=128 — pode levar alguns minutos)...
[pipeline] query concluída em 3.3s — 300,433 linhas
[pipeline] filtrado para hospital_id='HSL' — 300,433 linhas
[pipeline] 5,174 atendimentos únicos encontrados
[pipeline] construindo vocabulário local (simulação)...
[pipeline] vocabulário pronto em 0.2s — 467 tokens
[pipeline] construindo tensores para 5,174 sequências...
[pipeline] tensores: 517/5,174 (10%)
[pipeline] tensores: 1,034/5,174 (20%)
[pipeline] tensores: 1,551/5,174 (30%)
[pipeline] tensores: 2,068/5,174 (40%)
[pipeline] tensores: 2,585/5,174 (50%)
[pipeline] tensores: 3,102/5,174 (60%)
[pipeline] tensores: 3,619/5,174 (70%)
[pipeline] tensores: 4,136/5,174 (80%)
[pipeline] tensores: 4,653/5,174 (90%)
[pipeline] tensores: 5,170/5,174 (100%)
[pipeline] tensores prontos em 1.4s
[pipeline] concluído em 5.0s total — 5,174 pacientes | dist={0: 67, 1: 45, 2: 3182, 3: 1280, 4: 600} | demográficos: age_mean=0.52 sex_M=2859/5174
[91mERROR [0m:     ClientApp raised an exception
Traceback (most recent call last):
  File "/home/jacabreu/studies/usp/tcc/mosaic-fl/.venv/lib/python3.12/site-packages/flwr/supernode/runtime/run_clientapp.py", line 173, in run_clientapp
    reply_message = client_app(message=message, context=context)
                    ^^^^^^^^^^^^^^^^^^^^^^^^^^^^^^^^^^^^^^^^^^^^
  File "/home/jacabreu/studies/usp/tcc/mosaic-fl/.venv/lib/python3.12/site-packages/flwr/clientapp/client_app.py", line 144, in __call__
    return self._call(message, context)
           ^^^^^^^^^^^^^^^^^^^^^^^^^^^^
  File "/home/jacabreu/studies/usp/tcc/mosaic-fl/.venv/lib/python3.12/site-packages/flwr/clientapp/client_app.py", line 128, in ffn
    out_message = handle_legacy_message_from_msgtype(
                  ^^^^^^^^^^^^^^^^^^^^^^^^^^^^^^^^^^^
  File "/home/jacabreu/studies/usp/tcc/mosaic-fl/.venv/lib/python3.12/site-packages/flwr/client/message_handler/message_handler.py", line 136, in handle_legacy_message_from_msgtype
    evaluate_res = maybe_call_evaluate(
                   ^^^^^^^^^^^^^^^^^^^^
  File "/home/jacabreu/studies/usp/tcc/mosaic-fl/.venv/lib/python3.12/site-packages/flwr/client/client.py", line 244, in maybe_call_evaluate
    return client.evaluate(evaluate_ins)
           ^^^^^^^^^^^^^^^^^^^^^^^^^^^^^
  File "/home/jacabreu/studies/usp/tcc/mosaic-fl/.venv/lib/python3.12/site-packages/flwr/client/numpy_client.py", line 251, in _evaluate
    results = self.numpy_client.evaluate(parameters, ins.config)  # type: ignore
              ^^^^^^^^^^^^^^^^^^^^^^^^^^^^^^^^^^^^^^^^^^^^^^^^^^
  File "/home/jacabreu/studies/usp/tcc/mosaic-fl/src/mosaicfl/core/client.py", line 176, in evaluate
    for batch_x, batch_y, batch_dia in self.val_loader:
        ^^^^^^^^^^^^^^^^^^^^^^^^^^^
ValueError: not enough values to unpack (expected 3, got 2)
[92mINFO [0m:      
[92mINFO [0m:      [RUN 12945400730222074568, ROUND 2]
[92mINFO [0m:      Sending: evaluate message (ID: d8e2573e040435a7021cd4976f8bc54375c8bb934a4c3de8c8ac945613720737)
[92mINFO [0m:      
[92mINFO [0m:      Sent successfully
[92mINFO [0m:      
[92mINFO [0m:      [RUN 12945400730222074568, ROUND 3]
[92mINFO [0m:      Receiving: train message (ID: ecfa3896f484b2ec3c74dc9d730e81e18de9aebd0c878231309de4784cb479e1)
[92mINFO [0m:      Received successfully
[92mINFO [0m:      Start `flwr-clientapp` process
[SGBD] standard_vocab.json não encontrado — vocab será construído localmente. Execute scripts/build_standard_vocab.py antes do treinamento federado em produção.
[pipeline] conectando ao banco: postgresql://mosaicfl:senhaForte@localhost:5432/mo...
[pipeline] conexão OK
[pipeline] executando query (max_seq_len=128 — pode levar alguns minutos)...
[pipeline] query concluída em 3.3s — 300,433 linhas
[pipeline] filtrado para hospital_id='HSL' — 300,433 linhas
[pipeline] 5,174 atendimentos únicos encontrados
[pipeline] construindo vocabulário local (simulação)...
[pipeline] vocabulário pronto em 0.2s — 467 tokens
[pipeline] construindo tensores para 5,174 sequências...
[pipeline] tensores: 517/5,174 (10%)
[pipeline] tensores: 1,034/5,174 (20%)
[pipeline] tensores: 1,551/5,174 (30%)
[pipeline] tensores: 2,068/5,174 (40%)
[pipeline] tensores: 2,585/5,174 (50%)
[pipeline] tensores: 3,102/5,174 (60%)
[pipeline] tensores: 3,619/5,174 (70%)
[pipeline] tensores: 4,136/5,174 (80%)
[pipeline] tensores: 4,653/5,174 (90%)
[pipeline] tensores: 5,170/5,174 (100%)
[pipeline] tensores prontos em 1.4s
[pipeline] concluído em 5.1s total — 5,174 pacientes | dist={0: 67, 1: 45, 2: 3182, 3: 1280, 4: 600} | demográficos: age_mean=0.52 sex_M=2859/5174
[91mERROR [0m:     ClientApp raised an exception
Traceback (most recent call last):
  File "/home/jacabreu/studies/usp/tcc/mosaic-fl/.venv/lib/python3.12/site-packages/flwr/supernode/runtime/run_clientapp.py", line 173, in run_clientapp
    reply_message = client_app(message=message, context=context)
                    ^^^^^^^^^^^^^^^^^^^^^^^^^^^^^^^^^^^^^^^^^^^^
  File "/home/jacabreu/studies/usp/tcc/mosaic-fl/.venv/lib/python3.12/site-packages/flwr/clientapp/client_app.py", line 144, in __call__
    return self._call(message, context)
           ^^^^^^^^^^^^^^^^^^^^^^^^^^^^
  File "/home/jacabreu/studies/usp/tcc/mosaic-fl/.venv/lib/python3.12/site-packages/flwr/clientapp/client_app.py", line 128, in ffn
    out_message = handle_legacy_message_from_msgtype(
                  ^^^^^^^^^^^^^^^^^^^^^^^^^^^^^^^^^^^
  File "/home/jacabreu/studies/usp/tcc/mosaic-fl/.venv/lib/python3.12/site-packages/flwr/client/message_handler/message_handler.py", line 129, in handle_legacy_message_from_msgtype
    fit_res = maybe_call_fit(
              ^^^^^^^^^^^^^^^
  File "/home/jacabreu/studies/usp/tcc/mosaic-fl/.venv/lib/python3.12/site-packages/flwr/client/client.py", line 224, in maybe_call_fit
    return client.fit(fit_ins)
           ^^^^^^^^^^^^^^^^^^^
  File "/home/jacabreu/studies/usp/tcc/mosaic-fl/.venv/lib/python3.12/site-packages/flwr/client/numpy_client.py", line 227, in _fit
    results = self.numpy_client.fit(parameters, ins.config)  # type: ignore
              ^^^^^^^^^^^^^^^^^^^^^^^^^^^^^^^^^^^^^^^^^^^^^
  File "/home/jacabreu/studies/usp/tcc/mosaic-fl/src/mosaicfl/core/client.py", line 120, in fit
    for batch_x, batch_y, batch_dia in self.train_loader:
        ^^^^^^^^^^^^^^^^^^^^^^^^^^^
ValueError: not enough values to unpack (expected 3, got 2)
[92mINFO [0m:      
[92mINFO [0m:      
[92mINFO [0m:      [RUN 12945400730222074568, ROUND 3]
[92mINFO [0m:      Sending: train message (ID: 0619c3376090eebc3c8620bc679f7cb488715f5813126c27b2bffc985de89deb)
[92mINFO [0m:      Sent successfully
[92mINFO [0m:      
[92mINFO [0m:      [RUN 12945400730222074568, ROUND 3]
[92mINFO [0m:      Receiving: evaluate message (ID: 738fca01daa724452bb16feef7fcb1085700a5a164a1273d1c36f0a1be30d023)
[92mINFO [0m:      Received successfully
[92mINFO [0m:      Start `flwr-clientapp` process
[SGBD] standard_vocab.json não encontrado — vocab será construído localmente. Execute scripts/build_standard_vocab.py antes do treinamento federado em produção.
[pipeline] conectando ao banco: postgresql://mosaicfl:senhaForte@localhost:5432/mo...
[pipeline] conexão OK
[pipeline] executando query (max_seq_len=128 — pode levar alguns minutos)...
[pipeline] query concluída em 3.3s — 300,433 linhas
[pipeline] filtrado para hospital_id='HSL' — 300,433 linhas
[pipeline] 5,174 atendimentos únicos encontrados
[pipeline] construindo vocabulário local (simulação)...
[pipeline] vocabulário pronto em 0.1s — 467 tokens
[pipeline] construindo tensores para 5,174 sequências...
[pipeline] tensores: 517/5,174 (10%)
[pipeline] tensores: 1,034/5,174 (20%)
[pipeline] tensores: 1,551/5,174 (30%)
[pipeline] tensores: 2,068/5,174 (40%)
[pipeline] tensores: 2,585/5,174 (50%)
[pipeline] tensores: 3,102/5,174 (60%)
[pipeline] tensores: 3,619/5,174 (70%)
[pipeline] tensores: 4,136/5,174 (80%)
[pipeline] tensores: 4,653/5,174 (90%)
[pipeline] tensores: 5,170/5,174 (100%)
[pipeline] tensores prontos em 1.5s
[pipeline] concluído em 5.1s total — 5,174 pacientes | dist={0: 67, 1: 45, 2: 3182, 3: 1280, 4: 600} | demográficos: age_mean=0.52 sex_M=2859/5174
[91mERROR [0m:     ClientApp raised an exception
Traceback (most recent call last):
  File "/home/jacabreu/studies/usp/tcc/mosaic-fl/.venv/lib/python3.12/site-packages/flwr/supernode/runtime/run_clientapp.py", line 173, in run_clientapp
    reply_message = client_app(message=message, context=context)
                    ^^^^^^^^^^^^^^^^^^^^^^^^^^^^^^^^^^^^^^^^^^^^
  File "/home/jacabreu/studies/usp/tcc/mosaic-fl/.venv/lib/python3.12/site-packages/flwr/clientapp/client_app.py", line 144, in __call__
    return self._call(message, context)
           ^^^^^^^^^^^^^^^^^^^^^^^^^^^^
  File "/home/jacabreu/studies/usp/tcc/mosaic-fl/.venv/lib/python3.12/site-packages/flwr/clientapp/client_app.py", line 128, in ffn
    out_message = handle_legacy_message_from_msgtype(
                  ^^^^^^^^^^^^^^^^^^^^^^^^^^^^^^^^^^^
  File "/home/jacabreu/studies/usp/tcc/mosaic-fl/.venv/lib/python3.12/site-packages/flwr/client/message_handler/message_handler.py", line 136, in handle_legacy_message_from_msgtype
    evaluate_res = maybe_call_evaluate(
                   ^^^^^^^^^^^^^^^^^^^^
  File "/home/jacabreu/studies/usp/tcc/mosaic-fl/.venv/lib/python3.12/site-packages/flwr/client/client.py", line 244, in maybe_call_evaluate
    return client.evaluate(evaluate_ins)
           ^^^^^^^^^^^^^^^^^^^^^^^^^^^^^
  File "/home/jacabreu/studies/usp/tcc/mosaic-fl/.venv/lib/python3.12/site-packages/flwr/client/numpy_client.py", line 251, in _evaluate
    results = self.numpy_client.evaluate(parameters, ins.config)  # type: ignore
              ^^^^^^^^^^^^^^^^^^^^^^^^^^^^^^^^^^^^^^^^^^^^^^^^^^
  File "/home/jacabreu/studies/usp/tcc/mosaic-fl/src/mosaicfl/core/client.py", line 176, in evaluate
    for batch_x, batch_y, batch_dia in self.val_loader:
        ^^^^^^^^^^^^^^^^^^^^^^^^^^^
ValueError: not enough values to unpack (expected 3, got 2)
[92mINFO [0m:      
[92mINFO [0m:      
[92mINFO [0m:      [RUN 12945400730222074568, ROUND 3]
[92mINFO [0m:      Sending: evaluate message (ID: 699d6a7e5736849db7bf3ff9557d2293a3db22bcde38240518ad37f658008479)
[92mINFO [0m:      Sent successfully
[92mINFO [0m:      
[92mINFO [0m:      [RUN 12945400730222074568, ROUND 4]
[92mINFO [0m:      Receiving: train message (ID: 903baff1ac98522579f2db93b488818035ab14daf2b1780d60cec7baf934013e)
[92mINFO [0m:      Received successfully
[92mINFO [0m:      Start `flwr-clientapp` process
[SGBD] standard_vocab.json não encontrado — vocab será construído localmente. Execute scripts/build_standard_vocab.py antes do treinamento federado em produção.
[pipeline] conectando ao banco: postgresql://mosaicfl:senhaForte@localhost:5432/mo...
[pipeline] conexão OK
[pipeline] executando query (max_seq_len=128 — pode levar alguns minutos)...
[pipeline] query concluída em 3.2s — 300,433 linhas
[pipeline] filtrado para hospital_id='HSL' — 300,433 linhas
[pipeline] 5,174 atendimentos únicos encontrados
[pipeline] construindo vocabulário local (simulação)...
[pipeline] vocabulário pronto em 0.2s — 467 tokens
[pipeline] construindo tensores para 5,174 sequências...
[pipeline] tensores: 517/5,174 (10%)
[pipeline] tensores: 1,034/5,174 (20%)
[pipeline] tensores: 1,551/5,174 (30%)
[pipeline] tensores: 2,068/5,174 (40%)
[pipeline] tensores: 2,585/5,174 (50%)
[pipeline] tensores: 3,102/5,174 (60%)
[pipeline] tensores: 3,619/5,174 (70%)
[pipeline] tensores: 4,136/5,174 (80%)
[pipeline] tensores: 4,653/5,174 (90%)
[pipeline] tensores: 5,170/5,174 (100%)
[pipeline] tensores prontos em 1.4s
[pipeline] concluído em 4.9s total — 5,174 pacientes | dist={0: 67, 1: 45, 2: 3182, 3: 1280, 4: 600} | demográficos: age_mean=0.52 sex_M=2859/5174
[91mERROR [0m:     ClientApp raised an exception
Traceback (most recent call last):
  File "/home/jacabreu/studies/usp/tcc/mosaic-fl/.venv/lib/python3.12/site-packages/flwr/supernode/runtime/run_clientapp.py", line 173, in run_clientapp
    reply_message = client_app(message=message, context=context)
                    ^^^^^^^^^^^^^^^^^^^^^^^^^^^^^^^^^^^^^^^^^^^^
  File "/home/jacabreu/studies/usp/tcc/mosaic-fl/.venv/lib/python3.12/site-packages/flwr/clientapp/client_app.py", line 144, in __call__
    return self._call(message, context)
           ^^^^^^^^^^^^^^^^^^^^^^^^^^^^
  File "/home/jacabreu/studies/usp/tcc/mosaic-fl/.venv/lib/python3.12/site-packages/flwr/clientapp/client_app.py", line 128, in ffn
    out_message = handle_legacy_message_from_msgtype(
                  ^^^^^^^^^^^^^^^^^^^^^^^^^^^^^^^^^^^
  File "/home/jacabreu/studies/usp/tcc/mosaic-fl/.venv/lib/python3.12/site-packages/flwr/client/message_handler/message_handler.py", line 129, in handle_legacy_message_from_msgtype
    fit_res = maybe_call_fit(
              ^^^^^^^^^^^^^^^
  File "/home/jacabreu/studies/usp/tcc/mosaic-fl/.venv/lib/python3.12/site-packages/flwr/client/client.py", line 224, in maybe_call_fit
    return client.fit(fit_ins)
           ^^^^^^^^^^^^^^^^^^^
  File "/home/jacabreu/studies/usp/tcc/mosaic-fl/.venv/lib/python3.12/site-packages/flwr/client/numpy_client.py", line 227, in _fit
    results = self.numpy_client.fit(parameters, ins.config)  # type: ignore
              ^^^^^^^^^^^^^^^^^^^^^^^^^^^^^^^^^^^^^^^^^^^^^
  File "/home/jacabreu/studies/usp/tcc/mosaic-fl/src/mosaicfl/core/client.py", line 120, in fit
    for batch_x, batch_y, batch_dia in self.train_loader:
        ^^^^^^^^^^^^^^^^^^^^^^^^^^^
ValueError: not enough values to unpack (expected 3, got 2)
[92mINFO [0m:      
[92mINFO [0m:      
[92mINFO [0m:      [RUN 12945400730222074568, ROUND 4]
[92mINFO [0m:      Sending: train message (ID: d34a2905e42148dc0d3bb5f63e25256ff55f96b7d1f8eb4557140daeff3a298e)
[92mINFO [0m:      Sent successfully
[92mINFO [0m:      
[92mINFO [0m:      [RUN 12945400730222074568, ROUND 4]
[92mINFO [0m:      Receiving: evaluate message (ID: 8839a694d2fe11afe8bcf36b18e51a879c5555f7996e9bf10a156f0361fc6114)
[92mINFO [0m:      Received successfully
[92mINFO [0m:      Start `flwr-clientapp` process
[SGBD] standard_vocab.json não encontrado — vocab será construído localmente. Execute scripts/build_standard_vocab.py antes do treinamento federado em produção.
[pipeline] conectando ao banco: postgresql://mosaicfl:senhaForte@localhost:5432/mo...
[pipeline] conexão OK
[pipeline] executando query (max_seq_len=128 — pode levar alguns minutos)...
[pipeline] query concluída em 3.3s — 300,433 linhas
[pipeline] filtrado para hospital_id='HSL' — 300,433 linhas
[pipeline] 5,174 atendimentos únicos encontrados
[pipeline] construindo vocabulário local (simulação)...
[pipeline] vocabulário pronto em 0.2s — 467 tokens
[pipeline] construindo tensores para 5,174 sequências...
[pipeline] tensores: 517/5,174 (10%)
[pipeline] tensores: 1,034/5,174 (20%)
[pipeline] tensores: 1,551/5,174 (30%)
[pipeline] tensores: 2,068/5,174 (40%)
[pipeline] tensores: 2,585/5,174 (50%)
[pipeline] tensores: 3,102/5,174 (60%)
[pipeline] tensores: 3,619/5,174 (70%)
[pipeline] tensores: 4,136/5,174 (80%)
[pipeline] tensores: 4,653/5,174 (90%)
[pipeline] tensores: 5,170/5,174 (100%)
[pipeline] tensores prontos em 1.4s
[pipeline] concluído em 5.0s total — 5,174 pacientes | dist={0: 67, 1: 45, 2: 3182, 3: 1280, 4: 600} | demográficos: age_mean=0.52 sex_M=2859/5174
[91mERROR [0m:     ClientApp raised an exception
Traceback (most recent call last):
  File "/home/jacabreu/studies/usp/tcc/mosaic-fl/.venv/lib/python3.12/site-packages/flwr/supernode/runtime/run_clientapp.py", line 173, in run_clientapp
    reply_message = client_app(message=message, context=context)
                    ^^^^^^^^^^^^^^^^^^^^^^^^^^^^^^^^^^^^^^^^^^^^
  File "/home/jacabreu/studies/usp/tcc/mosaic-fl/.venv/lib/python3.12/site-packages/flwr/clientapp/client_app.py", line 144, in __call__
    return self._call(message, context)
           ^^^^^^^^^^^^^^^^^^^^^^^^^^^^
  File "/home/jacabreu/studies/usp/tcc/mosaic-fl/.venv/lib/python3.12/site-packages/flwr/clientapp/client_app.py", line 128, in ffn
    out_message = handle_legacy_message_from_msgtype(
                  ^^^^^^^^^^^^^^^^^^^^^^^^^^^^^^^^^^^
  File "/home/jacabreu/studies/usp/tcc/mosaic-fl/.venv/lib/python3.12/site-packages/flwr/client/message_handler/message_handler.py", line 136, in handle_legacy_message_from_msgtype
    evaluate_res = maybe_call_evaluate(
                   ^^^^^^^^^^^^^^^^^^^^
  File "/home/jacabreu/studies/usp/tcc/mosaic-fl/.venv/lib/python3.12/site-packages/flwr/client/client.py", line 244, in maybe_call_evaluate
    return client.evaluate(evaluate_ins)
           ^^^^^^^^^^^^^^^^^^^^^^^^^^^^^
  File "/home/jacabreu/studies/usp/tcc/mosaic-fl/.venv/lib/python3.12/site-packages/flwr/client/numpy_client.py", line 251, in _evaluate
    results = self.numpy_client.evaluate(parameters, ins.config)  # type: ignore
              ^^^^^^^^^^^^^^^^^^^^^^^^^^^^^^^^^^^^^^^^^^^^^^^^^^
  File "/home/jacabreu/studies/usp/tcc/mosaic-fl/src/mosaicfl/core/client.py", line 176, in evaluate
    for batch_x, batch_y, batch_dia in self.val_loader:
        ^^^^^^^^^^^^^^^^^^^^^^^^^^^
ValueError: not enough values to unpack (expected 3, got 2)
[92mINFO [0m:      
[92mINFO [0m:      [RUN 12945400730222074568, ROUND 4]
[92mINFO [0m:      Sending: evaluate message (ID: d07f9c9cbad0718529db64cf439fdf4263547157e96ecdeb914fcc198dc06584)
[92mINFO [0m:      Sent successfully
[92mINFO [0m:      
[92mINFO [0m:      
[92mINFO [0m:      [RUN 12945400730222074568, ROUND 5]
[92mINFO [0m:      Receiving: train message (ID: 3e33732eb3ad13a6c69b4003615d1b4e071e7315bc0df6b87f75d6bc2c709e35)
[92mINFO [0m:      Received successfully
[92mINFO [0m:      Start `flwr-clientapp` process
[SGBD] standard_vocab.json não encontrado — vocab será construído localmente. Execute scripts/build_standard_vocab.py antes do treinamento federado em produção.
[pipeline] conectando ao banco: postgresql://mosaicfl:senhaForte@localhost:5432/mo...
[pipeline] conexão OK
[pipeline] executando query (max_seq_len=128 — pode levar alguns minutos)...
[pipeline] query concluída em 3.3s — 300,433 linhas
[pipeline] filtrado para hospital_id='HSL' — 300,433 linhas
[pipeline] 5,174 atendimentos únicos encontrados
[pipeline] construindo vocabulário local (simulação)...
[pipeline] vocabulário pronto em 0.2s — 467 tokens
[pipeline] construindo tensores para 5,174 sequências...
[pipeline] tensores: 517/5,174 (10%)
[pipeline] tensores: 1,034/5,174 (20%)
[pipeline] tensores: 1,551/5,174 (30%)
[pipeline] tensores: 2,068/5,174 (40%)
[pipeline] tensores: 2,585/5,174 (50%)
[pipeline] tensores: 3,102/5,174 (60%)
[pipeline] tensores: 3,619/5,174 (70%)
[pipeline] tensores: 4,136/5,174 (80%)
[pipeline] tensores: 4,653/5,174 (90%)
[pipeline] tensores: 5,170/5,174 (100%)
[pipeline] tensores prontos em 1.4s
[pipeline] concluído em 5.0s total — 5,174 pacientes | dist={0: 67, 1: 45, 2: 3182, 3: 1280, 4: 600} | demográficos: age_mean=0.52 sex_M=2859/5174
[91mERROR [0m:     ClientApp raised an exception
Traceback (most recent call last):
  File "/home/jacabreu/studies/usp/tcc/mosaic-fl/.venv/lib/python3.12/site-packages/flwr/supernode/runtime/run_clientapp.py", line 173, in run_clientapp
    reply_message = client_app(message=message, context=context)
                    ^^^^^^^^^^^^^^^^^^^^^^^^^^^^^^^^^^^^^^^^^^^^
  File "/home/jacabreu/studies/usp/tcc/mosaic-fl/.venv/lib/python3.12/site-packages/flwr/clientapp/client_app.py", line 144, in __call__
    return self._call(message, context)
           ^^^^^^^^^^^^^^^^^^^^^^^^^^^^
  File "/home/jacabreu/studies/usp/tcc/mosaic-fl/.venv/lib/python3.12/site-packages/flwr/clientapp/client_app.py", line 128, in ffn
    out_message = handle_legacy_message_from_msgtype(
                  ^^^^^^^^^^^^^^^^^^^^^^^^^^^^^^^^^^^
  File "/home/jacabreu/studies/usp/tcc/mosaic-fl/.venv/lib/python3.12/site-packages/flwr/client/message_handler/message_handler.py", line 129, in handle_legacy_message_from_msgtype
    fit_res = maybe_call_fit(
              ^^^^^^^^^^^^^^^
  File "/home/jacabreu/studies/usp/tcc/mosaic-fl/.venv/lib/python3.12/site-packages/flwr/client/client.py", line 224, in maybe_call_fit
    return client.fit(fit_ins)
           ^^^^^^^^^^^^^^^^^^^
  File "/home/jacabreu/studies/usp/tcc/mosaic-fl/.venv/lib/python3.12/site-packages/flwr/client/numpy_client.py", line 227, in _fit
    results = self.numpy_client.fit(parameters, ins.config)  # type: ignore
              ^^^^^^^^^^^^^^^^^^^^^^^^^^^^^^^^^^^^^^^^^^^^^
  File "/home/jacabreu/studies/usp/tcc/mosaic-fl/src/mosaicfl/core/client.py", line 120, in fit
    for batch_x, batch_y, batch_dia in self.train_loader:
        ^^^^^^^^^^^^^^^^^^^^^^^^^^^
ValueError: not enough values to unpack (expected 3, got 2)
[92mINFO [0m:      
[92mINFO [0m:      
[92mINFO [0m:      [RUN 12945400730222074568, ROUND 5]
[92mINFO [0m:      Sending: train message (ID: b38f1b6b8c11c487619f37941481b5dd909ce4150027e911598b8ef9f8796409)
[92mINFO [0m:      Sent successfully
[92mINFO [0m:      
[92mINFO [0m:      [RUN 12945400730222074568, ROUND 5]
[92mINFO [0m:      Receiving: evaluate message (ID: 5b21c533c6c7cb9f17917efdb5d05a9f4247f99e26d3ed94ffcd1e6ef4c4a8ae)
[92mINFO [0m:      Received successfully
[92mINFO [0m:      Start `flwr-clientapp` process
[SGBD] standard_vocab.json não encontrado — vocab será construído localmente. Execute scripts/build_standard_vocab.py antes do treinamento federado em produção.
[pipeline] conectando ao banco: postgresql://mosaicfl:senhaForte@localhost:5432/mo...
[pipeline] conexão OK
[pipeline] executando query (max_seq_len=128 — pode levar alguns minutos)...
[pipeline] query concluída em 3.1s — 300,433 linhas
[pipeline] filtrado para hospital_id='HSL' — 300,433 linhas
[pipeline] 5,174 atendimentos únicos encontrados
[pipeline] construindo vocabulário local (simulação)...
[pipeline] vocabulário pronto em 0.1s — 467 tokens
[pipeline] construindo tensores para 5,174 sequências...
[pipeline] tensores: 517/5,174 (10%)
[pipeline] tensores: 1,034/5,174 (20%)
[pipeline] tensores: 1,551/5,174 (30%)
[pipeline] tensores: 2,068/5,174 (40%)
[pipeline] tensores: 2,585/5,174 (50%)
[pipeline] tensores: 3,102/5,174 (60%)
[pipeline] tensores: 3,619/5,174 (70%)
[pipeline] tensores: 4,136/5,174 (80%)
[pipeline] tensores: 4,653/5,174 (90%)
[pipeline] tensores: 5,170/5,174 (100%)
[pipeline] tensores prontos em 1.5s
[pipeline] concluído em 4.9s total — 5,174 pacientes | dist={0: 67, 1: 45, 2: 3182, 3: 1280, 4: 600} | demográficos: age_mean=0.52 sex_M=2859/5174
[91mERROR [0m:     ClientApp raised an exception
Traceback (most recent call last):
  File "/home/jacabreu/studies/usp/tcc/mosaic-fl/.venv/lib/python3.12/site-packages/flwr/supernode/runtime/run_clientapp.py", line 173, in run_clientapp
    reply_message = client_app(message=message, context=context)
                    ^^^^^^^^^^^^^^^^^^^^^^^^^^^^^^^^^^^^^^^^^^^^
  File "/home/jacabreu/studies/usp/tcc/mosaic-fl/.venv/lib/python3.12/site-packages/flwr/clientapp/client_app.py", line 144, in __call__
    return self._call(message, context)
           ^^^^^^^^^^^^^^^^^^^^^^^^^^^^
  File "/home/jacabreu/studies/usp/tcc/mosaic-fl/.venv/lib/python3.12/site-packages/flwr/clientapp/client_app.py", line 128, in ffn
    out_message = handle_legacy_message_from_msgtype(
                  ^^^^^^^^^^^^^^^^^^^^^^^^^^^^^^^^^^^
  File "/home/jacabreu/studies/usp/tcc/mosaic-fl/.venv/lib/python3.12/site-packages/flwr/client/message_handler/message_handler.py", line 136, in handle_legacy_message_from_msgtype
    evaluate_res = maybe_call_evaluate(
                   ^^^^^^^^^^^^^^^^^^^^
  File "/home/jacabreu/studies/usp/tcc/mosaic-fl/.venv/lib/python3.12/site-packages/flwr/client/client.py", line 244, in maybe_call_evaluate
    return client.evaluate(evaluate_ins)
           ^^^^^^^^^^^^^^^^^^^^^^^^^^^^^
  File "/home/jacabreu/studies/usp/tcc/mosaic-fl/.venv/lib/python3.12/site-packages/flwr/client/numpy_client.py", line 251, in _evaluate
    results = self.numpy_client.evaluate(parameters, ins.config)  # type: ignore
              ^^^^^^^^^^^^^^^^^^^^^^^^^^^^^^^^^^^^^^^^^^^^^^^^^^
  File "/home/jacabreu/studies/usp/tcc/mosaic-fl/src/mosaicfl/core/client.py", line 176, in evaluate
    for batch_x, batch_y, batch_dia in self.val_loader:
        ^^^^^^^^^^^^^^^^^^^^^^^^^^^
ValueError: not enough values to unpack (expected 3, got 2)
[92mINFO [0m:      
[92mINFO [0m:      
[92mINFO [0m:      [RUN 12945400730222074568, ROUND 5]
[92mINFO [0m:      Sending: evaluate message (ID: 9e1d8f55e1a908c2154e2a8e0ff5922bb459d595de139bebfd10c78c2af75554)
[92mINFO [0m:      Sent successfully
[92mINFO [0m:      
[92mINFO [0m:      [RUN 12945400730222074568, ROUND 6]
[92mINFO [0m:      Receiving: train message (ID: 509b4d6b5dd7d89f24ead687c1ae16cc51682692fc8552fefce15573473e1a01)
[92mINFO [0m:      Received successfully
[92mINFO [0m:      Start `flwr-clientapp` process
[SGBD] standard_vocab.json não encontrado — vocab será construído localmente. Execute scripts/build_standard_vocab.py antes do treinamento federado em produção.
[pipeline] conectando ao banco: postgresql://mosaicfl:senhaForte@localhost:5432/mo...
[pipeline] conexão OK
[pipeline] executando query (max_seq_len=128 — pode levar alguns minutos)...
[pipeline] query concluída em 3.3s — 300,433 linhas
[pipeline] filtrado para hospital_id='HSL' — 300,433 linhas
[pipeline] 5,174 atendimentos únicos encontrados
[pipeline] construindo vocabulário local (simulação)...
[pipeline] vocabulário pronto em 0.2s — 467 tokens
[pipeline] construindo tensores para 5,174 sequências...
[pipeline] tensores: 517/5,174 (10%)
[pipeline] tensores: 1,034/5,174 (20%)
[pipeline] tensores: 1,551/5,174 (30%)
[pipeline] tensores: 2,068/5,174 (40%)
[pipeline] tensores: 2,585/5,174 (50%)
[pipeline] tensores: 3,102/5,174 (60%)
[pipeline] tensores: 3,619/5,174 (70%)
[pipeline] tensores: 4,136/5,174 (80%)
[pipeline] tensores: 4,653/5,174 (90%)
[pipeline] tensores: 5,170/5,174 (100%)
[pipeline] tensores prontos em 1.4s
[pipeline] concluído em 5.0s total — 5,174 pacientes | dist={0: 67, 1: 45, 2: 3182, 3: 1280, 4: 600} | demográficos: age_mean=0.52 sex_M=2859/5174
[91mERROR [0m:     ClientApp raised an exception
Traceback (most recent call last):
  File "/home/jacabreu/studies/usp/tcc/mosaic-fl/.venv/lib/python3.12/site-packages/flwr/supernode/runtime/run_clientapp.py", line 173, in run_clientapp
    reply_message = client_app(message=message, context=context)
                    ^^^^^^^^^^^^^^^^^^^^^^^^^^^^^^^^^^^^^^^^^^^^
  File "/home/jacabreu/studies/usp/tcc/mosaic-fl/.venv/lib/python3.12/site-packages/flwr/clientapp/client_app.py", line 144, in __call__
    return self._call(message, context)
           ^^^^^^^^^^^^^^^^^^^^^^^^^^^^
  File "/home/jacabreu/studies/usp/tcc/mosaic-fl/.venv/lib/python3.12/site-packages/flwr/clientapp/client_app.py", line 128, in ffn
    out_message = handle_legacy_message_from_msgtype(
                  ^^^^^^^^^^^^^^^^^^^^^^^^^^^^^^^^^^^
  File "/home/jacabreu/studies/usp/tcc/mosaic-fl/.venv/lib/python3.12/site-packages/flwr/client/message_handler/message_handler.py", line 129, in handle_legacy_message_from_msgtype
    fit_res = maybe_call_fit(
              ^^^^^^^^^^^^^^^
  File "/home/jacabreu/studies/usp/tcc/mosaic-fl/.venv/lib/python3.12/site-packages/flwr/client/client.py", line 224, in maybe_call_fit
    return client.fit(fit_ins)
           ^^^^^^^^^^^^^^^^^^^
  File "/home/jacabreu/studies/usp/tcc/mosaic-fl/.venv/lib/python3.12/site-packages/flwr/client/numpy_client.py", line 227, in _fit
    results = self.numpy_client.fit(parameters, ins.config)  # type: ignore
              ^^^^^^^^^^^^^^^^^^^^^^^^^^^^^^^^^^^^^^^^^^^^^
  File "/home/jacabreu/studies/usp/tcc/mosaic-fl/src/mosaicfl/core/client.py", line 120, in fit
    for batch_x, batch_y, batch_dia in self.train_loader:
        ^^^^^^^^^^^^^^^^^^^^^^^^^^^
ValueError: not enough values to unpack (expected 3, got 2)
[92mINFO [0m:      
[92mINFO [0m:      [RUN 12945400730222074568, ROUND 6]
[92mINFO [0m:      Sending: train message (ID: ec29a3ae320694dd6806ed12664d3b89fd62662074021fb78a4955008fee3670)
[92mINFO [0m:      
[92mINFO [0m:      Sent successfully
[92mINFO [0m:      
[92mINFO [0m:      [RUN 12945400730222074568, ROUND 6]
[92mINFO [0m:      Receiving: evaluate message (ID: 46a5d7249033dad51b2a66b8a0ddc6fb83b9e0d9a233ab12303b1663c24bcbea)
[92mINFO [0m:      Received successfully
[92mINFO [0m:      Start `flwr-clientapp` process
[SGBD] standard_vocab.json não encontrado — vocab será construído localmente. Execute scripts/build_standard_vocab.py antes do treinamento federado em produção.
[pipeline] conectando ao banco: postgresql://mosaicfl:senhaForte@localhost:5432/mo...
[pipeline] conexão OK
[pipeline] executando query (max_seq_len=128 — pode levar alguns minutos)...
[pipeline] query concluída em 3.1s — 300,433 linhas
[pipeline] filtrado para hospital_id='HSL' — 300,433 linhas
[pipeline] 5,174 atendimentos únicos encontrados
[pipeline] construindo vocabulário local (simulação)...
[pipeline] vocabulário pronto em 0.2s — 467 tokens
[pipeline] construindo tensores para 5,174 sequências...
[pipeline] tensores: 517/5,174 (10%)
[pipeline] tensores: 1,034/5,174 (20%)
[pipeline] tensores: 1,551/5,174 (30%)
[pipeline] tensores: 2,068/5,174 (40%)
[pipeline] tensores: 2,585/5,174 (50%)
[pipeline] tensores: 3,102/5,174 (60%)
[pipeline] tensores: 3,619/5,174 (70%)
[pipeline] tensores: 4,136/5,174 (80%)
[pipeline] tensores: 4,653/5,174 (90%)
[pipeline] tensores: 5,170/5,174 (100%)
[pipeline] tensores prontos em 1.4s
[pipeline] concluído em 4.9s total — 5,174 pacientes | dist={0: 67, 1: 45, 2: 3182, 3: 1280, 4: 600} | demográficos: age_mean=0.52 sex_M=2859/5174
[91mERROR [0m:     ClientApp raised an exception
Traceback (most recent call last):
  File "/home/jacabreu/studies/usp/tcc/mosaic-fl/.venv/lib/python3.12/site-packages/flwr/supernode/runtime/run_clientapp.py", line 173, in run_clientapp
    reply_message = client_app(message=message, context=context)
                    ^^^^^^^^^^^^^^^^^^^^^^^^^^^^^^^^^^^^^^^^^^^^
  File "/home/jacabreu/studies/usp/tcc/mosaic-fl/.venv/lib/python3.12/site-packages/flwr/clientapp/client_app.py", line 144, in __call__
    return self._call(message, context)
           ^^^^^^^^^^^^^^^^^^^^^^^^^^^^
  File "/home/jacabreu/studies/usp/tcc/mosaic-fl/.venv/lib/python3.12/site-packages/flwr/clientapp/client_app.py", line 128, in ffn
    out_message = handle_legacy_message_from_msgtype(
                  ^^^^^^^^^^^^^^^^^^^^^^^^^^^^^^^^^^^
  File "/home/jacabreu/studies/usp/tcc/mosaic-fl/.venv/lib/python3.12/site-packages/flwr/client/message_handler/message_handler.py", line 136, in handle_legacy_message_from_msgtype
    evaluate_res = maybe_call_evaluate(
                   ^^^^^^^^^^^^^^^^^^^^
  File "/home/jacabreu/studies/usp/tcc/mosaic-fl/.venv/lib/python3.12/site-packages/flwr/client/client.py", line 244, in maybe_call_evaluate
    return client.evaluate(evaluate_ins)
           ^^^^^^^^^^^^^^^^^^^^^^^^^^^^^
  File "/home/jacabreu/studies/usp/tcc/mosaic-fl/.venv/lib/python3.12/site-packages/flwr/client/numpy_client.py", line 251, in _evaluate
    results = self.numpy_client.evaluate(parameters, ins.config)  # type: ignore
              ^^^^^^^^^^^^^^^^^^^^^^^^^^^^^^^^^^^^^^^^^^^^^^^^^^
  File "/home/jacabreu/studies/usp/tcc/mosaic-fl/src/mosaicfl/core/client.py", line 176, in evaluate
    for batch_x, batch_y, batch_dia in self.val_loader:
        ^^^^^^^^^^^^^^^^^^^^^^^^^^^
ValueError: not enough values to unpack (expected 3, got 2)
[92mINFO [0m:      
[92mINFO [0m:      
[92mINFO [0m:      [RUN 12945400730222074568, ROUND 6]
[92mINFO [0m:      Sending: evaluate message (ID: 2c09a37aaa3a977e700810fa7eee20394bfbdfd9729c157bb9a836f7922eb851)
[92mINFO [0m:      Sent successfully
[92mINFO [0m:      
[92mINFO [0m:      [RUN 12945400730222074568, ROUND 7]
[92mINFO [0m:      Receiving: train message (ID: e875f138bff3e2c9ecc833513d9b42ea98159db8d9cfc674514f3188c88646ce)
[92mINFO [0m:      Received successfully
[92mINFO [0m:      Start `flwr-clientapp` process
[SGBD] standard_vocab.json não encontrado — vocab será construído localmente. Execute scripts/build_standard_vocab.py antes do treinamento federado em produção.
[pipeline] conectando ao banco: postgresql://mosaicfl:senhaForte@localhost:5432/mo...
[pipeline] conexão OK
[pipeline] executando query (max_seq_len=128 — pode levar alguns minutos)...
[pipeline] query concluída em 3.3s — 300,433 linhas
[pipeline] filtrado para hospital_id='HSL' — 300,433 linhas
[pipeline] 5,174 atendimentos únicos encontrados
[pipeline] construindo vocabulário local (simulação)...
[pipeline] vocabulário pronto em 0.2s — 467 tokens
[pipeline] construindo tensores para 5,174 sequências...
[pipeline] tensores: 517/5,174 (10%)
[pipeline] tensores: 1,034/5,174 (20%)
[pipeline] tensores: 1,551/5,174 (30%)
[pipeline] tensores: 2,068/5,174 (40%)
[pipeline] tensores: 2,585/5,174 (50%)
[pipeline] tensores: 3,102/5,174 (60%)
[pipeline] tensores: 3,619/5,174 (70%)
[pipeline] tensores: 4,136/5,174 (80%)
[pipeline] tensores: 4,653/5,174 (90%)
[pipeline] tensores: 5,170/5,174 (100%)
[pipeline] tensores prontos em 1.4s
[pipeline] concluído em 5.0s total — 5,174 pacientes | dist={0: 67, 1: 45, 2: 3182, 3: 1280, 4: 600} | demográficos: age_mean=0.52 sex_M=2859/5174
[91mERROR [0m:     ClientApp raised an exception
Traceback (most recent call last):
  File "/home/jacabreu/studies/usp/tcc/mosaic-fl/.venv/lib/python3.12/site-packages/flwr/supernode/runtime/run_clientapp.py", line 173, in run_clientapp
    reply_message = client_app(message=message, context=context)
                    ^^^^^^^^^^^^^^^^^^^^^^^^^^^^^^^^^^^^^^^^^^^^
  File "/home/jacabreu/studies/usp/tcc/mosaic-fl/.venv/lib/python3.12/site-packages/flwr/clientapp/client_app.py", line 144, in __call__
    return self._call(message, context)
           ^^^^^^^^^^^^^^^^^^^^^^^^^^^^
  File "/home/jacabreu/studies/usp/tcc/mosaic-fl/.venv/lib/python3.12/site-packages/flwr/clientapp/client_app.py", line 128, in ffn
    out_message = handle_legacy_message_from_msgtype(
                  ^^^^^^^^^^^^^^^^^^^^^^^^^^^^^^^^^^^
  File "/home/jacabreu/studies/usp/tcc/mosaic-fl/.venv/lib/python3.12/site-packages/flwr/client/message_handler/message_handler.py", line 129, in handle_legacy_message_from_msgtype
    fit_res = maybe_call_fit(
              ^^^^^^^^^^^^^^^
  File "/home/jacabreu/studies/usp/tcc/mosaic-fl/.venv/lib/python3.12/site-packages/flwr/client/client.py", line 224, in maybe_call_fit
    return client.fit(fit_ins)
           ^^^^^^^^^^^^^^^^^^^
  File "/home/jacabreu/studies/usp/tcc/mosaic-fl/.venv/lib/python3.12/site-packages/flwr/client/numpy_client.py", line 227, in _fit
    results = self.numpy_client.fit(parameters, ins.config)  # type: ignore
              ^^^^^^^^^^^^^^^^^^^^^^^^^^^^^^^^^^^^^^^^^^^^^
  File "/home/jacabreu/studies/usp/tcc/mosaic-fl/src/mosaicfl/core/client.py", line 120, in fit
    for batch_x, batch_y, batch_dia in self.train_loader:
        ^^^^^^^^^^^^^^^^^^^^^^^^^^^
ValueError: not enough values to unpack (expected 3, got 2)
[92mINFO [0m:      
[92mINFO [0m:      
[92mINFO [0m:      [RUN 12945400730222074568, ROUND 7]
[92mINFO [0m:      Sending: train message (ID: 2d9057e630a6d60d48b46b7db444bc13ee15e9b313d0ef02ffaf9c0cd0bbfa8b)
[92mINFO [0m:      Sent successfully
[92mINFO [0m:      
[92mINFO [0m:      [RUN 12945400730222074568, ROUND 7]
[92mINFO [0m:      Receiving: evaluate message (ID: 2b85d893e737014132ce95fd33053658623cbd91ed3734684fbdf45207754ef1)
[92mINFO [0m:      Received successfully
[92mINFO [0m:      Start `flwr-clientapp` process
[SGBD] standard_vocab.json não encontrado — vocab será construído localmente. Execute scripts/build_standard_vocab.py antes do treinamento federado em produção.
[pipeline] conectando ao banco: postgresql://mosaicfl:senhaForte@localhost:5432/mo...
[pipeline] conexão OK
[pipeline] executando query (max_seq_len=128 — pode levar alguns minutos)...
[pipeline] query concluída em 3.4s — 300,433 linhas
[pipeline] filtrado para hospital_id='HSL' — 300,433 linhas
[pipeline] 5,174 atendimentos únicos encontrados
[pipeline] construindo vocabulário local (simulação)...
[pipeline] vocabulário pronto em 0.2s — 467 tokens
[pipeline] construindo tensores para 5,174 sequências...
[pipeline] tensores: 517/5,174 (10%)
[pipeline] tensores: 1,034/5,174 (20%)
[pipeline] tensores: 1,551/5,174 (30%)
[pipeline] tensores: 2,068/5,174 (40%)
[pipeline] tensores: 2,585/5,174 (50%)
[pipeline] tensores: 3,102/5,174 (60%)
[pipeline] tensores: 3,619/5,174 (70%)
[pipeline] tensores: 4,136/5,174 (80%)
[pipeline] tensores: 4,653/5,174 (90%)
[pipeline] tensores: 5,170/5,174 (100%)
[pipeline] tensores prontos em 1.4s
[pipeline] concluído em 5.1s total — 5,174 pacientes | dist={0: 67, 1: 45, 2: 3182, 3: 1280, 4: 600} | demográficos: age_mean=0.52 sex_M=2859/5174
[91mERROR [0m:     ClientApp raised an exception
Traceback (most recent call last):
  File "/home/jacabreu/studies/usp/tcc/mosaic-fl/.venv/lib/python3.12/site-packages/flwr/supernode/runtime/run_clientapp.py", line 173, in run_clientapp
    reply_message = client_app(message=message, context=context)
                    ^^^^^^^^^^^^^^^^^^^^^^^^^^^^^^^^^^^^^^^^^^^^
  File "/home/jacabreu/studies/usp/tcc/mosaic-fl/.venv/lib/python3.12/site-packages/flwr/clientapp/client_app.py", line 144, in __call__
    return self._call(message, context)
           ^^^^^^^^^^^^^^^^^^^^^^^^^^^^
  File "/home/jacabreu/studies/usp/tcc/mosaic-fl/.venv/lib/python3.12/site-packages/flwr/clientapp/client_app.py", line 128, in ffn
    out_message = handle_legacy_message_from_msgtype(
                  ^^^^^^^^^^^^^^^^^^^^^^^^^^^^^^^^^^^
  File "/home/jacabreu/studies/usp/tcc/mosaic-fl/.venv/lib/python3.12/site-packages/flwr/client/message_handler/message_handler.py", line 136, in handle_legacy_message_from_msgtype
    evaluate_res = maybe_call_evaluate(
                   ^^^^^^^^^^^^^^^^^^^^
  File "/home/jacabreu/studies/usp/tcc/mosaic-fl/.venv/lib/python3.12/site-packages/flwr/client/client.py", line 244, in maybe_call_evaluate
    return client.evaluate(evaluate_ins)
           ^^^^^^^^^^^^^^^^^^^^^^^^^^^^^
  File "/home/jacabreu/studies/usp/tcc/mosaic-fl/.venv/lib/python3.12/site-packages/flwr/client/numpy_client.py", line 251, in _evaluate
    results = self.numpy_client.evaluate(parameters, ins.config)  # type: ignore
              ^^^^^^^^^^^^^^^^^^^^^^^^^^^^^^^^^^^^^^^^^^^^^^^^^^
  File "/home/jacabreu/studies/usp/tcc/mosaic-fl/src/mosaicfl/core/client.py", line 176, in evaluate
    for batch_x, batch_y, batch_dia in self.val_loader:
        ^^^^^^^^^^^^^^^^^^^^^^^^^^^
ValueError: not enough values to unpack (expected 3, got 2)
[92mINFO [0m:      
[92mINFO [0m:      [RUN 12945400730222074568, ROUND 7]
[92mINFO [0m:      Sending: evaluate message (ID: 8957d76a3b403241550d94def0732ff6a68e202fd9fec0001d11135bc6d1115b)
[92mINFO [0m:      Sent successfully
[92mINFO [0m:      
[92mINFO [0m:      
[92mINFO [0m:      [RUN 12945400730222074568, ROUND 8]
[92mINFO [0m:      Receiving: train message (ID: 2f43e1dd092427e3f00e2b5b1f2bc85eabb571409ff51a9f8120b97db0b80fa0)
[92mINFO [0m:      Received successfully
[92mINFO [0m:      Start `flwr-clientapp` process
[SGBD] standard_vocab.json não encontrado — vocab será construído localmente. Execute scripts/build_standard_vocab.py antes do treinamento federado em produção.
[pipeline] conectando ao banco: postgresql://mosaicfl:senhaForte@localhost:5432/mo...
[pipeline] conexão OK
[pipeline] executando query (max_seq_len=128 — pode levar alguns minutos)...
[pipeline] query concluída em 3.2s — 300,433 linhas
[pipeline] filtrado para hospital_id='HSL' — 300,433 linhas
[pipeline] 5,174 atendimentos únicos encontrados
[pipeline] construindo vocabulário local (simulação)...
[pipeline] vocabulário pronto em 0.2s — 467 tokens
[pipeline] construindo tensores para 5,174 sequências...
[pipeline] tensores: 517/5,174 (10%)
[pipeline] tensores: 1,034/5,174 (20%)
[pipeline] tensores: 1,551/5,174 (30%)
[pipeline] tensores: 2,068/5,174 (40%)
[pipeline] tensores: 2,585/5,174 (50%)
[pipeline] tensores: 3,102/5,174 (60%)
[pipeline] tensores: 3,619/5,174 (70%)
[pipeline] tensores: 4,136/5,174 (80%)
[pipeline] tensores: 4,653/5,174 (90%)
[pipeline] tensores: 5,170/5,174 (100%)
[pipeline] tensores prontos em 1.4s
[pipeline] concluído em 5.0s total — 5,174 pacientes | dist={0: 67, 1: 45, 2: 3182, 3: 1280, 4: 600} | demográficos: age_mean=0.52 sex_M=2859/5174
[91mERROR [0m:     ClientApp raised an exception
Traceback (most recent call last):
  File "/home/jacabreu/studies/usp/tcc/mosaic-fl/.venv/lib/python3.12/site-packages/flwr/supernode/runtime/run_clientapp.py", line 173, in run_clientapp
    reply_message = client_app(message=message, context=context)
                    ^^^^^^^^^^^^^^^^^^^^^^^^^^^^^^^^^^^^^^^^^^^^
  File "/home/jacabreu/studies/usp/tcc/mosaic-fl/.venv/lib/python3.12/site-packages/flwr/clientapp/client_app.py", line 144, in __call__
    return self._call(message, context)
           ^^^^^^^^^^^^^^^^^^^^^^^^^^^^
  File "/home/jacabreu/studies/usp/tcc/mosaic-fl/.venv/lib/python3.12/site-packages/flwr/clientapp/client_app.py", line 128, in ffn
    out_message = handle_legacy_message_from_msgtype(
                  ^^^^^^^^^^^^^^^^^^^^^^^^^^^^^^^^^^^
  File "/home/jacabreu/studies/usp/tcc/mosaic-fl/.venv/lib/python3.12/site-packages/flwr/client/message_handler/message_handler.py", line 129, in handle_legacy_message_from_msgtype
    fit_res = maybe_call_fit(
              ^^^^^^^^^^^^^^^
  File "/home/jacabreu/studies/usp/tcc/mosaic-fl/.venv/lib/python3.12/site-packages/flwr/client/client.py", line 224, in maybe_call_fit
    return client.fit(fit_ins)
           ^^^^^^^^^^^^^^^^^^^
  File "/home/jacabreu/studies/usp/tcc/mosaic-fl/.venv/lib/python3.12/site-packages/flwr/client/numpy_client.py", line 227, in _fit
    results = self.numpy_client.fit(parameters, ins.config)  # type: ignore
              ^^^^^^^^^^^^^^^^^^^^^^^^^^^^^^^^^^^^^^^^^^^^^
  File "/home/jacabreu/studies/usp/tcc/mosaic-fl/src/mosaicfl/core/client.py", line 120, in fit
    for batch_x, batch_y, batch_dia in self.train_loader:
        ^^^^^^^^^^^^^^^^^^^^^^^^^^^
ValueError: not enough values to unpack (expected 3, got 2)
[92mINFO [0m:      
[92mINFO [0m:      
[92mINFO [0m:      [RUN 12945400730222074568, ROUND 8]
[92mINFO [0m:      Sending: train message (ID: d292ed1659a323a4d68e14d5131a90b58f6f016ca506dfd05b403566d9b49eb2)
[92mINFO [0m:      Sent successfully
[92mINFO [0m:      
[92mINFO [0m:      [RUN 12945400730222074568, ROUND 8]
[92mINFO [0m:      Receiving: evaluate message (ID: 6afd3695c559da51d138275b6c61a998a0237ee66ae3c6618c0a3163fd30408a)
[92mINFO [0m:      Received successfully
[92mINFO [0m:      Start `flwr-clientapp` process
[SGBD] standard_vocab.json não encontrado — vocab será construído localmente. Execute scripts/build_standard_vocab.py antes do treinamento federado em produção.
[pipeline] conectando ao banco: postgresql://mosaicfl:senhaForte@localhost:5432/mo...
[pipeline] conexão OK
[pipeline] executando query (max_seq_len=128 — pode levar alguns minutos)...
[pipeline] query concluída em 3.3s — 300,433 linhas
[pipeline] filtrado para hospital_id='HSL' — 300,433 linhas
[pipeline] 5,174 atendimentos únicos encontrados
[pipeline] construindo vocabulário local (simulação)...
[pipeline] vocabulário pronto em 0.2s — 467 tokens
[pipeline] construindo tensores para 5,174 sequências...
[pipeline] tensores: 517/5,174 (10%)
[pipeline] tensores: 1,034/5,174 (20%)
[pipeline] tensores: 1,551/5,174 (30%)
[pipeline] tensores: 2,068/5,174 (40%)
[pipeline] tensores: 2,585/5,174 (50%)
[pipeline] tensores: 3,102/5,174 (60%)
[pipeline] tensores: 3,619/5,174 (70%)
[pipeline] tensores: 4,136/5,174 (80%)
[pipeline] tensores: 4,653/5,174 (90%)
[pipeline] tensores: 5,170/5,174 (100%)
[pipeline] tensores prontos em 1.4s
[pipeline] concluído em 5.0s total — 5,174 pacientes | dist={0: 67, 1: 45, 2: 3182, 3: 1280, 4: 600} | demográficos: age_mean=0.52 sex_M=2859/5174
[91mERROR [0m:     ClientApp raised an exception
Traceback (most recent call last):
  File "/home/jacabreu/studies/usp/tcc/mosaic-fl/.venv/lib/python3.12/site-packages/flwr/supernode/runtime/run_clientapp.py", line 173, in run_clientapp
    reply_message = client_app(message=message, context=context)
                    ^^^^^^^^^^^^^^^^^^^^^^^^^^^^^^^^^^^^^^^^^^^^
  File "/home/jacabreu/studies/usp/tcc/mosaic-fl/.venv/lib/python3.12/site-packages/flwr/clientapp/client_app.py", line 144, in __call__
    return self._call(message, context)
           ^^^^^^^^^^^^^^^^^^^^^^^^^^^^
  File "/home/jacabreu/studies/usp/tcc/mosaic-fl/.venv/lib/python3.12/site-packages/flwr/clientapp/client_app.py", line 128, in ffn
    out_message = handle_legacy_message_from_msgtype(
                  ^^^^^^^^^^^^^^^^^^^^^^^^^^^^^^^^^^^
  File "/home/jacabreu/studies/usp/tcc/mosaic-fl/.venv/lib/python3.12/site-packages/flwr/client/message_handler/message_handler.py", line 136, in handle_legacy_message_from_msgtype
    evaluate_res = maybe_call_evaluate(
                   ^^^^^^^^^^^^^^^^^^^^
  File "/home/jacabreu/studies/usp/tcc/mosaic-fl/.venv/lib/python3.12/site-packages/flwr/client/client.py", line 244, in maybe_call_evaluate
    return client.evaluate(evaluate_ins)
           ^^^^^^^^^^^^^^^^^^^^^^^^^^^^^
  File "/home/jacabreu/studies/usp/tcc/mosaic-fl/.venv/lib/python3.12/site-packages/flwr/client/numpy_client.py", line 251, in _evaluate
    results = self.numpy_client.evaluate(parameters, ins.config)  # type: ignore
              ^^^^^^^^^^^^^^^^^^^^^^^^^^^^^^^^^^^^^^^^^^^^^^^^^^
  File "/home/jacabreu/studies/usp/tcc/mosaic-fl/src/mosaicfl/core/client.py", line 176, in evaluate
    for batch_x, batch_y, batch_dia in self.val_loader:
        ^^^^^^^^^^^^^^^^^^^^^^^^^^^
ValueError: not enough values to unpack (expected 3, got 2)
[92mINFO [0m:      
[92mINFO [0m:      
[92mINFO [0m:      [RUN 12945400730222074568, ROUND 8]
[92mINFO [0m:      Sending: evaluate message (ID: 0ba38c94b4ebb85ae02f02212d155920045ae68c7b2fb340acfc481ac14dc9a3)
[92mINFO [0m:      Sent successfully
[92mINFO [0m:      
[92mINFO [0m:      [RUN 12945400730222074568, ROUND 9]
[92mINFO [0m:      Receiving: train message (ID: 5635477cb1e8bbff05feed275ea24e2952d148fb7952ebf844fc555ce5a22482)
[92mINFO [0m:      Received successfully
[92mINFO [0m:      Start `flwr-clientapp` process
[SGBD] standard_vocab.json não encontrado — vocab será construído localmente. Execute scripts/build_standard_vocab.py antes do treinamento federado em produção.
[pipeline] conectando ao banco: postgresql://mosaicfl:senhaForte@localhost:5432/mo...
[pipeline] conexão OK
[pipeline] executando query (max_seq_len=128 — pode levar alguns minutos)...
[pipeline] query concluída em 3.2s — 300,433 linhas
[pipeline] filtrado para hospital_id='HSL' — 300,433 linhas
[pipeline] 5,174 atendimentos únicos encontrados
[pipeline] construindo vocabulário local (simulação)...
[pipeline] vocabulário pronto em 0.2s — 467 tokens
[pipeline] construindo tensores para 5,174 sequências...
[pipeline] tensores: 517/5,174 (10%)
[pipeline] tensores: 1,034/5,174 (20%)
[pipeline] tensores: 1,551/5,174 (30%)
[pipeline] tensores: 2,068/5,174 (40%)
[pipeline] tensores: 2,585/5,174 (50%)
[pipeline] tensores: 3,102/5,174 (60%)
[pipeline] tensores: 3,619/5,174 (70%)
[pipeline] tensores: 4,136/5,174 (80%)
[pipeline] tensores: 4,653/5,174 (90%)
[pipeline] tensores: 5,170/5,174 (100%)
[pipeline] tensores prontos em 1.4s
[pipeline] concluído em 4.9s total — 5,174 pacientes | dist={0: 67, 1: 45, 2: 3182, 3: 1280, 4: 600} | demográficos: age_mean=0.52 sex_M=2859/5174
[91mERROR [0m:     ClientApp raised an exception
Traceback (most recent call last):
  File "/home/jacabreu/studies/usp/tcc/mosaic-fl/.venv/lib/python3.12/site-packages/flwr/supernode/runtime/run_clientapp.py", line 173, in run_clientapp
    reply_message = client_app(message=message, context=context)
                    ^^^^^^^^^^^^^^^^^^^^^^^^^^^^^^^^^^^^^^^^^^^^
  File "/home/jacabreu/studies/usp/tcc/mosaic-fl/.venv/lib/python3.12/site-packages/flwr/clientapp/client_app.py", line 144, in __call__
    return self._call(message, context)
           ^^^^^^^^^^^^^^^^^^^^^^^^^^^^
  File "/home/jacabreu/studies/usp/tcc/mosaic-fl/.venv/lib/python3.12/site-packages/flwr/clientapp/client_app.py", line 128, in ffn
    out_message = handle_legacy_message_from_msgtype(
                  ^^^^^^^^^^^^^^^^^^^^^^^^^^^^^^^^^^^
  File "/home/jacabreu/studies/usp/tcc/mosaic-fl/.venv/lib/python3.12/site-packages/flwr/client/message_handler/message_handler.py", line 129, in handle_legacy_message_from_msgtype
    fit_res = maybe_call_fit(
              ^^^^^^^^^^^^^^^
  File "/home/jacabreu/studies/usp/tcc/mosaic-fl/.venv/lib/python3.12/site-packages/flwr/client/client.py", line 224, in maybe_call_fit
    return client.fit(fit_ins)
           ^^^^^^^^^^^^^^^^^^^
  File "/home/jacabreu/studies/usp/tcc/mosaic-fl/.venv/lib/python3.12/site-packages/flwr/client/numpy_client.py", line 227, in _fit
    results = self.numpy_client.fit(parameters, ins.config)  # type: ignore
              ^^^^^^^^^^^^^^^^^^^^^^^^^^^^^^^^^^^^^^^^^^^^^
  File "/home/jacabreu/studies/usp/tcc/mosaic-fl/src/mosaicfl/core/client.py", line 120, in fit
    for batch_x, batch_y, batch_dia in self.train_loader:
        ^^^^^^^^^^^^^^^^^^^^^^^^^^^
ValueError: not enough values to unpack (expected 3, got 2)
[92mINFO [0m:      
[92mINFO [0m:      [RUN 12945400730222074568, ROUND 9]
[92mINFO [0m:      Sending: train message (ID: 1733b7dd4f129437a916aafffeaf6d5bc91add7bc9af97c1b39b5c58c0227a05)
[92mINFO [0m:      Sent successfully
[92mINFO [0m:      
[92mINFO [0m:      
[92mINFO [0m:      [RUN 12945400730222074568, ROUND 9]
[92mINFO [0m:      Receiving: evaluate message (ID: ac77fed24f254ba3a1b26025a172d0e9bdacef5579fc2157b8bf841855c4bcc3)
[92mINFO [0m:      Received successfully
[92mINFO [0m:      Start `flwr-clientapp` process
[SGBD] standard_vocab.json não encontrado — vocab será construído localmente. Execute scripts/build_standard_vocab.py antes do treinamento federado em produção.
[pipeline] conectando ao banco: postgresql://mosaicfl:senhaForte@localhost:5432/mo...
[pipeline] conexão OK
[pipeline] executando query (max_seq_len=128 — pode levar alguns minutos)...
[pipeline] query concluída em 3.2s — 300,433 linhas
[pipeline] filtrado para hospital_id='HSL' — 300,433 linhas
[pipeline] 5,174 atendimentos únicos encontrados
[pipeline] construindo vocabulário local (simulação)...
[pipeline] vocabulário pronto em 0.1s — 467 tokens
[pipeline] construindo tensores para 5,174 sequências...
[pipeline] tensores: 517/5,174 (10%)
[pipeline] tensores: 1,034/5,174 (20%)
[pipeline] tensores: 1,551/5,174 (30%)
[pipeline] tensores: 2,068/5,174 (40%)
[pipeline] tensores: 2,585/5,174 (50%)
[pipeline] tensores: 3,102/5,174 (60%)
[pipeline] tensores: 3,619/5,174 (70%)
[pipeline] tensores: 4,136/5,174 (80%)
[pipeline] tensores: 4,653/5,174 (90%)
[pipeline] tensores: 5,170/5,174 (100%)
[pipeline] tensores prontos em 1.5s
[pipeline] concluído em 5.0s total — 5,174 pacientes | dist={0: 67, 1: 45, 2: 3182, 3: 1280, 4: 600} | demográficos: age_mean=0.52 sex_M=2859/5174
[91mERROR [0m:     ClientApp raised an exception
Traceback (most recent call last):
  File "/home/jacabreu/studies/usp/tcc/mosaic-fl/.venv/lib/python3.12/site-packages/flwr/supernode/runtime/run_clientapp.py", line 173, in run_clientapp
    reply_message = client_app(message=message, context=context)
                    ^^^^^^^^^^^^^^^^^^^^^^^^^^^^^^^^^^^^^^^^^^^^
  File "/home/jacabreu/studies/usp/tcc/mosaic-fl/.venv/lib/python3.12/site-packages/flwr/clientapp/client_app.py", line 144, in __call__
    return self._call(message, context)
           ^^^^^^^^^^^^^^^^^^^^^^^^^^^^
  File "/home/jacabreu/studies/usp/tcc/mosaic-fl/.venv/lib/python3.12/site-packages/flwr/clientapp/client_app.py", line 128, in ffn
    out_message = handle_legacy_message_from_msgtype(
                  ^^^^^^^^^^^^^^^^^^^^^^^^^^^^^^^^^^^
  File "/home/jacabreu/studies/usp/tcc/mosaic-fl/.venv/lib/python3.12/site-packages/flwr/client/message_handler/message_handler.py", line 136, in handle_legacy_message_from_msgtype
    evaluate_res = maybe_call_evaluate(
                   ^^^^^^^^^^^^^^^^^^^^
  File "/home/jacabreu/studies/usp/tcc/mosaic-fl/.venv/lib/python3.12/site-packages/flwr/client/client.py", line 244, in maybe_call_evaluate
    return client.evaluate(evaluate_ins)
           ^^^^^^^^^^^^^^^^^^^^^^^^^^^^^
  File "/home/jacabreu/studies/usp/tcc/mosaic-fl/.venv/lib/python3.12/site-packages/flwr/client/numpy_client.py", line 251, in _evaluate
    results = self.numpy_client.evaluate(parameters, ins.config)  # type: ignore
              ^^^^^^^^^^^^^^^^^^^^^^^^^^^^^^^^^^^^^^^^^^^^^^^^^^
  File "/home/jacabreu/studies/usp/tcc/mosaic-fl/src/mosaicfl/core/client.py", line 176, in evaluate
    for batch_x, batch_y, batch_dia in self.val_loader:
        ^^^^^^^^^^^^^^^^^^^^^^^^^^^
ValueError: not enough values to unpack (expected 3, got 2)
[92mINFO [0m:      
[92mINFO [0m:      
[92mINFO [0m:      [RUN 12945400730222074568, ROUND 9]
[92mINFO [0m:      Sending: evaluate message (ID: 10e81e1c2444b1e665432a12e3ea8e4371396610e6b1de1f9bf2fa26309f6a64)
[92mINFO [0m:      Sent successfully
[92mINFO [0m:      
[92mINFO [0m:      [RUN 12945400730222074568, ROUND 10]
[92mINFO [0m:      Receiving: train message (ID: a008cdb5801ad55125f8874ff2f478f9b433b0dd5d5677d63b738c2b2e4ece60)
[92mINFO [0m:      Received successfully
[92mINFO [0m:      Start `flwr-clientapp` process
[SGBD] standard_vocab.json não encontrado — vocab será construído localmente. Execute scripts/build_standard_vocab.py antes do treinamento federado em produção.
[pipeline] conectando ao banco: postgresql://mosaicfl:senhaForte@localhost:5432/mo...
[pipeline] conexão OK
[pipeline] executando query (max_seq_len=128 — pode levar alguns minutos)...
[pipeline] query concluída em 3.3s — 300,433 linhas
[pipeline] filtrado para hospital_id='HSL' — 300,433 linhas
[pipeline] 5,174 atendimentos únicos encontrados
[pipeline] construindo vocabulário local (simulação)...
[pipeline] vocabulário pronto em 0.1s — 467 tokens
[pipeline] construindo tensores para 5,174 sequências...
[pipeline] tensores: 517/5,174 (10%)
[pipeline] tensores: 1,034/5,174 (20%)
[pipeline] tensores: 1,551/5,174 (30%)
[pipeline] tensores: 2,068/5,174 (40%)
[pipeline] tensores: 2,585/5,174 (50%)
[pipeline] tensores: 3,102/5,174 (60%)
[pipeline] tensores: 3,619/5,174 (70%)
[pipeline] tensores: 4,136/5,174 (80%)
[pipeline] tensores: 4,653/5,174 (90%)
[pipeline] tensores: 5,170/5,174 (100%)
[pipeline] tensores prontos em 1.4s
[pipeline] concluído em 5.0s total — 5,174 pacientes | dist={0: 67, 1: 45, 2: 3182, 3: 1280, 4: 600} | demográficos: age_mean=0.52 sex_M=2859/5174
[91mERROR [0m:     ClientApp raised an exception
Traceback (most recent call last):
  File "/home/jacabreu/studies/usp/tcc/mosaic-fl/.venv/lib/python3.12/site-packages/flwr/supernode/runtime/run_clientapp.py", line 173, in run_clientapp
    reply_message = client_app(message=message, context=context)
                    ^^^^^^^^^^^^^^^^^^^^^^^^^^^^^^^^^^^^^^^^^^^^
  File "/home/jacabreu/studies/usp/tcc/mosaic-fl/.venv/lib/python3.12/site-packages/flwr/clientapp/client_app.py", line 144, in __call__
    return self._call(message, context)
           ^^^^^^^^^^^^^^^^^^^^^^^^^^^^
  File "/home/jacabreu/studies/usp/tcc/mosaic-fl/.venv/lib/python3.12/site-packages/flwr/clientapp/client_app.py", line 128, in ffn
    out_message = handle_legacy_message_from_msgtype(
                  ^^^^^^^^^^^^^^^^^^^^^^^^^^^^^^^^^^^
  File "/home/jacabreu/studies/usp/tcc/mosaic-fl/.venv/lib/python3.12/site-packages/flwr/client/message_handler/message_handler.py", line 129, in handle_legacy_message_from_msgtype
    fit_res = maybe_call_fit(
              ^^^^^^^^^^^^^^^
  File "/home/jacabreu/studies/usp/tcc/mosaic-fl/.venv/lib/python3.12/site-packages/flwr/client/client.py", line 224, in maybe_call_fit
    return client.fit(fit_ins)
           ^^^^^^^^^^^^^^^^^^^
  File "/home/jacabreu/studies/usp/tcc/mosaic-fl/.venv/lib/python3.12/site-packages/flwr/client/numpy_client.py", line 227, in _fit
    results = self.numpy_client.fit(parameters, ins.config)  # type: ignore
              ^^^^^^^^^^^^^^^^^^^^^^^^^^^^^^^^^^^^^^^^^^^^^
  File "/home/jacabreu/studies/usp/tcc/mosaic-fl/src/mosaicfl/core/client.py", line 120, in fit
    for batch_x, batch_y, batch_dia in self.train_loader:
        ^^^^^^^^^^^^^^^^^^^^^^^^^^^
ValueError: not enough values to unpack (expected 3, got 2)
[92mINFO [0m:      
[92mINFO [0m:      
[92mINFO [0m:      [RUN 12945400730222074568, ROUND 10]
[92mINFO [0m:      Sending: train message (ID: 9b2c5a4c4a84f1647477ffaf91af3450aca7e2d4ccf9d8aa2d75d6b3b84f50ee)
[92mINFO [0m:      Sent successfully
[92mINFO [0m:      
[92mINFO [0m:      [RUN 12945400730222074568, ROUND 10]
[92mINFO [0m:      Receiving: evaluate message (ID: 21b770e1e22af8ba3dffbabc6c077639343b7d4975c620537e5a14e259278342)
[92mINFO [0m:      Received successfully
[92mINFO [0m:      Start `flwr-clientapp` process
[SGBD] standard_vocab.json não encontrado — vocab será construído localmente. Execute scripts/build_standard_vocab.py antes do treinamento federado em produção.
[pipeline] conectando ao banco: postgresql://mosaicfl:senhaForte@localhost:5432/mo...
[pipeline] conexão OK
[pipeline] executando query (max_seq_len=128 — pode levar alguns minutos)...
[pipeline] query concluída em 3.2s — 300,433 linhas
[pipeline] filtrado para hospital_id='HSL' — 300,433 linhas
[pipeline] 5,174 atendimentos únicos encontrados
[pipeline] construindo vocabulário local (simulação)...
[pipeline] vocabulário pronto em 0.2s — 467 tokens
[pipeline] construindo tensores para 5,174 sequências...
[pipeline] tensores: 517/5,174 (10%)
[pipeline] tensores: 1,034/5,174 (20%)
[pipeline] tensores: 1,551/5,174 (30%)
[pipeline] tensores: 2,068/5,174 (40%)
[pipeline] tensores: 2,585/5,174 (50%)
[pipeline] tensores: 3,102/5,174 (60%)
[pipeline] tensores: 3,619/5,174 (70%)
[pipeline] tensores: 4,136/5,174 (80%)
[pipeline] tensores: 4,653/5,174 (90%)
[pipeline] tensores: 5,170/5,174 (100%)
[pipeline] tensores prontos em 1.4s
[pipeline] concluído em 5.0s total — 5,174 pacientes | dist={0: 67, 1: 45, 2: 3182, 3: 1280, 4: 600} | demográficos: age_mean=0.52 sex_M=2859/5174
[91mERROR [0m:     ClientApp raised an exception
Traceback (most recent call last):
  File "/home/jacabreu/studies/usp/tcc/mosaic-fl/.venv/lib/python3.12/site-packages/flwr/supernode/runtime/run_clientapp.py", line 173, in run_clientapp
    reply_message = client_app(message=message, context=context)
                    ^^^^^^^^^^^^^^^^^^^^^^^^^^^^^^^^^^^^^^^^^^^^
  File "/home/jacabreu/studies/usp/tcc/mosaic-fl/.venv/lib/python3.12/site-packages/flwr/clientapp/client_app.py", line 144, in __call__
    return self._call(message, context)
           ^^^^^^^^^^^^^^^^^^^^^^^^^^^^
  File "/home/jacabreu/studies/usp/tcc/mosaic-fl/.venv/lib/python3.12/site-packages/flwr/clientapp/client_app.py", line 128, in ffn
    out_message = handle_legacy_message_from_msgtype(
                  ^^^^^^^^^^^^^^^^^^^^^^^^^^^^^^^^^^^
  File "/home/jacabreu/studies/usp/tcc/mosaic-fl/.venv/lib/python3.12/site-packages/flwr/client/message_handler/message_handler.py", line 136, in handle_legacy_message_from_msgtype
    evaluate_res = maybe_call_evaluate(
                   ^^^^^^^^^^^^^^^^^^^^
  File "/home/jacabreu/studies/usp/tcc/mosaic-fl/.venv/lib/python3.12/site-packages/flwr/client/client.py", line 244, in maybe_call_evaluate
    return client.evaluate(evaluate_ins)
           ^^^^^^^^^^^^^^^^^^^^^^^^^^^^^
  File "/home/jacabreu/studies/usp/tcc/mosaic-fl/.venv/lib/python3.12/site-packages/flwr/client/numpy_client.py", line 251, in _evaluate
    results = self.numpy_client.evaluate(parameters, ins.config)  # type: ignore
              ^^^^^^^^^^^^^^^^^^^^^^^^^^^^^^^^^^^^^^^^^^^^^^^^^^
  File "/home/jacabreu/studies/usp/tcc/mosaic-fl/src/mosaicfl/core/client.py", line 176, in evaluate
    for batch_x, batch_y, batch_dia in self.val_loader:
        ^^^^^^^^^^^^^^^^^^^^^^^^^^^
ValueError: not enough values to unpack (expected 3, got 2)
[92mINFO [0m:      
[92mINFO [0m:      
[92mINFO [0m:      [RUN 12945400730222074568, ROUND 10]
[92mINFO [0m:      Sending: evaluate message (ID: 0da1032bf29cb171d9d6a240f4bf2d754e01fe43c95ebad943d4b6043ef4c1d5)
[92mINFO [0m:      Sent successfully
[93mWARNING [0m:   Connection attempt failed, retrying in 0.28 seconds
[92mINFO [0m:      Connection successful after 126.44 seconds and 2 tries.
[92mINFO [0m:      
[92mINFO [0m:      [RUN 4109980700631375372]
[92mINFO [0m:      Receiving: get_parameters message (ID: 66799e49b5b238aeef757a3e898e1ec65258e39c44ad4d0a1cb69b1015b648f3)
[92mINFO [0m:      Received successfully
[92mINFO [0m:      Start `flwr-clientapp` process
Successfully installed mosaicfl to /home/jacabreu/.flwr/apps/mosaic-fl.mosaicfl.0.2.0.9f449145.
[SGBD] standard_vocab.json não encontrado — vocab será construído localmente. Execute scripts/build_standard_vocab.py antes do treinamento federado em produção.
[pipeline] conectando ao banco: postgresql://mosaicfl:senhaForte@localhost:5432/mo...
[pipeline] conexão OK
[pipeline] executando query (max_seq_len=128 — pode levar alguns minutos)...
[pipeline] query concluída em 3.3s — 300,433 linhas
[pipeline] filtrado para hospital_id='HSL' — 300,433 linhas
[pipeline] 5,174 atendimentos únicos encontrados
[pipeline] construindo vocabulário local (simulação)...
[pipeline] vocabulário pronto em 0.1s — 467 tokens
[pipeline] construindo tensores para 5,174 sequências...
[pipeline] tensores: 517/5,174 (10%)
[pipeline] tensores: 1,034/5,174 (20%)
[pipeline] tensores: 1,551/5,174 (30%)
[pipeline] tensores: 2,068/5,174 (40%)
[pipeline] tensores: 2,585/5,174 (50%)
[pipeline] tensores: 3,102/5,174 (60%)
[pipeline] tensores: 3,619/5,174 (70%)
[pipeline] tensores: 4,136/5,174 (80%)
[pipeline] tensores: 4,653/5,174 (90%)
[pipeline] tensores: 5,170/5,174 (100%)
[pipeline] tensores prontos em 1.4s
[pipeline] concluído em 5.0s total — 5,174 pacientes | dist={0: 67, 1: 45, 2: 3182, 3: 1280, 4: 600} | demográficos: age_mean=0.52 sex_M=2859/5174
[92mINFO [0m:      
[92mINFO [0m:      
[92mINFO [0m:      [RUN 4109980700631375372]
[92mINFO [0m:      Sending: get_parameters message (ID: d10897af6351703e73af7324273d396c888299e02d91e9d0c982534b678102b3)
[92mINFO [0m:      Sent successfully
[92mINFO [0m:      
[92mINFO [0m:      [RUN 4109980700631375372, ROUND 1]
[92mINFO [0m:      Receiving: train message (ID: f9f61c68a8780b8ac5b76cf0c7a80f26d18b9c78bb811e00890c2d1d4caae148)
[92mINFO [0m:      Received successfully
[92mINFO [0m:      Start `flwr-clientapp` process
[SGBD] standard_vocab.json não encontrado — vocab será construído localmente. Execute scripts/build_standard_vocab.py antes do treinamento federado em produção.
[pipeline] conectando ao banco: postgresql://mosaicfl:senhaForte@localhost:5432/mo...
[pipeline] conexão OK
[pipeline] executando query (max_seq_len=128 — pode levar alguns minutos)...
[pipeline] query concluída em 3.2s — 300,433 linhas
[pipeline] filtrado para hospital_id='HSL' — 300,433 linhas
[pipeline] 5,174 atendimentos únicos encontrados
[pipeline] construindo vocabulário local (simulação)...
[pipeline] vocabulário pronto em 0.2s — 467 tokens
[pipeline] construindo tensores para 5,174 sequências...
[pipeline] tensores: 517/5,174 (10%)
[pipeline] tensores: 1,034/5,174 (20%)
[pipeline] tensores: 1,551/5,174 (30%)
[pipeline] tensores: 2,068/5,174 (40%)
[pipeline] tensores: 2,585/5,174 (50%)
[pipeline] tensores: 3,102/5,174 (60%)
[pipeline] tensores: 3,619/5,174 (70%)
[pipeline] tensores: 4,136/5,174 (80%)
[pipeline] tensores: 4,653/5,174 (90%)
[pipeline] tensores: 5,170/5,174 (100%)
[pipeline] tensores prontos em 1.4s
[pipeline] concluído em 5.0s total — 5,174 pacientes | dist={0: 67, 1: 45, 2: 3182, 3: 1280, 4: 600} | demográficos: age_mean=0.52 sex_M=2859/5174
[92mINFO [0m:      
[92mINFO [0m:      
[92mINFO [0m:      [RUN 4109980700631375372, ROUND 1]
[92mINFO [0m:      Sending: train message (ID: 3a245ce8eb7a0034b395949e420c1e1090621afe9d008cd6eb20a35c5095f9a7)
[92mINFO [0m:      Sent successfully
