[92mINFO [0m:      Starting Flower SuperNode
[92mINFO [0m:      Flower Deployment Runtime: Starting ClientAppIo API on 0.0.0.0:9094
[92mINFO [0m:      SuperNode ID: 5459939485563275658
[92mINFO [0m:      Starting Flower SuperExec
[92mINFO [0m:      
[92mINFO [0m:      [RUN 11015978281961309996]
[92mINFO [0m:      Receiving: get_parameters message (ID: b8875ce3d7d8254d2062f401ffeeb8fd15f10ef665fc9a15ff9315e45bea3483)
[92mINFO [0m:      Received successfully
[92mINFO [0m:      Start `flwr-clientapp` process
[92mINFO [0m:      
[92mINFO [0m:      [RUN 11015978281961309996]
[92mINFO [0m:      Sending: get_parameters message (ID: 75aaceabaf263083f9ff7f920530bd207cd54cb947d31d7c7e22d6ee641d0adc)
[92mINFO [0m:      
[92mINFO [0m:      Sent successfully
[92mINFO [0m:      
[92mINFO [0m:      [RUN 11015978281961309996, ROUND 1]
[92mINFO [0m:      Receiving: train message (ID: 356271f1d3f64f1bd6336c6f1afbe4cf1f71c341bf554010611e9fd46f36f1fe)
[92mINFO [0m:      Received successfully
[92mINFO [0m:      Start `flwr-clientapp` process
[pipeline] conectando ao banco: postgresql://mosaicfl:senhaForte@localhost:5433/mo...
[pipeline] conexão OK
[pipeline] executando query (max_seq_len=128 — pode levar alguns minutos)...
[pipeline] query concluída em 7.3s — 1,518,538 linhas
[pipeline] filtrado para hospital_id='BPSP' — 1,518,538 linhas
[pipeline] 28,599 atendimentos únicos encontrados
[pipeline] usando vocabulário pré-compartilhado — 38 tokens
[pipeline] construindo tensores para 28,599 sequências...
[pipeline] tensores: 2,859/28,599 (10%)
[pipeline] tensores: 5,718/28,599 (20%)
[pipeline] tensores: 8,577/28,599 (30%)
[pipeline] tensores: 11,436/28,599 (40%)
[pipeline] tensores: 14,295/28,599 (50%)
[pipeline] tensores: 17,154/28,599 (60%)
[pipeline] tensores: 20,013/28,599 (70%)
[pipeline] tensores: 22,872/28,599 (80%)
[pipeline] tensores: 25,731/28,599 (90%)
[pipeline] tensores: 28,590/28,599 (100%)
[pipeline] tensores prontos em 3.6s
[pipeline] concluído em 11.2s total — 28,599 pacientes | dist={0: 15892, 1: 318, 2: 120, 3: 9448, 4: 2821} | demográficos: age_mean=0.51 sex_M=13664/28599
[92mINFO [0m:      
[92mINFO [0m:      
[92mINFO [0m:      [RUN 11015978281961309996, ROUND 1]
[92mINFO [0m:      Sending: train message (ID: ac60e07baba3e635e5622db661f80fa43bb58f5f38c66238e854ebf0e1a9a6e7)
[92mINFO [0m:      Sent successfully
[92mINFO [0m:      
[92mINFO [0m:      [RUN 3591260134850782199, ROUND 1]
[92mINFO [0m:      Receiving: train message (ID: f250bb1168e12ecde66becc64c2fd804618e58e0e4cfbefb917e6c77744dc4dc)
[92mINFO [0m:      Received successfully
[92mINFO [0m:      Start `flwr-clientapp` process
[pipeline] conectando ao banco: postgresql://mosaicfl:senhaForte@localhost:5433/mo...
[pipeline] conexão OK
[pipeline] executando query (max_seq_len=128 — pode levar alguns minutos)...
[pipeline] query concluída em 7.3s — 1,518,538 linhas
[pipeline] filtrado para hospital_id='BPSP' — 1,518,538 linhas
[pipeline] 28,599 atendimentos únicos encontrados
[pipeline] usando vocabulário pré-compartilhado — 38 tokens
[pipeline] construindo tensores para 28,599 sequências...
[pipeline] tensores: 2,859/28,599 (10%)
[pipeline] tensores: 5,718/28,599 (20%)
[pipeline] tensores: 8,577/28,599 (30%)
[pipeline] tensores: 11,436/28,599 (40%)
[pipeline] tensores: 14,295/28,599 (50%)
[pipeline] tensores: 17,154/28,599 (60%)
[pipeline] tensores: 20,013/28,599 (70%)
[pipeline] tensores: 22,872/28,599 (80%)
[pipeline] tensores: 25,731/28,599 (90%)
[pipeline] tensores: 28,590/28,599 (100%)
[pipeline] tensores prontos em 3.6s
[pipeline] concluído em 11.2s total — 28,599 pacientes | dist={0: 15892, 1: 318, 2: 120, 3: 9448, 4: 2821} | demográficos: age_mean=0.51 sex_M=13664/28599
[92mINFO [0m:      
[92mINFO [0m:      
[92mINFO [0m:      [RUN 3591260134850782199, ROUND 1]
[92mINFO [0m:      Sending: train message (ID: 63844c7adeecb1209348822b08cbfe79e93213a9502e98569f22d16a28759496)
[92mINFO [0m:      Sent successfully
[92mINFO [0m:      
[92mINFO [0m:      [RUN 7401215342062595854, ROUND 1]
[92mINFO [0m:      Receiving: train message (ID: ad4fd6e8dac58cb73bb4e1ecb94ff8a6683cd93a01e5e9c73578430299f8a760)
[92mINFO [0m:      Received successfully
[92mINFO [0m:      Start `flwr-clientapp` process
[pipeline] conectando ao banco: postgresql://mosaicfl:senhaForte@localhost:5433/mo...
[pipeline] conexão OK
[pipeline] executando query (max_seq_len=128 — pode levar alguns minutos)...
[pipeline] query concluída em 7.2s — 1,518,538 linhas
[pipeline] filtrado para hospital_id='BPSP' — 1,518,538 linhas
[pipeline] 28,599 atendimentos únicos encontrados
[pipeline] usando vocabulário pré-compartilhado — 38 tokens
[pipeline] construindo tensores para 28,599 sequências...
[pipeline] tensores: 2,859/28,599 (10%)
[pipeline] tensores: 5,718/28,599 (20%)
[pipeline] tensores: 8,577/28,599 (30%)
[pipeline] tensores: 11,436/28,599 (40%)
[pipeline] tensores: 14,295/28,599 (50%)
[pipeline] tensores: 17,154/28,599 (60%)
[pipeline] tensores: 20,013/28,599 (70%)
[pipeline] tensores: 22,872/28,599 (80%)
[pipeline] tensores: 25,731/28,599 (90%)
[pipeline] tensores: 28,590/28,599 (100%)
[pipeline] tensores prontos em 3.6s
[pipeline] concluído em 11.2s total — 28,599 pacientes | dist={0: 15892, 1: 318, 2: 120, 3: 9448, 4: 2821} | demográficos: age_mean=0.51 sex_M=13664/28599
[92mINFO [0m:      
[92mINFO [0m:      
[92mINFO [0m:      [RUN 7401215342062595854, ROUND 1]
[92mINFO [0m:      Sending: train message (ID: 09d7850ab70c110345ff4c343d00f7ad8b4e4b6330a4b2675c493dc6ed8111fa)
[92mINFO [0m:      Sent successfully
[92mINFO [0m:      
[92mINFO [0m:      [RUN 9401433704951129870]
[92mINFO [0m:      Receiving: get_parameters message (ID: 5c061dec9f13392c5def803032181f6191516ab6c745c9b895be864086d76a42)
[92mINFO [0m:      Received successfully
[92mINFO [0m:      Start `flwr-clientapp` process
[92mINFO [0m:      
[92mINFO [0m:      
[92mINFO [0m:      [RUN 9401433704951129870]
[92mINFO [0m:      Sending: get_parameters message (ID: 76dcee5ad812d356499db742bb5de662f344139f2d9893166613ece09dde373b)
[92mINFO [0m:      Sent successfully
[92mINFO [0m:      
[92mINFO [0m:      [RUN 9401433704951129870, ROUND 1]
[92mINFO [0m:      Receiving: train message (ID: 5aff2d35f7e48516a9c169c5a6c92a3ccfa23501523f77de2ceada0f2b813c50)
[92mINFO [0m:      Received successfully
[92mINFO [0m:      Start `flwr-clientapp` process
[pipeline] conectando ao banco: postgresql://mosaicfl:senhaForte@localhost:5433/mo...
[pipeline] conexão OK
[pipeline] executando query (max_seq_len=128 — pode levar alguns minutos)...
[pipeline] query concluída em 7.3s — 1,518,538 linhas
[pipeline] filtrado para hospital_id='BPSP' — 1,518,538 linhas
[pipeline] 28,599 atendimentos únicos encontrados
[pipeline] usando vocabulário pré-compartilhado — 38 tokens
[pipeline] construindo tensores para 28,599 sequências...
[pipeline] tensores: 2,859/28,599 (10%)
[pipeline] tensores: 5,718/28,599 (20%)
[pipeline] tensores: 8,577/28,599 (30%)
[pipeline] tensores: 11,436/28,599 (40%)
[pipeline] tensores: 14,295/28,599 (50%)
[pipeline] tensores: 17,154/28,599 (60%)
[pipeline] tensores: 20,013/28,599 (70%)
[pipeline] tensores: 22,872/28,599 (80%)
[pipeline] tensores: 25,731/28,599 (90%)
[pipeline] tensores: 28,590/28,599 (100%)
[pipeline] tensores prontos em 3.6s
[pipeline] concluído em 11.3s total — 28,599 pacientes | dist={0: 15892, 1: 318, 2: 120, 3: 9448, 4: 2821} | demográficos: age_mean=0.51 sex_M=13664/28599
[92mINFO [0m:      
[92mINFO [0m:      
[92mINFO [0m:      [RUN 9401433704951129870, ROUND 1]
[92mINFO [0m:      Sending: train message (ID: 9631274a748d98a42538a1fc4fc973ceb0b7e8c32cb9d185a55a48226cbc0a40)
[92mINFO [0m:      Sent successfully
