╭────────────────── Update available ───────────────────╮
│ A newer Flower version is available: 1.30.0 -> 1.32.1 │
│ Upgrade: python -m pip install -U flwr                │
╰───────────────────────────────────────────────────────╯
[92mINFO [0m:      Starting Flower SuperNode
[92mINFO [0m:      Flower Deployment Runtime: Starting ClientAppIo API on 0.0.0.0:9094
[92mINFO [0m:      SuperNode ID: 3062424031156861642
[92mINFO [0m:      Starting Flower SuperExec
[92mINFO [0m:      
[92mINFO [0m:      [RUN 2061683126687849565]
[92mINFO [0m:      Receiving: get_parameters message (ID: e8f0e345416b0517eb063d0f85a3900bef1c3bb90b94925749dd9df1559ef134)
[92mINFO [0m:      Received successfully
[92mINFO [0m:      Start `flwr-clientapp` process
Successfully installed mosaicfl to /home/jacabreu/.flwr/apps/mosaic-fl.mosaicfl.0.2.0.9a5abbec.
[SGBD] standard_vocab.json não encontrado — vocab será construído localmente. Execute scripts/build_standard_vocab.py antes do treinamento federado em produção.
[pipeline] conectando ao banco: postgresql://mosaicfl:senhaForte@localhost:5432/mo...
[pipeline] conexão OK
[pipeline] executando query (max_seq_len=128 — pode levar alguns minutos)...
[pipeline] query concluída em 0.0s — 0 linhas
[91mERROR [0m:     ClientApp raised an exception
Traceback (most recent call last):
  File "/home/jacabreu/studies/usp/tcc/mosaic-fl/.venv/lib/python3.12/site-packages/flwr/supernode/runtime/run_clientapp.py", line 173, in run_clientapp
    reply_message = client_app(message=message, context=context)
                    ^^^^^^^^^^^^^^^^^^^^^^^^^^^^^^^^^^^^^^^^^^^^
  File "/home/jacabreu/studies/usp/tcc/mosaic-fl/.venv/lib/python3.12/site-packages/flwr/clientapp/client_app.py", line 144, in __call__
    return self._call(message, context)
           ^^^^^^^^^^^^^^^^^^^^^^^^^^^^
  File "/home/jacabreu/studies/usp/tcc/mosaic-fl/.venv/lib/python3.12/site-packages/flwr/clientapp/client_app.py", line 128, in ffn
    out_message = handle_legacy_message_from_msgtype(
                  ^^^^^^^^^^^^^^^^^^^^^^^^^^^^^^^^^^^
  File "/home/jacabreu/studies/usp/tcc/mosaic-fl/.venv/lib/python3.12/site-packages/flwr/client/message_handler/message_handler.py", line 97, in handle_legacy_message_from_msgtype
    client = client_fn(context)
             ^^^^^^^^^^^^^^^^^^
  File "/home/jacabreu/.flwr/apps/mosaic-fl.mosaicfl.0.2.0.9a5abbec/infrastructure/mosaicfl_client/runner/supernode.py", line 45, in _client_fn
    _loader_cache[cache_key] = _split_loader(source.load())
                                             ^^^^^^^^^^^^^
  File "/home/jacabreu/.flwr/apps/mosaic-fl.mosaicfl.0.2.0.9a5abbec/infrastructure/mosaicfl_client/datasource/sgbd.py", line 106, in load
    sequences, labels, vocab = pipeline.build(vocab=standard_vocab)
                               ^^^^^^^^^^^^^^^^^^^^^^^^^^^^^^^^^^^^
  File "/home/jacabreu/studies/usp/tcc/mosaic-fl/src/mosaicfl/core/preprocessor/sequence_pipeline.py", line 183, in build
    df = self._load_dataframe()
         ^^^^^^^^^^^^^^^^^^^^^^
  File "/home/jacabreu/studies/usp/tcc/mosaic-fl/src/mosaicfl/core/preprocessor/sequence_pipeline.py", line 291, in _load_dataframe
    raise RuntimeError(
RuntimeError: Nenhum registro retornado. Verifique connection_string e o schema do banco.
[92mINFO [0m:      
[92mINFO [0m:      [RUN 2061683126687849565]
[92mINFO [0m:      Sending: get_parameters message (ID: 108fdfc5021c7217bd4d01da573749556a21a85c4cfc46b6437a904dbf6a6142)
[92mINFO [0m:      Sent successfully
[92mINFO [0m:      
